<?xml version="1.0" encoding="UTF-8"?>
<testsuite name="com.kodilla.spring.reader.ReaderTestSuite" tests="2" skipped="0" failures="0" errors="0" timestamp="2018-11-28T19:12:47" hostname="youknownothing" time="0.032">
  <properties/>
  <testcase name="testRead" classname="com.kodilla.spring.reader.ReaderTestSuite" time="0.019"/>
  <testcase name="testConditional" classname="com.kodilla.spring.reader.ReaderTestSuite" time="0.012"/>
  <system-out><![CDATA[Reading: The book number one
Bean book2 was found in the container: false
]]></system-out>
  <system-err><![CDATA[]]></system-err>
</testsuite>
