<?xml version="1.0" encoding="UTF-8"?>
<testsuite name="com.kodilla.spring.portfolio.BoardTestSuite" tests="1" skipped="0" failures="0" errors="0" timestamp="2018-11-28T19:12:47" hostname="youknownothing" time="0.28">
  <properties/>
  <testcase name="testTaskAdd" classname="com.kodilla.spring.portfolio.BoardTestSuite" time="0.28"/>
  <system-out><![CDATA[Board before additions:  Board {toDoList ={tasks=[]}, inProgressList ={tasks=[]}, doneList ={tasks=[]}}
Board after additions:  Board {toDoList ={tasks=[My task 1]}, inProgressList ={tasks=[My task 2]}, doneList ={tasks=[My task 3]}}
]]></system-out>
  <system-err><![CDATA[]]></system-err>
</testsuite>
