<?xml version="1.0" encoding="UTF-8"?>
<testsuite name="com.kodilla.testing.collection.CollectionTestSuite" tests="2" skipped="0" failures="0" errors="0" timestamp="2018-11-05T19:32:18" hostname="youknownothing" time="0.018">
  <properties/>
  <testcase name="testOddNumbersExterminatorEmptyList" classname="com.kodilla.testing.collection.CollectionTestSuite" time="0.016"/>
  <testcase name="testOddNumbersExterminatorNormalList" classname="com.kodilla.testing.collection.CollectionTestSuite" time="0.001"/>
  <system-out><![CDATA[Test Case: begin
Testing empty list of numbers...
Test Case: end
Test Case: begin
Testing non-empty list of numbers...
Test Case: end
]]></system-out>
  <system-err><![CDATA[]]></system-err>
</testsuite>
