<?xml version="1.0" encoding="UTF-8"?>
<testsuite name="com.kodilla.hibernate.manytomany.dao.CompanyDaoTestSuite" tests="3" skipped="0" failures="0" errors="0" timestamp="2019-02-27T15:46:42" hostname="youknownothing" time="0.35">
  <properties/>
  <testcase name="testFindEmployee" classname="com.kodilla.hibernate.manytomany.dao.CompanyDaoTestSuite" time="0.161"/>
  <testcase name="testSaveManyToMany" classname="com.kodilla.hibernate.manytomany.dao.CompanyDaoTestSuite" time="0.109"/>
  <testcase name="testFindCompany" classname="com.kodilla.hibernate.manytomany.dao.CompanyDaoTestSuite" time="0.076"/>
  <system-out><![CDATA[2019-02-27 16:46:42.342  INFO 11876 --- [    Test worker] .b.t.c.SpringBootTestContextBootstrapper : Neither @ContextConfiguration nor @ContextHierarchy found for test class [com.kodilla.hibernate.manytomany.dao.CompanyDaoTestSuite], using SpringBootContextLoader
2019-02-27 16:46:42.345  INFO 11876 --- [    Test worker] o.s.t.c.support.AbstractContextLoader    : Could not detect default resource locations for test class [com.kodilla.hibernate.manytomany.dao.CompanyDaoTestSuite]: no resource found for suffixes {-context.xml, Context.groovy}.
2019-02-27 16:46:42.345  INFO 11876 --- [    Test worker] t.c.s.AnnotationConfigContextLoaderUtils : Could not detect default configuration classes for test class [com.kodilla.hibernate.manytomany.dao.CompanyDaoTestSuite]: CompanyDaoTestSuite does not declare any static, non-private, non-final, nested classes annotated with @Configuration.
2019-02-27 16:46:42.370  INFO 11876 --- [    Test worker] .b.t.c.SpringBootTestContextBootstrapper : Found @SpringBootConfiguration com.kodilla.hibernate.KodillaHibernateApplication for test class com.kodilla.hibernate.manytomany.dao.CompanyDaoTestSuite
2019-02-27 16:46:42.385  INFO 11876 --- [    Test worker] .b.t.c.SpringBootTestContextBootstrapper : Loaded default TestExecutionListener class names from location [META-INF/spring.factories]: [org.springframework.boot.test.autoconfigure.restdocs.RestDocsTestExecutionListener, org.springframework.boot.test.autoconfigure.web.client.MockRestServiceServerResetTestExecutionListener, org.springframework.boot.test.autoconfigure.web.servlet.MockMvcPrintOnlyOnFailureTestExecutionListener, org.springframework.boot.test.autoconfigure.web.servlet.WebDriverTestExecutionListener, org.springframework.boot.test.mock.mockito.MockitoTestExecutionListener, org.springframework.boot.test.mock.mockito.ResetMocksTestExecutionListener, org.springframework.test.context.web.ServletTestExecutionListener, org.springframework.test.context.support.DirtiesContextBeforeModesTestExecutionListener, org.springframework.test.context.support.DependencyInjectionTestExecutionListener, org.springframework.test.context.support.DirtiesContextTestExecutionListener, org.springframework.test.context.transaction.TransactionalTestExecutionListener, org.springframework.test.context.jdbc.SqlScriptsTestExecutionListener]
2019-02-27 16:46:42.398  INFO 11876 --- [    Test worker] .b.t.c.SpringBootTestContextBootstrapper : Using TestExecutionListeners: [org.springframework.test.context.support.DirtiesContextBeforeModesTestExecutionListener@50ef5087, org.springframework.boot.test.mock.mockito.MockitoTestExecutionListener@3b662a1, org.springframework.boot.test.autoconfigure.SpringBootDependencyInjectionTestExecutionListener@4a2e8dd6, org.springframework.test.context.support.DirtiesContextTestExecutionListener@4f2ab4b7, org.springframework.test.context.transaction.TransactionalTestExecutionListener@65ebaebd, org.springframework.test.context.jdbc.SqlScriptsTestExecutionListener@55f86bcb, org.springframework.boot.test.autoconfigure.restdocs.RestDocsTestExecutionListener@6b860c9f, org.springframework.boot.test.autoconfigure.web.client.MockRestServiceServerResetTestExecutionListener@71939254, org.springframework.boot.test.autoconfigure.web.servlet.MockMvcPrintOnlyOnFailureTestExecutionListener@4935449d, org.springframework.boot.test.autoconfigure.web.servlet.WebDriverTestExecutionListener@5f85d843, org.springframework.boot.test.mock.mockito.ResetMocksTestExecutionListener@4bcc5d8]
2019-02-27 16:46:42.428  INFO 11876 --- [    Test worker] o.s.t.c.transaction.TransactionContext   : Began transaction (1) for test context [DefaultTestContext@2254d055 testClass = CompanyDaoTestSuite, testInstance = com.kodilla.hibernate.manytomany.dao.CompanyDaoTestSuite@4fa6c4f8, testMethod = testFindEmployee@CompanyDaoTestSuite, testException = [null], mergedContextConfiguration = [MergedContextConfiguration@6950e629 testClass = CompanyDaoTestSuite, locations = '{}', classes = '{class com.kodilla.hibernate.KodillaHibernateApplication}', contextInitializerClasses = '[]', activeProfiles = '{}', propertySourceLocations = '{}', propertySourceProperties = '{org.springframework.boot.test.context.SpringBootTestContextBootstrapper=true}', contextCustomizers = set[org.springframework.boot.test.autoconfigure.properties.PropertyMappingContextCustomizer@0, org.springframework.boot.test.autoconfigure.web.servlet.WebDriverContextCustomizerFactory$Customizer@145bb0d, org.springframework.boot.test.context.SpringBootTestContextCustomizer@79a63146, org.springframework.boot.test.context.filter.ExcludeFilterContextCustomizer@714b5521, org.springframework.boot.test.json.DuplicateJsonObjectContextCustomizerFactory$DuplicateJsonObjectContextCustomizer@7a3c373b, org.springframework.boot.test.mock.mockito.MockitoContextCustomizer@0], contextLoader = 'org.springframework.boot.test.context.SpringBootContextLoader', parent = [null]]]; transaction manager [org.springframework.orm.jpa.JpaTransactionManager@4c5372d9]; rollback [true]
Hibernate: insert into employees (firstname, lastname) values (?, ?)
Hibernate: insert into employees (firstname, lastname) values (?, ?)
Hibernate: insert into employees (firstname, lastname) values (?, ?)
Hibernate: insert into employees (firstname, lastname) values (?, ?)
Hibernate: select employee0_.employee_id as employee1_1_, employee0_.firstname as firstnam2_1_, employee0_.lastname as lastname3_1_ from employees employee0_ where employee0_.lastname=?
2019-02-27 16:46:42.584  INFO 11876 --- [    Test worker] o.s.t.c.transaction.TransactionContext   : Rolled back transaction for test: [DefaultTestContext@2254d055 testClass = CompanyDaoTestSuite, testInstance = com.kodilla.hibernate.manytomany.dao.CompanyDaoTestSuite@4fa6c4f8, testMethod = testFindEmployee@CompanyDaoTestSuite, testException = [null], mergedContextConfiguration = [MergedContextConfiguration@6950e629 testClass = CompanyDaoTestSuite, locations = '{}', classes = '{class com.kodilla.hibernate.KodillaHibernateApplication}', contextInitializerClasses = '[]', activeProfiles = '{}', propertySourceLocations = '{}', propertySourceProperties = '{org.springframework.boot.test.context.SpringBootTestContextBootstrapper=true}', contextCustomizers = set[org.springframework.boot.test.autoconfigure.properties.PropertyMappingContextCustomizer@0, org.springframework.boot.test.autoconfigure.web.servlet.WebDriverContextCustomizerFactory$Customizer@145bb0d, org.springframework.boot.test.context.SpringBootTestContextCustomizer@79a63146, org.springframework.boot.test.context.filter.ExcludeFilterContextCustomizer@714b5521, org.springframework.boot.test.json.DuplicateJsonObjectContextCustomizerFactory$DuplicateJsonObjectContextCustomizer@7a3c373b, org.springframework.boot.test.mock.mockito.MockitoContextCustomizer@0], contextLoader = 'org.springframework.boot.test.context.SpringBootContextLoader', parent = [null]]]
2019-02-27 16:46:42.589  INFO 11876 --- [    Test worker] o.s.t.c.transaction.TransactionContext   : Began transaction (1) for test context [DefaultTestContext@2254d055 testClass = CompanyDaoTestSuite, testInstance = com.kodilla.hibernate.manytomany.dao.CompanyDaoTestSuite@7cdf2dd3, testMethod = testSaveManyToMany@CompanyDaoTestSuite, testException = [null], mergedContextConfiguration = [MergedContextConfiguration@6950e629 testClass = CompanyDaoTestSuite, locations = '{}', classes = '{class com.kodilla.hibernate.KodillaHibernateApplication}', contextInitializerClasses = '[]', activeProfiles = '{}', propertySourceLocations = '{}', propertySourceProperties = '{org.springframework.boot.test.context.SpringBootTestContextBootstrapper=true}', contextCustomizers = set[org.springframework.boot.test.autoconfigure.properties.PropertyMappingContextCustomizer@0, org.springframework.boot.test.autoconfigure.web.servlet.WebDriverContextCustomizerFactory$Customizer@145bb0d, org.springframework.boot.test.context.SpringBootTestContextCustomizer@79a63146, org.springframework.boot.test.context.filter.ExcludeFilterContextCustomizer@714b5521, org.springframework.boot.test.json.DuplicateJsonObjectContextCustomizerFactory$DuplicateJsonObjectContextCustomizer@7a3c373b, org.springframework.boot.test.mock.mockito.MockitoContextCustomizer@0], contextLoader = 'org.springframework.boot.test.context.SpringBootContextLoader', parent = [null]]]; transaction manager [org.springframework.orm.jpa.JpaTransactionManager@4c5372d9]; rollback [true]
Hibernate: insert into companies (company_name) values (?)
Hibernate: insert into employees (firstname, lastname) values (?, ?)
Hibernate: insert into companies (company_name) values (?)
Hibernate: insert into employees (firstname, lastname) values (?, ?)
Hibernate: insert into companies (company_name) values (?)
Hibernate: insert into employees (firstname, lastname) values (?, ?)
2019-02-27 16:46:42.696  INFO 11876 --- [    Test worker] o.s.t.c.transaction.TransactionContext   : Rolled back transaction for test: [DefaultTestContext@2254d055 testClass = CompanyDaoTestSuite, testInstance = com.kodilla.hibernate.manytomany.dao.CompanyDaoTestSuite@7cdf2dd3, testMethod = testSaveManyToMany@CompanyDaoTestSuite, testException = [null], mergedContextConfiguration = [MergedContextConfiguration@6950e629 testClass = CompanyDaoTestSuite, locations = '{}', classes = '{class com.kodilla.hibernate.KodillaHibernateApplication}', contextInitializerClasses = '[]', activeProfiles = '{}', propertySourceLocations = '{}', propertySourceProperties = '{org.springframework.boot.test.context.SpringBootTestContextBootstrapper=true}', contextCustomizers = set[org.springframework.boot.test.autoconfigure.properties.PropertyMappingContextCustomizer@0, org.springframework.boot.test.autoconfigure.web.servlet.WebDriverContextCustomizerFactory$Customizer@145bb0d, org.springframework.boot.test.context.SpringBootTestContextCustomizer@79a63146, org.springframework.boot.test.context.filter.ExcludeFilterContextCustomizer@714b5521, org.springframework.boot.test.json.DuplicateJsonObjectContextCustomizerFactory$DuplicateJsonObjectContextCustomizer@7a3c373b, org.springframework.boot.test.mock.mockito.MockitoContextCustomizer@0], contextLoader = 'org.springframework.boot.test.context.SpringBootContextLoader', parent = [null]]]
2019-02-27 16:46:42.701  INFO 11876 --- [    Test worker] o.s.t.c.transaction.TransactionContext   : Began transaction (1) for test context [DefaultTestContext@2254d055 testClass = CompanyDaoTestSuite, testInstance = com.kodilla.hibernate.manytomany.dao.CompanyDaoTestSuite@e2a0836, testMethod = testFindCompany@CompanyDaoTestSuite, testException = [null], mergedContextConfiguration = [MergedContextConfiguration@6950e629 testClass = CompanyDaoTestSuite, locations = '{}', classes = '{class com.kodilla.hibernate.KodillaHibernateApplication}', contextInitializerClasses = '[]', activeProfiles = '{}', propertySourceLocations = '{}', propertySourceProperties = '{org.springframework.boot.test.context.SpringBootTestContextBootstrapper=true}', contextCustomizers = set[org.springframework.boot.test.autoconfigure.properties.PropertyMappingContextCustomizer@0, org.springframework.boot.test.autoconfigure.web.servlet.WebDriverContextCustomizerFactory$Customizer@145bb0d, org.springframework.boot.test.context.SpringBootTestContextCustomizer@79a63146, org.springframework.boot.test.context.filter.ExcludeFilterContextCustomizer@714b5521, org.springframework.boot.test.json.DuplicateJsonObjectContextCustomizerFactory$DuplicateJsonObjectContextCustomizer@7a3c373b, org.springframework.boot.test.mock.mockito.MockitoContextCustomizer@0], contextLoader = 'org.springframework.boot.test.context.SpringBootContextLoader', parent = [null]]]; transaction manager [org.springframework.orm.jpa.JpaTransactionManager@4c5372d9]; rollback [true]
Hibernate: insert into companies (company_name) values (?)
Hibernate: insert into companies (company_name) values (?)
Hibernate: insert into companies (company_name) values (?)
Hibernate: SELECT * FROM COMPANIES WHERE COMPANY_NAME LIKE ?
2019-02-27 16:46:42.774  INFO 11876 --- [    Test worker] o.s.t.c.transaction.TransactionContext   : Rolled back transaction for test: [DefaultTestContext@2254d055 testClass = CompanyDaoTestSuite, testInstance = com.kodilla.hibernate.manytomany.dao.CompanyDaoTestSuite@e2a0836, testMethod = testFindCompany@CompanyDaoTestSuite, testException = [null], mergedContextConfiguration = [MergedContextConfiguration@6950e629 testClass = CompanyDaoTestSuite, locations = '{}', classes = '{class com.kodilla.hibernate.KodillaHibernateApplication}', contextInitializerClasses = '[]', activeProfiles = '{}', propertySourceLocations = '{}', propertySourceProperties = '{org.springframework.boot.test.context.SpringBootTestContextBootstrapper=true}', contextCustomizers = set[org.springframework.boot.test.autoconfigure.properties.PropertyMappingContextCustomizer@0, org.springframework.boot.test.autoconfigure.web.servlet.WebDriverContextCustomizerFactory$Customizer@145bb0d, org.springframework.boot.test.context.SpringBootTestContextCustomizer@79a63146, org.springframework.boot.test.context.filter.ExcludeFilterContextCustomizer@714b5521, org.springframework.boot.test.json.DuplicateJsonObjectContextCustomizerFactory$DuplicateJsonObjectContextCustomizer@7a3c373b, org.springframework.boot.test.mock.mockito.MockitoContextCustomizer@0], contextLoader = 'org.springframework.boot.test.context.SpringBootContextLoader', parent = [null]]]
]]></system-out>
  <system-err><![CDATA[]]></system-err>
</testsuite>
