<?xml version="1.0" encoding="UTF-8"?>
<testsuite name="com.kodilla.hibernate.manytomany.facade.FacadeNameQuaryTestSuite" tests="2" skipped="0" failures="0" errors="0" timestamp="2019-03-21T16:45:53" hostname="youknownothing" time="0.13">
  <properties/>
  <testcase name="testFacadeFindEmployeeName" classname="com.kodilla.hibernate.manytomany.facade.FacadeNameQuaryTestSuite" time="0.082"/>
  <testcase name="testFacadeFindCompanyName" classname="com.kodilla.hibernate.manytomany.facade.FacadeNameQuaryTestSuite" time="0.046"/>
  <system-out><![CDATA[2019-03-21 17:45:53.786  INFO 12680 --- [    Test worker] .b.t.c.SpringBootTestContextBootstrapper : Neither @ContextConfiguration nor @ContextHierarchy found for test class [com.kodilla.hibernate.manytomany.facade.FacadeNameQuaryTestSuite], using SpringBootContextLoader
2019-03-21 17:45:53.786  INFO 12680 --- [    Test worker] o.s.t.c.support.AbstractContextLoader    : Could not detect default resource locations for test class [com.kodilla.hibernate.manytomany.facade.FacadeNameQuaryTestSuite]: no resource found for suffixes {-context.xml, Context.groovy}.
2019-03-21 17:45:53.786  INFO 12680 --- [    Test worker] t.c.s.AnnotationConfigContextLoaderUtils : Could not detect default configuration classes for test class [com.kodilla.hibernate.manytomany.facade.FacadeNameQuaryTestSuite]: FacadeNameQuaryTestSuite does not declare any static, non-private, non-final, nested classes annotated with @Configuration.
2019-03-21 17:45:53.818  INFO 12680 --- [    Test worker] .b.t.c.SpringBootTestContextBootstrapper : Found @SpringBootConfiguration com.kodilla.hibernate.KodillaHibernateApplication for test class com.kodilla.hibernate.manytomany.facade.FacadeNameQuaryTestSuite
2019-03-21 17:45:53.833  INFO 12680 --- [    Test worker] .b.t.c.SpringBootTestContextBootstrapper : Loaded default TestExecutionListener class names from location [META-INF/spring.factories]: [org.springframework.boot.test.autoconfigure.restdocs.RestDocsTestExecutionListener, org.springframework.boot.test.autoconfigure.web.client.MockRestServiceServerResetTestExecutionListener, org.springframework.boot.test.autoconfigure.web.servlet.MockMvcPrintOnlyOnFailureTestExecutionListener, org.springframework.boot.test.autoconfigure.web.servlet.WebDriverTestExecutionListener, org.springframework.boot.test.mock.mockito.MockitoTestExecutionListener, org.springframework.boot.test.mock.mockito.ResetMocksTestExecutionListener, org.springframework.test.context.web.ServletTestExecutionListener, org.springframework.test.context.support.DirtiesContextBeforeModesTestExecutionListener, org.springframework.test.context.support.DependencyInjectionTestExecutionListener, org.springframework.test.context.support.DirtiesContextTestExecutionListener, org.springframework.test.context.transaction.TransactionalTestExecutionListener, org.springframework.test.context.jdbc.SqlScriptsTestExecutionListener]
2019-03-21 17:45:53.833  INFO 12680 --- [    Test worker] .b.t.c.SpringBootTestContextBootstrapper : Using TestExecutionListeners: [org.springframework.test.context.support.DirtiesContextBeforeModesTestExecutionListener@6f599004, org.springframework.boot.test.mock.mockito.MockitoTestExecutionListener@1f2589b4, org.springframework.boot.test.autoconfigure.SpringBootDependencyInjectionTestExecutionListener@7803da5d, org.springframework.test.context.support.DirtiesContextTestExecutionListener@7587faf, org.springframework.test.context.transaction.TransactionalTestExecutionListener@242206f0, org.springframework.test.context.jdbc.SqlScriptsTestExecutionListener@17f943e9, org.springframework.boot.test.autoconfigure.restdocs.RestDocsTestExecutionListener@71ceb279, org.springframework.boot.test.autoconfigure.web.client.MockRestServiceServerResetTestExecutionListener@352f1ee8, org.springframework.boot.test.autoconfigure.web.servlet.MockMvcPrintOnlyOnFailureTestExecutionListener@10e8b3b, org.springframework.boot.test.autoconfigure.web.servlet.WebDriverTestExecutionListener@5cb566f8, org.springframework.boot.test.mock.mockito.ResetMocksTestExecutionListener@58ec4a6d]
2019-03-21 17:45:53.849  INFO 12680 --- [    Test worker] o.s.t.c.transaction.TransactionContext   : Began transaction (1) for test context [DefaultTestContext@5e346c11 testClass = FacadeNameQuaryTestSuite, testInstance = com.kodilla.hibernate.manytomany.facade.FacadeNameQuaryTestSuite@16d048be, testMethod = testFacadeFindEmployeeName@FacadeNameQuaryTestSuite, testException = [null], mergedContextConfiguration = [MergedContextConfiguration@1579c7c6 testClass = FacadeNameQuaryTestSuite, locations = '{}', classes = '{class com.kodilla.hibernate.KodillaHibernateApplication}', contextInitializerClasses = '[]', activeProfiles = '{}', propertySourceLocations = '{}', propertySourceProperties = '{org.springframework.boot.test.context.SpringBootTestContextBootstrapper=true}', contextCustomizers = set[org.springframework.boot.test.autoconfigure.properties.PropertyMappingContextCustomizer@0, org.springframework.boot.test.autoconfigure.web.servlet.WebDriverContextCustomizerFactory$Customizer@fe21fc5, org.springframework.boot.test.context.SpringBootTestContextCustomizer@2c243b10, org.springframework.boot.test.context.filter.ExcludeFilterContextCustomizer@755eb731, org.springframework.boot.test.json.DuplicateJsonObjectContextCustomizerFactory$DuplicateJsonObjectContextCustomizer@7f9c52d8, org.springframework.boot.test.mock.mockito.MockitoContextCustomizer@0], contextLoader = 'org.springframework.boot.test.context.SpringBootContextLoader', parent = [null]]]; transaction manager [org.springframework.orm.jpa.JpaTransactionManager@130264b8]; rollback [true]
Hibernate: insert into employees (firstname, lastname) values (?, ?)
Hibernate: insert into employees (firstname, lastname) values (?, ?)
Hibernate: insert into employees (firstname, lastname) values (?, ?)
Hibernate: insert into employees (firstname, lastname) values (?, ?)
Hibernate: select employee0_.employee_id as employee1_1_, employee0_.firstname as firstnam2_1_, employee0_.lastname as lastname3_1_ from employees employee0_ where employee0_.lastname like concat('%', ?, '%')
2019-03-21 17:45:53.927  INFO 12680 --- [    Test worker] o.s.t.c.transaction.TransactionContext   : Rolled back transaction for test: [DefaultTestContext@5e346c11 testClass = FacadeNameQuaryTestSuite, testInstance = com.kodilla.hibernate.manytomany.facade.FacadeNameQuaryTestSuite@16d048be, testMethod = testFacadeFindEmployeeName@FacadeNameQuaryTestSuite, testException = [null], mergedContextConfiguration = [MergedContextConfiguration@1579c7c6 testClass = FacadeNameQuaryTestSuite, locations = '{}', classes = '{class com.kodilla.hibernate.KodillaHibernateApplication}', contextInitializerClasses = '[]', activeProfiles = '{}', propertySourceLocations = '{}', propertySourceProperties = '{org.springframework.boot.test.context.SpringBootTestContextBootstrapper=true}', contextCustomizers = set[org.springframework.boot.test.autoconfigure.properties.PropertyMappingContextCustomizer@0, org.springframework.boot.test.autoconfigure.web.servlet.WebDriverContextCustomizerFactory$Customizer@fe21fc5, org.springframework.boot.test.context.SpringBootTestContextCustomizer@2c243b10, org.springframework.boot.test.context.filter.ExcludeFilterContextCustomizer@755eb731, org.springframework.boot.test.json.DuplicateJsonObjectContextCustomizerFactory$DuplicateJsonObjectContextCustomizer@7f9c52d8, org.springframework.boot.test.mock.mockito.MockitoContextCustomizer@0], contextLoader = 'org.springframework.boot.test.context.SpringBootContextLoader', parent = [null]]]
2019-03-21 17:45:53.943  INFO 12680 --- [    Test worker] o.s.t.c.transaction.TransactionContext   : Began transaction (1) for test context [DefaultTestContext@5e346c11 testClass = FacadeNameQuaryTestSuite, testInstance = com.kodilla.hibernate.manytomany.facade.FacadeNameQuaryTestSuite@50b07b61, testMethod = testFacadeFindCompanyName@FacadeNameQuaryTestSuite, testException = [null], mergedContextConfiguration = [MergedContextConfiguration@1579c7c6 testClass = FacadeNameQuaryTestSuite, locations = '{}', classes = '{class com.kodilla.hibernate.KodillaHibernateApplication}', contextInitializerClasses = '[]', activeProfiles = '{}', propertySourceLocations = '{}', propertySourceProperties = '{org.springframework.boot.test.context.SpringBootTestContextBootstrapper=true}', contextCustomizers = set[org.springframework.boot.test.autoconfigure.properties.PropertyMappingContextCustomizer@0, org.springframework.boot.test.autoconfigure.web.servlet.WebDriverContextCustomizerFactory$Customizer@fe21fc5, org.springframework.boot.test.context.SpringBootTestContextCustomizer@2c243b10, org.springframework.boot.test.context.filter.ExcludeFilterContextCustomizer@755eb731, org.springframework.boot.test.json.DuplicateJsonObjectContextCustomizerFactory$DuplicateJsonObjectContextCustomizer@7f9c52d8, org.springframework.boot.test.mock.mockito.MockitoContextCustomizer@0], contextLoader = 'org.springframework.boot.test.context.SpringBootContextLoader', parent = [null]]]; transaction manager [org.springframework.orm.jpa.JpaTransactionManager@130264b8]; rollback [true]
Hibernate: insert into companies (company_name) values (?)
Hibernate: insert into companies (company_name) values (?)
Hibernate: insert into companies (company_name) values (?)
Hibernate: SELECT * FROM COMPANIES WHERE COMPANY_NAME LIKE CONCAT ('%', ?, '%')
2019-03-21 17:45:53.980  INFO 12680 --- [    Test worker] o.s.t.c.transaction.TransactionContext   : Rolled back transaction for test: [DefaultTestContext@5e346c11 testClass = FacadeNameQuaryTestSuite, testInstance = com.kodilla.hibernate.manytomany.facade.FacadeNameQuaryTestSuite@50b07b61, testMethod = testFacadeFindCompanyName@FacadeNameQuaryTestSuite, testException = [null], mergedContextConfiguration = [MergedContextConfiguration@1579c7c6 testClass = FacadeNameQuaryTestSuite, locations = '{}', classes = '{class com.kodilla.hibernate.KodillaHibernateApplication}', contextInitializerClasses = '[]', activeProfiles = '{}', propertySourceLocations = '{}', propertySourceProperties = '{org.springframework.boot.test.context.SpringBootTestContextBootstrapper=true}', contextCustomizers = set[org.springframework.boot.test.autoconfigure.properties.PropertyMappingContextCustomizer@0, org.springframework.boot.test.autoconfigure.web.servlet.WebDriverContextCustomizerFactory$Customizer@fe21fc5, org.springframework.boot.test.context.SpringBootTestContextCustomizer@2c243b10, org.springframework.boot.test.context.filter.ExcludeFilterContextCustomizer@755eb731, org.springframework.boot.test.json.DuplicateJsonObjectContextCustomizerFactory$DuplicateJsonObjectContextCustomizer@7f9c52d8, org.springframework.boot.test.mock.mockito.MockitoContextCustomizer@0], contextLoader = 'org.springframework.boot.test.context.SpringBootContextLoader', parent = [null]]]
]]></system-out>
  <system-err><![CDATA[]]></system-err>
</testsuite>
