<?xml version="1.0" encoding="UTF-8"?>
<testsuite name="com.kodilla.hibernate.tasklist.dao.TaskListDaoTestSuite" tests="3" skipped="0" failures="0" errors="0" timestamp="2019-02-27T15:46:43" hostname="youknownothing" time="0.297">
  <properties/>
  <testcase name="testNamedQueries" classname="com.kodilla.hibernate.tasklist.dao.TaskListDaoTestSuite" time="0.119"/>
  <testcase name="testTaskListDaoSaveWithTasks" classname="com.kodilla.hibernate.tasklist.dao.TaskListDaoTestSuite" time="0.109"/>
  <testcase name="testFindByListName" classname="com.kodilla.hibernate.tasklist.dao.TaskListDaoTestSuite" time="0.065"/>
  <system-out><![CDATA[2019-02-27 16:46:43.175  INFO 11876 --- [    Test worker] .b.t.c.SpringBootTestContextBootstrapper : Neither @ContextConfiguration nor @ContextHierarchy found for test class [com.kodilla.hibernate.tasklist.dao.TaskListDaoTestSuite], using SpringBootContextLoader
2019-02-27 16:46:43.176  INFO 11876 --- [    Test worker] o.s.t.c.support.AbstractContextLoader    : Could not detect default resource locations for test class [com.kodilla.hibernate.tasklist.dao.TaskListDaoTestSuite]: no resource found for suffixes {-context.xml, Context.groovy}.
2019-02-27 16:46:43.177  INFO 11876 --- [    Test worker] t.c.s.AnnotationConfigContextLoaderUtils : Could not detect default configuration classes for test class [com.kodilla.hibernate.tasklist.dao.TaskListDaoTestSuite]: TaskListDaoTestSuite does not declare any static, non-private, non-final, nested classes annotated with @Configuration.
2019-02-27 16:46:43.196  INFO 11876 --- [    Test worker] .b.t.c.SpringBootTestContextBootstrapper : Found @SpringBootConfiguration com.kodilla.hibernate.KodillaHibernateApplication for test class com.kodilla.hibernate.tasklist.dao.TaskListDaoTestSuite
2019-02-27 16:46:43.204  INFO 11876 --- [    Test worker] .b.t.c.SpringBootTestContextBootstrapper : Loaded default TestExecutionListener class names from location [META-INF/spring.factories]: [org.springframework.boot.test.autoconfigure.restdocs.RestDocsTestExecutionListener, org.springframework.boot.test.autoconfigure.web.client.MockRestServiceServerResetTestExecutionListener, org.springframework.boot.test.autoconfigure.web.servlet.MockMvcPrintOnlyOnFailureTestExecutionListener, org.springframework.boot.test.autoconfigure.web.servlet.WebDriverTestExecutionListener, org.springframework.boot.test.mock.mockito.MockitoTestExecutionListener, org.springframework.boot.test.mock.mockito.ResetMocksTestExecutionListener, org.springframework.test.context.web.ServletTestExecutionListener, org.springframework.test.context.support.DirtiesContextBeforeModesTestExecutionListener, org.springframework.test.context.support.DependencyInjectionTestExecutionListener, org.springframework.test.context.support.DirtiesContextTestExecutionListener, org.springframework.test.context.transaction.TransactionalTestExecutionListener, org.springframework.test.context.jdbc.SqlScriptsTestExecutionListener]
2019-02-27 16:46:43.210  INFO 11876 --- [    Test worker] .b.t.c.SpringBootTestContextBootstrapper : Using TestExecutionListeners: [org.springframework.test.context.support.DirtiesContextBeforeModesTestExecutionListener@63dfa240, org.springframework.boot.test.mock.mockito.MockitoTestExecutionListener@53ea387d, org.springframework.boot.test.autoconfigure.SpringBootDependencyInjectionTestExecutionListener@1b5d7b84, org.springframework.test.context.support.DirtiesContextTestExecutionListener@387bceab, org.springframework.test.context.transaction.TransactionalTestExecutionListener@26a8a646, org.springframework.test.context.jdbc.SqlScriptsTestExecutionListener@24035b3e, org.springframework.boot.test.autoconfigure.restdocs.RestDocsTestExecutionListener@54729561, org.springframework.boot.test.autoconfigure.web.client.MockRestServiceServerResetTestExecutionListener@329a07d2, org.springframework.boot.test.autoconfigure.web.servlet.MockMvcPrintOnlyOnFailureTestExecutionListener@51631d51, org.springframework.boot.test.autoconfigure.web.servlet.WebDriverTestExecutionListener@6f0776e8, org.springframework.boot.test.mock.mockito.ResetMocksTestExecutionListener@2f1e3ff4]
2019-02-27 16:46:43.233  INFO 11876 --- [    Test worker] o.s.t.c.transaction.TransactionContext   : Began transaction (1) for test context [DefaultTestContext@2441b86 testClass = TaskListDaoTestSuite, testInstance = com.kodilla.hibernate.tasklist.dao.TaskListDaoTestSuite@4e20f2ba, testMethod = testNamedQueries@TaskListDaoTestSuite, testException = [null], mergedContextConfiguration = [MergedContextConfiguration@4dd81952 testClass = TaskListDaoTestSuite, locations = '{}', classes = '{class com.kodilla.hibernate.KodillaHibernateApplication}', contextInitializerClasses = '[]', activeProfiles = '{}', propertySourceLocations = '{}', propertySourceProperties = '{org.springframework.boot.test.context.SpringBootTestContextBootstrapper=true}', contextCustomizers = set[org.springframework.boot.test.autoconfigure.properties.PropertyMappingContextCustomizer@0, org.springframework.boot.test.autoconfigure.web.servlet.WebDriverContextCustomizerFactory$Customizer@145bb0d, org.springframework.boot.test.context.SpringBootTestContextCustomizer@79a63146, org.springframework.boot.test.context.filter.ExcludeFilterContextCustomizer@714b5521, org.springframework.boot.test.json.DuplicateJsonObjectContextCustomizerFactory$DuplicateJsonObjectContextCustomizer@7a3c373b, org.springframework.boot.test.mock.mockito.MockitoContextCustomizer@0], contextLoader = 'org.springframework.boot.test.context.SpringBootContextLoader', parent = [null]]]; transaction manager [org.springframework.orm.jpa.JpaTransactionManager@4c5372d9]; rollback [true]
Hibernate: insert into tasklists (description, listname) values (?, ?)
Hibernate: insert into tasks_financials (paid, price) values (?, ?)
Hibernate: insert into tasks (created, description, duration, tasks_financials_id, tasklist_id) values (?, ?, ?, ?, ?)
Hibernate: insert into tasks_financials (paid, price) values (?, ?)
Hibernate: insert into tasks (created, description, duration, tasks_financials_id, tasklist_id) values (?, ?, ?, ?, ?)
Hibernate: insert into tasks_financials (paid, price) values (?, ?)
Hibernate: insert into tasks (created, description, duration, tasks_financials_id, tasklist_id) values (?, ?, ?, ?, ?)
Hibernate: insert into tasks_financials (paid, price) values (?, ?)
Hibernate: insert into tasks (created, description, duration, tasks_financials_id, tasklist_id) values (?, ?, ?, ?, ?)
Hibernate: select task0_.id as id1_7_, task0_.created as created2_7_, task0_.description as descript3_7_, task0_.duration as duration4_7_, task0_.tasks_financials_id as tasks_fi5_7_, task0_.tasklist_id as tasklist6_7_ from tasks task0_ where task0_.duration>10
Hibernate: select task0_.id as id1_7_, task0_.created as created2_7_, task0_.description as descript3_7_, task0_.duration as duration4_7_, task0_.tasks_financials_id as tasks_fi5_7_, task0_.tasklist_id as tasklist6_7_ from tasks task0_ where task0_.duration<=10
Hibernate: SELECT * FROM TASKS WHERE DATEDIFF(DATE_ADD(CREATED, INTERVAL DURATION DAY), NOW()) > 5
Hibernate: select task0_.id as id1_7_, task0_.created as created2_7_, task0_.description as descript3_7_, task0_.duration as duration4_7_, task0_.tasks_financials_id as tasks_fi5_7_, task0_.tasklist_id as tasklist6_7_ from tasks task0_ where task0_.duration>?
2019-02-27 16:46:43.349  INFO 11876 --- [    Test worker] o.s.t.c.transaction.TransactionContext   : Rolled back transaction for test: [DefaultTestContext@2441b86 testClass = TaskListDaoTestSuite, testInstance = com.kodilla.hibernate.tasklist.dao.TaskListDaoTestSuite@4e20f2ba, testMethod = testNamedQueries@TaskListDaoTestSuite, testException = [null], mergedContextConfiguration = [MergedContextConfiguration@4dd81952 testClass = TaskListDaoTestSuite, locations = '{}', classes = '{class com.kodilla.hibernate.KodillaHibernateApplication}', contextInitializerClasses = '[]', activeProfiles = '{}', propertySourceLocations = '{}', propertySourceProperties = '{org.springframework.boot.test.context.SpringBootTestContextBootstrapper=true}', contextCustomizers = set[org.springframework.boot.test.autoconfigure.properties.PropertyMappingContextCustomizer@0, org.springframework.boot.test.autoconfigure.web.servlet.WebDriverContextCustomizerFactory$Customizer@145bb0d, org.springframework.boot.test.context.SpringBootTestContextCustomizer@79a63146, org.springframework.boot.test.context.filter.ExcludeFilterContextCustomizer@714b5521, org.springframework.boot.test.json.DuplicateJsonObjectContextCustomizerFactory$DuplicateJsonObjectContextCustomizer@7a3c373b, org.springframework.boot.test.mock.mockito.MockitoContextCustomizer@0], contextLoader = 'org.springframework.boot.test.context.SpringBootContextLoader', parent = [null]]]
2019-02-27 16:46:43.353  INFO 11876 --- [    Test worker] o.s.t.c.transaction.TransactionContext   : Began transaction (1) for test context [DefaultTestContext@2441b86 testClass = TaskListDaoTestSuite, testInstance = com.kodilla.hibernate.tasklist.dao.TaskListDaoTestSuite@72299c80, testMethod = testTaskListDaoSaveWithTasks@TaskListDaoTestSuite, testException = [null], mergedContextConfiguration = [MergedContextConfiguration@4dd81952 testClass = TaskListDaoTestSuite, locations = '{}', classes = '{class com.kodilla.hibernate.KodillaHibernateApplication}', contextInitializerClasses = '[]', activeProfiles = '{}', propertySourceLocations = '{}', propertySourceProperties = '{org.springframework.boot.test.context.SpringBootTestContextBootstrapper=true}', contextCustomizers = set[org.springframework.boot.test.autoconfigure.properties.PropertyMappingContextCustomizer@0, org.springframework.boot.test.autoconfigure.web.servlet.WebDriverContextCustomizerFactory$Customizer@145bb0d, org.springframework.boot.test.context.SpringBootTestContextCustomizer@79a63146, org.springframework.boot.test.context.filter.ExcludeFilterContextCustomizer@714b5521, org.springframework.boot.test.json.DuplicateJsonObjectContextCustomizerFactory$DuplicateJsonObjectContextCustomizer@7a3c373b, org.springframework.boot.test.mock.mockito.MockitoContextCustomizer@0], contextLoader = 'org.springframework.boot.test.context.SpringBootContextLoader', parent = [null]]]; transaction manager [org.springframework.orm.jpa.JpaTransactionManager@4c5372d9]; rollback [true]
Hibernate: insert into tasklists (description, listname) values (?, ?)
Hibernate: insert into tasks_financials (paid, price) values (?, ?)
Hibernate: insert into tasks (created, description, duration, tasks_financials_id, tasklist_id) values (?, ?, ?, ?, ?)
Hibernate: insert into tasks_financials (paid, price) values (?, ?)
Hibernate: insert into tasks (created, description, duration, tasks_financials_id, tasklist_id) values (?, ?, ?, ?, ?)
2019-02-27 16:46:43.460  INFO 11876 --- [    Test worker] o.s.t.c.transaction.TransactionContext   : Rolled back transaction for test: [DefaultTestContext@2441b86 testClass = TaskListDaoTestSuite, testInstance = com.kodilla.hibernate.tasklist.dao.TaskListDaoTestSuite@72299c80, testMethod = testTaskListDaoSaveWithTasks@TaskListDaoTestSuite, testException = [null], mergedContextConfiguration = [MergedContextConfiguration@4dd81952 testClass = TaskListDaoTestSuite, locations = '{}', classes = '{class com.kodilla.hibernate.KodillaHibernateApplication}', contextInitializerClasses = '[]', activeProfiles = '{}', propertySourceLocations = '{}', propertySourceProperties = '{org.springframework.boot.test.context.SpringBootTestContextBootstrapper=true}', contextCustomizers = set[org.springframework.boot.test.autoconfigure.properties.PropertyMappingContextCustomizer@0, org.springframework.boot.test.autoconfigure.web.servlet.WebDriverContextCustomizerFactory$Customizer@145bb0d, org.springframework.boot.test.context.SpringBootTestContextCustomizer@79a63146, org.springframework.boot.test.context.filter.ExcludeFilterContextCustomizer@714b5521, org.springframework.boot.test.json.DuplicateJsonObjectContextCustomizerFactory$DuplicateJsonObjectContextCustomizer@7a3c373b, org.springframework.boot.test.mock.mockito.MockitoContextCustomizer@0], contextLoader = 'org.springframework.boot.test.context.SpringBootContextLoader', parent = [null]]]
2019-02-27 16:46:43.464  INFO 11876 --- [    Test worker] o.s.t.c.transaction.TransactionContext   : Began transaction (1) for test context [DefaultTestContext@2441b86 testClass = TaskListDaoTestSuite, testInstance = com.kodilla.hibernate.tasklist.dao.TaskListDaoTestSuite@28eda117, testMethod = testFindByListName@TaskListDaoTestSuite, testException = [null], mergedContextConfiguration = [MergedContextConfiguration@4dd81952 testClass = TaskListDaoTestSuite, locations = '{}', classes = '{class com.kodilla.hibernate.KodillaHibernateApplication}', contextInitializerClasses = '[]', activeProfiles = '{}', propertySourceLocations = '{}', propertySourceProperties = '{org.springframework.boot.test.context.SpringBootTestContextBootstrapper=true}', contextCustomizers = set[org.springframework.boot.test.autoconfigure.properties.PropertyMappingContextCustomizer@0, org.springframework.boot.test.autoconfigure.web.servlet.WebDriverContextCustomizerFactory$Customizer@145bb0d, org.springframework.boot.test.context.SpringBootTestContextCustomizer@79a63146, org.springframework.boot.test.context.filter.ExcludeFilterContextCustomizer@714b5521, org.springframework.boot.test.json.DuplicateJsonObjectContextCustomizerFactory$DuplicateJsonObjectContextCustomizer@7a3c373b, org.springframework.boot.test.mock.mockito.MockitoContextCustomizer@0], contextLoader = 'org.springframework.boot.test.context.SpringBootContextLoader', parent = [null]]]; transaction manager [org.springframework.orm.jpa.JpaTransactionManager@4c5372d9]; rollback [true]
Hibernate: insert into tasklists (description, listname) values (?, ?)
Hibernate: select tasklist0_.id as id1_6_, tasklist0_.description as descript2_6_, tasklist0_.listname as listname3_6_ from tasklists tasklist0_ where tasklist0_.listname=?
2019-02-27 16:46:43.527  INFO 11876 --- [    Test worker] o.s.t.c.transaction.TransactionContext   : Rolled back transaction for test: [DefaultTestContext@2441b86 testClass = TaskListDaoTestSuite, testInstance = com.kodilla.hibernate.tasklist.dao.TaskListDaoTestSuite@28eda117, testMethod = testFindByListName@TaskListDaoTestSuite, testException = [null], mergedContextConfiguration = [MergedContextConfiguration@4dd81952 testClass = TaskListDaoTestSuite, locations = '{}', classes = '{class com.kodilla.hibernate.KodillaHibernateApplication}', contextInitializerClasses = '[]', activeProfiles = '{}', propertySourceLocations = '{}', propertySourceProperties = '{org.springframework.boot.test.context.SpringBootTestContextBootstrapper=true}', contextCustomizers = set[org.springframework.boot.test.autoconfigure.properties.PropertyMappingContextCustomizer@0, org.springframework.boot.test.autoconfigure.web.servlet.WebDriverContextCustomizerFactory$Customizer@145bb0d, org.springframework.boot.test.context.SpringBootTestContextCustomizer@79a63146, org.springframework.boot.test.context.filter.ExcludeFilterContextCustomizer@714b5521, org.springframework.boot.test.json.DuplicateJsonObjectContextCustomizerFactory$DuplicateJsonObjectContextCustomizer@7a3c373b, org.springframework.boot.test.mock.mockito.MockitoContextCustomizer@0], contextLoader = 'org.springframework.boot.test.context.SpringBootContextLoader', parent = [null]]]
]]></system-out>
  <system-err><![CDATA[]]></system-err>
</testsuite>
