<?xml version="1.0" encoding="UTF-8"?>
<testsuite name="com.kodilla.hibernate.task.dao.TaskDaoTestSuite" tests="2" skipped="0" failures="0" errors="0" timestamp="2019-02-27T15:46:42" hostname="youknownothing" time="0.199">
  <properties/>
  <testcase name="testTaskDaoFindByDuration" classname="com.kodilla.hibernate.task.dao.TaskDaoTestSuite" time="0.111"/>
  <testcase name="testTaskDaoSaveWithFinancialDetails" classname="com.kodilla.hibernate.task.dao.TaskDaoTestSuite" time="0.087"/>
  <system-out><![CDATA[2019-02-27 16:46:42.777  INFO 11876 --- [    Test worker] .b.t.c.SpringBootTestContextBootstrapper : Neither @ContextConfiguration nor @ContextHierarchy found for test class [com.kodilla.hibernate.task.dao.TaskDaoTestSuite], using SpringBootContextLoader
2019-02-27 16:46:42.778  INFO 11876 --- [    Test worker] o.s.t.c.support.AbstractContextLoader    : Could not detect default resource locations for test class [com.kodilla.hibernate.task.dao.TaskDaoTestSuite]: no resource found for suffixes {-context.xml, Context.groovy}.
2019-02-27 16:46:42.779  INFO 11876 --- [    Test worker] t.c.s.AnnotationConfigContextLoaderUtils : Could not detect default configuration classes for test class [com.kodilla.hibernate.task.dao.TaskDaoTestSuite]: TaskDaoTestSuite does not declare any static, non-private, non-final, nested classes annotated with @Configuration.
2019-02-27 16:46:42.807  INFO 11876 --- [    Test worker] .b.t.c.SpringBootTestContextBootstrapper : Found @SpringBootConfiguration com.kodilla.hibernate.KodillaHibernateApplication for test class com.kodilla.hibernate.task.dao.TaskDaoTestSuite
2019-02-27 16:46:42.815  INFO 11876 --- [    Test worker] .b.t.c.SpringBootTestContextBootstrapper : Loaded default TestExecutionListener class names from location [META-INF/spring.factories]: [org.springframework.boot.test.autoconfigure.restdocs.RestDocsTestExecutionListener, org.springframework.boot.test.autoconfigure.web.client.MockRestServiceServerResetTestExecutionListener, org.springframework.boot.test.autoconfigure.web.servlet.MockMvcPrintOnlyOnFailureTestExecutionListener, org.springframework.boot.test.autoconfigure.web.servlet.WebDriverTestExecutionListener, org.springframework.boot.test.mock.mockito.MockitoTestExecutionListener, org.springframework.boot.test.mock.mockito.ResetMocksTestExecutionListener, org.springframework.test.context.web.ServletTestExecutionListener, org.springframework.test.context.support.DirtiesContextBeforeModesTestExecutionListener, org.springframework.test.context.support.DependencyInjectionTestExecutionListener, org.springframework.test.context.support.DirtiesContextTestExecutionListener, org.springframework.test.context.transaction.TransactionalTestExecutionListener, org.springframework.test.context.jdbc.SqlScriptsTestExecutionListener]
2019-02-27 16:46:42.822  INFO 11876 --- [    Test worker] .b.t.c.SpringBootTestContextBootstrapper : Using TestExecutionListeners: [org.springframework.test.context.support.DirtiesContextBeforeModesTestExecutionListener@913e676, org.springframework.boot.test.mock.mockito.MockitoTestExecutionListener@5906fb4, org.springframework.boot.test.autoconfigure.SpringBootDependencyInjectionTestExecutionListener@56773688, org.springframework.test.context.support.DirtiesContextTestExecutionListener@50970e55, org.springframework.test.context.transaction.TransactionalTestExecutionListener@46a17267, org.springframework.test.context.jdbc.SqlScriptsTestExecutionListener@404a58c8, org.springframework.boot.test.autoconfigure.restdocs.RestDocsTestExecutionListener@2fe6e53f, org.springframework.boot.test.autoconfigure.web.client.MockRestServiceServerResetTestExecutionListener@47eba330, org.springframework.boot.test.autoconfigure.web.servlet.MockMvcPrintOnlyOnFailureTestExecutionListener@a94c3e0, org.springframework.boot.test.autoconfigure.web.servlet.WebDriverTestExecutionListener@180a4662, org.springframework.boot.test.mock.mockito.ResetMocksTestExecutionListener@dd8741]
2019-02-27 16:46:42.846  INFO 11876 --- [    Test worker] o.s.t.c.transaction.TransactionContext   : Began transaction (1) for test context [DefaultTestContext@205d88d2 testClass = TaskDaoTestSuite, testInstance = com.kodilla.hibernate.task.dao.TaskDaoTestSuite@6801a08, testMethod = testTaskDaoFindByDuration@TaskDaoTestSuite, testException = [null], mergedContextConfiguration = [MergedContextConfiguration@1ab54649 testClass = TaskDaoTestSuite, locations = '{}', classes = '{class com.kodilla.hibernate.KodillaHibernateApplication}', contextInitializerClasses = '[]', activeProfiles = '{}', propertySourceLocations = '{}', propertySourceProperties = '{org.springframework.boot.test.context.SpringBootTestContextBootstrapper=true}', contextCustomizers = set[org.springframework.boot.test.autoconfigure.properties.PropertyMappingContextCustomizer@0, org.springframework.boot.test.autoconfigure.web.servlet.WebDriverContextCustomizerFactory$Customizer@145bb0d, org.springframework.boot.test.context.SpringBootTestContextCustomizer@79a63146, org.springframework.boot.test.context.filter.ExcludeFilterContextCustomizer@714b5521, org.springframework.boot.test.json.DuplicateJsonObjectContextCustomizerFactory$DuplicateJsonObjectContextCustomizer@7a3c373b, org.springframework.boot.test.mock.mockito.MockitoContextCustomizer@0], contextLoader = 'org.springframework.boot.test.context.SpringBootContextLoader', parent = [null]]]; transaction manager [org.springframework.orm.jpa.JpaTransactionManager@4c5372d9]; rollback [true]
Hibernate: insert into tasks (created, description, duration, tasks_financials_id, tasklist_id) values (?, ?, ?, ?, ?)
Hibernate: select task0_.id as id1_7_, task0_.created as created2_7_, task0_.description as descript3_7_, task0_.duration as duration4_7_, task0_.tasks_financials_id as tasks_fi5_7_, task0_.tasklist_id as tasklist6_7_ from tasks task0_ where task0_.duration=?
2019-02-27 16:46:42.952  INFO 11876 --- [    Test worker] o.s.t.c.transaction.TransactionContext   : Rolled back transaction for test: [DefaultTestContext@205d88d2 testClass = TaskDaoTestSuite, testInstance = com.kodilla.hibernate.task.dao.TaskDaoTestSuite@6801a08, testMethod = testTaskDaoFindByDuration@TaskDaoTestSuite, testException = [null], mergedContextConfiguration = [MergedContextConfiguration@1ab54649 testClass = TaskDaoTestSuite, locations = '{}', classes = '{class com.kodilla.hibernate.KodillaHibernateApplication}', contextInitializerClasses = '[]', activeProfiles = '{}', propertySourceLocations = '{}', propertySourceProperties = '{org.springframework.boot.test.context.SpringBootTestContextBootstrapper=true}', contextCustomizers = set[org.springframework.boot.test.autoconfigure.properties.PropertyMappingContextCustomizer@0, org.springframework.boot.test.autoconfigure.web.servlet.WebDriverContextCustomizerFactory$Customizer@145bb0d, org.springframework.boot.test.context.SpringBootTestContextCustomizer@79a63146, org.springframework.boot.test.context.filter.ExcludeFilterContextCustomizer@714b5521, org.springframework.boot.test.json.DuplicateJsonObjectContextCustomizerFactory$DuplicateJsonObjectContextCustomizer@7a3c373b, org.springframework.boot.test.mock.mockito.MockitoContextCustomizer@0], contextLoader = 'org.springframework.boot.test.context.SpringBootContextLoader', parent = [null]]]
2019-02-27 16:46:42.957  INFO 11876 --- [    Test worker] o.s.t.c.transaction.TransactionContext   : Began transaction (1) for test context [DefaultTestContext@205d88d2 testClass = TaskDaoTestSuite, testInstance = com.kodilla.hibernate.task.dao.TaskDaoTestSuite@e312dee, testMethod = testTaskDaoSaveWithFinancialDetails@TaskDaoTestSuite, testException = [null], mergedContextConfiguration = [MergedContextConfiguration@1ab54649 testClass = TaskDaoTestSuite, locations = '{}', classes = '{class com.kodilla.hibernate.KodillaHibernateApplication}', contextInitializerClasses = '[]', activeProfiles = '{}', propertySourceLocations = '{}', propertySourceProperties = '{org.springframework.boot.test.context.SpringBootTestContextBootstrapper=true}', contextCustomizers = set[org.springframework.boot.test.autoconfigure.properties.PropertyMappingContextCustomizer@0, org.springframework.boot.test.autoconfigure.web.servlet.WebDriverContextCustomizerFactory$Customizer@145bb0d, org.springframework.boot.test.context.SpringBootTestContextCustomizer@79a63146, org.springframework.boot.test.context.filter.ExcludeFilterContextCustomizer@714b5521, org.springframework.boot.test.json.DuplicateJsonObjectContextCustomizerFactory$DuplicateJsonObjectContextCustomizer@7a3c373b, org.springframework.boot.test.mock.mockito.MockitoContextCustomizer@0], contextLoader = 'org.springframework.boot.test.context.SpringBootContextLoader', parent = [null]]]; transaction manager [org.springframework.orm.jpa.JpaTransactionManager@4c5372d9]; rollback [true]
Hibernate: insert into tasks_financials (paid, price) values (?, ?)
Hibernate: insert into tasks (created, description, duration, tasks_financials_id, tasklist_id) values (?, ?, ?, ?, ?)
2019-02-27 16:46:43.041  INFO 11876 --- [    Test worker] o.s.t.c.transaction.TransactionContext   : Rolled back transaction for test: [DefaultTestContext@205d88d2 testClass = TaskDaoTestSuite, testInstance = com.kodilla.hibernate.task.dao.TaskDaoTestSuite@e312dee, testMethod = testTaskDaoSaveWithFinancialDetails@TaskDaoTestSuite, testException = [null], mergedContextConfiguration = [MergedContextConfiguration@1ab54649 testClass = TaskDaoTestSuite, locations = '{}', classes = '{class com.kodilla.hibernate.KodillaHibernateApplication}', contextInitializerClasses = '[]', activeProfiles = '{}', propertySourceLocations = '{}', propertySourceProperties = '{org.springframework.boot.test.context.SpringBootTestContextBootstrapper=true}', contextCustomizers = set[org.springframework.boot.test.autoconfigure.properties.PropertyMappingContextCustomizer@0, org.springframework.boot.test.autoconfigure.web.servlet.WebDriverContextCustomizerFactory$Customizer@145bb0d, org.springframework.boot.test.context.SpringBootTestContextCustomizer@79a63146, org.springframework.boot.test.context.filter.ExcludeFilterContextCustomizer@714b5521, org.springframework.boot.test.json.DuplicateJsonObjectContextCustomizerFactory$DuplicateJsonObjectContextCustomizer@7a3c373b, org.springframework.boot.test.mock.mockito.MockitoContextCustomizer@0], contextLoader = 'org.springframework.boot.test.context.SpringBootContextLoader', parent = [null]]]
]]></system-out>
  <system-err><![CDATA[]]></system-err>
</testsuite>
