<?xml version="1.0" encoding="UTF-8"?>
<testsuite name="com.kodilla.hibernate.task.dao.TaskDaoTestSuite" tests="2" skipped="0" failures="0" errors="0" timestamp="2019-03-21T16:45:54" hostname="youknownothing" time="0.336">
  <properties/>
  <testcase name="testTaskDaoFindByDuration" classname="com.kodilla.hibernate.task.dao.TaskDaoTestSuite" time="0.173"/>
  <testcase name="testTaskDaoSaveWithFinancialDetails" classname="com.kodilla.hibernate.task.dao.TaskDaoTestSuite" time="0.162"/>
  <system-out><![CDATA[2019-03-21 17:45:53.980  INFO 12680 --- [    Test worker] .b.t.c.SpringBootTestContextBootstrapper : Neither @ContextConfiguration nor @ContextHierarchy found for test class [com.kodilla.hibernate.task.dao.TaskDaoTestSuite], using SpringBootContextLoader
2019-03-21 17:45:53.980  INFO 12680 --- [    Test worker] o.s.t.c.support.AbstractContextLoader    : Could not detect default resource locations for test class [com.kodilla.hibernate.task.dao.TaskDaoTestSuite]: no resource found for suffixes {-context.xml, Context.groovy}.
2019-03-21 17:45:53.980  INFO 12680 --- [    Test worker] t.c.s.AnnotationConfigContextLoaderUtils : Could not detect default configuration classes for test class [com.kodilla.hibernate.task.dao.TaskDaoTestSuite]: TaskDaoTestSuite does not declare any static, non-private, non-final, nested classes annotated with @Configuration.
2019-03-21 17:45:54.013  INFO 12680 --- [    Test worker] .b.t.c.SpringBootTestContextBootstrapper : Found @SpringBootConfiguration com.kodilla.hibernate.KodillaHibernateApplication for test class com.kodilla.hibernate.task.dao.TaskDaoTestSuite
2019-03-21 17:45:54.035  INFO 12680 --- [    Test worker] .b.t.c.SpringBootTestContextBootstrapper : Loaded default TestExecutionListener class names from location [META-INF/spring.factories]: [org.springframework.boot.test.autoconfigure.restdocs.RestDocsTestExecutionListener, org.springframework.boot.test.autoconfigure.web.client.MockRestServiceServerResetTestExecutionListener, org.springframework.boot.test.autoconfigure.web.servlet.MockMvcPrintOnlyOnFailureTestExecutionListener, org.springframework.boot.test.autoconfigure.web.servlet.WebDriverTestExecutionListener, org.springframework.boot.test.mock.mockito.MockitoTestExecutionListener, org.springframework.boot.test.mock.mockito.ResetMocksTestExecutionListener, org.springframework.test.context.web.ServletTestExecutionListener, org.springframework.test.context.support.DirtiesContextBeforeModesTestExecutionListener, org.springframework.test.context.support.DependencyInjectionTestExecutionListener, org.springframework.test.context.support.DirtiesContextTestExecutionListener, org.springframework.test.context.transaction.TransactionalTestExecutionListener, org.springframework.test.context.jdbc.SqlScriptsTestExecutionListener]
2019-03-21 17:45:54.041  INFO 12680 --- [    Test worker] .b.t.c.SpringBootTestContextBootstrapper : Using TestExecutionListeners: [org.springframework.test.context.support.DirtiesContextBeforeModesTestExecutionListener@64f138f9, org.springframework.boot.test.mock.mockito.MockitoTestExecutionListener@6ff31cd8, org.springframework.boot.test.autoconfigure.SpringBootDependencyInjectionTestExecutionListener@68d1eafc, org.springframework.test.context.support.DirtiesContextTestExecutionListener@72bf4fb1, org.springframework.test.context.transaction.TransactionalTestExecutionListener@1f6497ef, org.springframework.test.context.jdbc.SqlScriptsTestExecutionListener@68865d07, org.springframework.boot.test.autoconfigure.restdocs.RestDocsTestExecutionListener@fe7cce1, org.springframework.boot.test.autoconfigure.web.client.MockRestServiceServerResetTestExecutionListener@72dc86b, org.springframework.boot.test.autoconfigure.web.servlet.MockMvcPrintOnlyOnFailureTestExecutionListener@3ccdfc8e, org.springframework.boot.test.autoconfigure.web.servlet.WebDriverTestExecutionListener@6679f075, org.springframework.boot.test.mock.mockito.ResetMocksTestExecutionListener@57c8a89f]
2019-03-21 17:45:54.061  INFO 12680 --- [    Test worker] o.s.t.c.transaction.TransactionContext   : Began transaction (1) for test context [DefaultTestContext@12178068 testClass = TaskDaoTestSuite, testInstance = com.kodilla.hibernate.task.dao.TaskDaoTestSuite@50121ba2, testMethod = testTaskDaoFindByDuration@TaskDaoTestSuite, testException = [null], mergedContextConfiguration = [MergedContextConfiguration@3ecf4c9d testClass = TaskDaoTestSuite, locations = '{}', classes = '{class com.kodilla.hibernate.KodillaHibernateApplication}', contextInitializerClasses = '[]', activeProfiles = '{}', propertySourceLocations = '{}', propertySourceProperties = '{org.springframework.boot.test.context.SpringBootTestContextBootstrapper=true}', contextCustomizers = set[org.springframework.boot.test.autoconfigure.properties.PropertyMappingContextCustomizer@0, org.springframework.boot.test.autoconfigure.web.servlet.WebDriverContextCustomizerFactory$Customizer@fe21fc5, org.springframework.boot.test.context.SpringBootTestContextCustomizer@2c243b10, org.springframework.boot.test.context.filter.ExcludeFilterContextCustomizer@755eb731, org.springframework.boot.test.json.DuplicateJsonObjectContextCustomizerFactory$DuplicateJsonObjectContextCustomizer@7f9c52d8, org.springframework.boot.test.mock.mockito.MockitoContextCustomizer@0], contextLoader = 'org.springframework.boot.test.context.SpringBootContextLoader', parent = [null]]]; transaction manager [org.springframework.orm.jpa.JpaTransactionManager@130264b8]; rollback [true]
Hibernate: insert into tasks (created, description, duration, tasks_financials_id, tasklist_id) values (?, ?, ?, ?, ?)
Hibernate: select task0_.id as id1_7_, task0_.created as created2_7_, task0_.description as descript3_7_, task0_.duration as duration4_7_, task0_.tasks_financials_id as tasks_fi5_7_, task0_.tasklist_id as tasklist6_7_ from tasks task0_ where task0_.duration=?
2019-03-21 17:45:54.231  INFO 12680 --- [    Test worker] o.s.t.c.transaction.TransactionContext   : Rolled back transaction for test: [DefaultTestContext@12178068 testClass = TaskDaoTestSuite, testInstance = com.kodilla.hibernate.task.dao.TaskDaoTestSuite@50121ba2, testMethod = testTaskDaoFindByDuration@TaskDaoTestSuite, testException = [null], mergedContextConfiguration = [MergedContextConfiguration@3ecf4c9d testClass = TaskDaoTestSuite, locations = '{}', classes = '{class com.kodilla.hibernate.KodillaHibernateApplication}', contextInitializerClasses = '[]', activeProfiles = '{}', propertySourceLocations = '{}', propertySourceProperties = '{org.springframework.boot.test.context.SpringBootTestContextBootstrapper=true}', contextCustomizers = set[org.springframework.boot.test.autoconfigure.properties.PropertyMappingContextCustomizer@0, org.springframework.boot.test.autoconfigure.web.servlet.WebDriverContextCustomizerFactory$Customizer@fe21fc5, org.springframework.boot.test.context.SpringBootTestContextCustomizer@2c243b10, org.springframework.boot.test.context.filter.ExcludeFilterContextCustomizer@755eb731, org.springframework.boot.test.json.DuplicateJsonObjectContextCustomizerFactory$DuplicateJsonObjectContextCustomizer@7f9c52d8, org.springframework.boot.test.mock.mockito.MockitoContextCustomizer@0], contextLoader = 'org.springframework.boot.test.context.SpringBootContextLoader', parent = [null]]]
2019-03-21 17:45:54.236  INFO 12680 --- [    Test worker] o.s.t.c.transaction.TransactionContext   : Began transaction (1) for test context [DefaultTestContext@12178068 testClass = TaskDaoTestSuite, testInstance = com.kodilla.hibernate.task.dao.TaskDaoTestSuite@1203829, testMethod = testTaskDaoSaveWithFinancialDetails@TaskDaoTestSuite, testException = [null], mergedContextConfiguration = [MergedContextConfiguration@3ecf4c9d testClass = TaskDaoTestSuite, locations = '{}', classes = '{class com.kodilla.hibernate.KodillaHibernateApplication}', contextInitializerClasses = '[]', activeProfiles = '{}', propertySourceLocations = '{}', propertySourceProperties = '{org.springframework.boot.test.context.SpringBootTestContextBootstrapper=true}', contextCustomizers = set[org.springframework.boot.test.autoconfigure.properties.PropertyMappingContextCustomizer@0, org.springframework.boot.test.autoconfigure.web.servlet.WebDriverContextCustomizerFactory$Customizer@fe21fc5, org.springframework.boot.test.context.SpringBootTestContextCustomizer@2c243b10, org.springframework.boot.test.context.filter.ExcludeFilterContextCustomizer@755eb731, org.springframework.boot.test.json.DuplicateJsonObjectContextCustomizerFactory$DuplicateJsonObjectContextCustomizer@7f9c52d8, org.springframework.boot.test.mock.mockito.MockitoContextCustomizer@0], contextLoader = 'org.springframework.boot.test.context.SpringBootContextLoader', parent = [null]]]; transaction manager [org.springframework.orm.jpa.JpaTransactionManager@130264b8]; rollback [true]
Hibernate: insert into tasks_financials (paid, price) values (?, ?)
Hibernate: insert into tasks (created, description, duration, tasks_financials_id, tasklist_id) values (?, ?, ?, ?, ?)
2019-03-21 17:45:54.394  INFO 12680 --- [    Test worker] o.s.t.c.transaction.TransactionContext   : Rolled back transaction for test: [DefaultTestContext@12178068 testClass = TaskDaoTestSuite, testInstance = com.kodilla.hibernate.task.dao.TaskDaoTestSuite@1203829, testMethod = testTaskDaoSaveWithFinancialDetails@TaskDaoTestSuite, testException = [null], mergedContextConfiguration = [MergedContextConfiguration@3ecf4c9d testClass = TaskDaoTestSuite, locations = '{}', classes = '{class com.kodilla.hibernate.KodillaHibernateApplication}', contextInitializerClasses = '[]', activeProfiles = '{}', propertySourceLocations = '{}', propertySourceProperties = '{org.springframework.boot.test.context.SpringBootTestContextBootstrapper=true}', contextCustomizers = set[org.springframework.boot.test.autoconfigure.properties.PropertyMappingContextCustomizer@0, org.springframework.boot.test.autoconfigure.web.servlet.WebDriverContextCustomizerFactory$Customizer@fe21fc5, org.springframework.boot.test.context.SpringBootTestContextCustomizer@2c243b10, org.springframework.boot.test.context.filter.ExcludeFilterContextCustomizer@755eb731, org.springframework.boot.test.json.DuplicateJsonObjectContextCustomizerFactory$DuplicateJsonObjectContextCustomizer@7f9c52d8, org.springframework.boot.test.mock.mockito.MockitoContextCustomizer@0], contextLoader = 'org.springframework.boot.test.context.SpringBootContextLoader', parent = [null]]]
]]></system-out>
  <system-err><![CDATA[]]></system-err>
</testsuite>
