<?xml version="1.0" encoding="UTF-8"?>
<testsuite name="com.kodilla.hibernate.task.dao.TaskFinancialDetailsDaoTestSuite" tests="1" skipped="0" failures="0" errors="0" timestamp="2019-02-27T15:46:43" hostname="youknownothing" time="0.076">
  <properties/>
  <testcase name="testFindByPaid" classname="com.kodilla.hibernate.task.dao.TaskFinancialDetailsDaoTestSuite" time="0.076"/>
  <system-out><![CDATA[2019-02-27 16:46:43.044  INFO 11876 --- [    Test worker] .b.t.c.SpringBootTestContextBootstrapper : Neither @ContextConfiguration nor @ContextHierarchy found for test class [com.kodilla.hibernate.task.dao.TaskFinancialDetailsDaoTestSuite], using SpringBootContextLoader
2019-02-27 16:46:43.045  INFO 11876 --- [    Test worker] o.s.t.c.support.AbstractContextLoader    : Could not detect default resource locations for test class [com.kodilla.hibernate.task.dao.TaskFinancialDetailsDaoTestSuite]: no resource found for suffixes {-context.xml, Context.groovy}.
2019-02-27 16:46:43.045  INFO 11876 --- [    Test worker] t.c.s.AnnotationConfigContextLoaderUtils : Could not detect default configuration classes for test class [com.kodilla.hibernate.task.dao.TaskFinancialDetailsDaoTestSuite]: TaskFinancialDetailsDaoTestSuite does not declare any static, non-private, non-final, nested classes annotated with @Configuration.
2019-02-27 16:46:43.061  INFO 11876 --- [    Test worker] .b.t.c.SpringBootTestContextBootstrapper : Found @SpringBootConfiguration com.kodilla.hibernate.KodillaHibernateApplication for test class com.kodilla.hibernate.task.dao.TaskFinancialDetailsDaoTestSuite
2019-02-27 16:46:43.068  INFO 11876 --- [    Test worker] .b.t.c.SpringBootTestContextBootstrapper : Loaded default TestExecutionListener class names from location [META-INF/spring.factories]: [org.springframework.boot.test.autoconfigure.restdocs.RestDocsTestExecutionListener, org.springframework.boot.test.autoconfigure.web.client.MockRestServiceServerResetTestExecutionListener, org.springframework.boot.test.autoconfigure.web.servlet.MockMvcPrintOnlyOnFailureTestExecutionListener, org.springframework.boot.test.autoconfigure.web.servlet.WebDriverTestExecutionListener, org.springframework.boot.test.mock.mockito.MockitoTestExecutionListener, org.springframework.boot.test.mock.mockito.ResetMocksTestExecutionListener, org.springframework.test.context.web.ServletTestExecutionListener, org.springframework.test.context.support.DirtiesContextBeforeModesTestExecutionListener, org.springframework.test.context.support.DependencyInjectionTestExecutionListener, org.springframework.test.context.support.DirtiesContextTestExecutionListener, org.springframework.test.context.transaction.TransactionalTestExecutionListener, org.springframework.test.context.jdbc.SqlScriptsTestExecutionListener]
2019-02-27 16:46:43.074  INFO 11876 --- [    Test worker] .b.t.c.SpringBootTestContextBootstrapper : Using TestExecutionListeners: [org.springframework.test.context.support.DirtiesContextBeforeModesTestExecutionListener@658adfbf, org.springframework.boot.test.mock.mockito.MockitoTestExecutionListener@3c0f10ff, org.springframework.boot.test.autoconfigure.SpringBootDependencyInjectionTestExecutionListener@393192a5, org.springframework.test.context.support.DirtiesContextTestExecutionListener@560d6df5, org.springframework.test.context.transaction.TransactionalTestExecutionListener@654937ac, org.springframework.test.context.jdbc.SqlScriptsTestExecutionListener@21055b12, org.springframework.boot.test.autoconfigure.restdocs.RestDocsTestExecutionListener@1414512d, org.springframework.boot.test.autoconfigure.web.client.MockRestServiceServerResetTestExecutionListener@294bf49f, org.springframework.boot.test.autoconfigure.web.servlet.MockMvcPrintOnlyOnFailureTestExecutionListener@593524d, org.springframework.boot.test.autoconfigure.web.servlet.WebDriverTestExecutionListener@ec54426, org.springframework.boot.test.mock.mockito.ResetMocksTestExecutionListener@38eef1ea]
2019-02-27 16:46:43.099  INFO 11876 --- [    Test worker] o.s.t.c.transaction.TransactionContext   : Began transaction (1) for test context [DefaultTestContext@4cad8d4d testClass = TaskFinancialDetailsDaoTestSuite, testInstance = com.kodilla.hibernate.task.dao.TaskFinancialDetailsDaoTestSuite@54e28cca, testMethod = testFindByPaid@TaskFinancialDetailsDaoTestSuite, testException = [null], mergedContextConfiguration = [MergedContextConfiguration@4e771564 testClass = TaskFinancialDetailsDaoTestSuite, locations = '{}', classes = '{class com.kodilla.hibernate.KodillaHibernateApplication}', contextInitializerClasses = '[]', activeProfiles = '{}', propertySourceLocations = '{}', propertySourceProperties = '{org.springframework.boot.test.context.SpringBootTestContextBootstrapper=true}', contextCustomizers = set[org.springframework.boot.test.autoconfigure.properties.PropertyMappingContextCustomizer@0, org.springframework.boot.test.autoconfigure.web.servlet.WebDriverContextCustomizerFactory$Customizer@145bb0d, org.springframework.boot.test.context.SpringBootTestContextCustomizer@79a63146, org.springframework.boot.test.context.filter.ExcludeFilterContextCustomizer@714b5521, org.springframework.boot.test.json.DuplicateJsonObjectContextCustomizerFactory$DuplicateJsonObjectContextCustomizer@7a3c373b, org.springframework.boot.test.mock.mockito.MockitoContextCustomizer@0], contextLoader = 'org.springframework.boot.test.context.SpringBootContextLoader', parent = [null]]]; transaction manager [org.springframework.orm.jpa.JpaTransactionManager@4c5372d9]; rollback [true]
Hibernate: insert into tasks_financials (paid, price) values (?, ?)
Hibernate: select taskfinanc0_.id as id1_8_, taskfinanc0_.paid as paid2_8_, taskfinanc0_.price as price3_8_ from tasks_financials taskfinanc0_ where taskfinanc0_.paid=?
2019-02-27 16:46:43.172  INFO 11876 --- [    Test worker] o.s.t.c.transaction.TransactionContext   : Rolled back transaction for test: [DefaultTestContext@4cad8d4d testClass = TaskFinancialDetailsDaoTestSuite, testInstance = com.kodilla.hibernate.task.dao.TaskFinancialDetailsDaoTestSuite@54e28cca, testMethod = testFindByPaid@TaskFinancialDetailsDaoTestSuite, testException = [null], mergedContextConfiguration = [MergedContextConfiguration@4e771564 testClass = TaskFinancialDetailsDaoTestSuite, locations = '{}', classes = '{class com.kodilla.hibernate.KodillaHibernateApplication}', contextInitializerClasses = '[]', activeProfiles = '{}', propertySourceLocations = '{}', propertySourceProperties = '{org.springframework.boot.test.context.SpringBootTestContextBootstrapper=true}', contextCustomizers = set[org.springframework.boot.test.autoconfigure.properties.PropertyMappingContextCustomizer@0, org.springframework.boot.test.autoconfigure.web.servlet.WebDriverContextCustomizerFactory$Customizer@145bb0d, org.springframework.boot.test.context.SpringBootTestContextCustomizer@79a63146, org.springframework.boot.test.context.filter.ExcludeFilterContextCustomizer@714b5521, org.springframework.boot.test.json.DuplicateJsonObjectContextCustomizerFactory$DuplicateJsonObjectContextCustomizer@7a3c373b, org.springframework.boot.test.mock.mockito.MockitoContextCustomizer@0], contextLoader = 'org.springframework.boot.test.context.SpringBootContextLoader', parent = [null]]]
]]></system-out>
  <system-err><![CDATA[]]></system-err>
</testsuite>
