<?xml version="1.0" encoding="UTF-8"?>
<testsuite name="com.kodilla.hibernate.task.dao.TaskDaoTestSuite" tests="2" skipped="0" failures="0" errors="0" timestamp="2019-03-05T09:10:55" hostname="youknownothing" time="0.162">
  <properties/>
  <testcase name="testTaskDaoFindByDuration" classname="com.kodilla.hibernate.task.dao.TaskDaoTestSuite" time="0.105"/>
  <testcase name="testTaskDaoSaveWithFinancialDetails" classname="com.kodilla.hibernate.task.dao.TaskDaoTestSuite" time="0.055"/>
  <system-out><![CDATA[2019-03-05 10:10:55.555  INFO 14740 --- [    Test worker] .b.t.c.SpringBootTestContextBootstrapper : Neither @ContextConfiguration nor @ContextHierarchy found for test class [com.kodilla.hibernate.task.dao.TaskDaoTestSuite], using SpringBootContextLoader
2019-03-05 10:10:55.557  INFO 14740 --- [    Test worker] o.s.t.c.support.AbstractContextLoader    : Could not detect default resource locations for test class [com.kodilla.hibernate.task.dao.TaskDaoTestSuite]: no resource found for suffixes {-context.xml, Context.groovy}.
2019-03-05 10:10:55.557  INFO 14740 --- [    Test worker] t.c.s.AnnotationConfigContextLoaderUtils : Could not detect default configuration classes for test class [com.kodilla.hibernate.task.dao.TaskDaoTestSuite]: TaskDaoTestSuite does not declare any static, non-private, non-final, nested classes annotated with @Configuration.
2019-03-05 10:10:55.587  INFO 14740 --- [    Test worker] .b.t.c.SpringBootTestContextBootstrapper : Found @SpringBootConfiguration com.kodilla.hibernate.KodillaHibernateApplication for test class com.kodilla.hibernate.task.dao.TaskDaoTestSuite
2019-03-05 10:10:55.596  INFO 14740 --- [    Test worker] .b.t.c.SpringBootTestContextBootstrapper : Loaded default TestExecutionListener class names from location [META-INF/spring.factories]: [org.springframework.boot.test.autoconfigure.restdocs.RestDocsTestExecutionListener, org.springframework.boot.test.autoconfigure.web.client.MockRestServiceServerResetTestExecutionListener, org.springframework.boot.test.autoconfigure.web.servlet.MockMvcPrintOnlyOnFailureTestExecutionListener, org.springframework.boot.test.autoconfigure.web.servlet.WebDriverTestExecutionListener, org.springframework.boot.test.mock.mockito.MockitoTestExecutionListener, org.springframework.boot.test.mock.mockito.ResetMocksTestExecutionListener, org.springframework.test.context.web.ServletTestExecutionListener, org.springframework.test.context.support.DirtiesContextBeforeModesTestExecutionListener, org.springframework.test.context.support.DependencyInjectionTestExecutionListener, org.springframework.test.context.support.DirtiesContextTestExecutionListener, org.springframework.test.context.transaction.TransactionalTestExecutionListener, org.springframework.test.context.jdbc.SqlScriptsTestExecutionListener]
2019-03-05 10:10:55.596  INFO 14740 --- [    Test worker] .b.t.c.SpringBootTestContextBootstrapper : Using TestExecutionListeners: [org.springframework.test.context.support.DirtiesContextBeforeModesTestExecutionListener@7b72e001, org.springframework.boot.test.mock.mockito.MockitoTestExecutionListener@6cd87f25, org.springframework.boot.test.autoconfigure.SpringBootDependencyInjectionTestExecutionListener@248a80c3, org.springframework.test.context.support.DirtiesContextTestExecutionListener@2c49610c, org.springframework.test.context.transaction.TransactionalTestExecutionListener@40d7fe6c, org.springframework.test.context.jdbc.SqlScriptsTestExecutionListener@6f599004, org.springframework.boot.test.autoconfigure.restdocs.RestDocsTestExecutionListener@1f2589b4, org.springframework.boot.test.autoconfigure.web.client.MockRestServiceServerResetTestExecutionListener@7803da5d, org.springframework.boot.test.autoconfigure.web.servlet.MockMvcPrintOnlyOnFailureTestExecutionListener@7587faf, org.springframework.boot.test.autoconfigure.web.servlet.WebDriverTestExecutionListener@242206f0, org.springframework.boot.test.mock.mockito.ResetMocksTestExecutionListener@17f943e9]
2019-03-05 10:10:55.611  INFO 14740 --- [    Test worker] o.s.t.c.transaction.TransactionContext   : Began transaction (1) for test context [DefaultTestContext@58ec4a6d testClass = TaskDaoTestSuite, testInstance = com.kodilla.hibernate.task.dao.TaskDaoTestSuite@1579c7c6, testMethod = testTaskDaoFindByDuration@TaskDaoTestSuite, testException = [null], mergedContextConfiguration = [MergedContextConfiguration@71ceb279 testClass = TaskDaoTestSuite, locations = '{}', classes = '{class com.kodilla.hibernate.KodillaHibernateApplication}', contextInitializerClasses = '[]', activeProfiles = '{}', propertySourceLocations = '{}', propertySourceProperties = '{org.springframework.boot.test.context.SpringBootTestContextBootstrapper=true}', contextCustomizers = set[org.springframework.boot.test.autoconfigure.properties.PropertyMappingContextCustomizer@0, org.springframework.boot.test.autoconfigure.web.servlet.WebDriverContextCustomizerFactory$Customizer@1df6d140, org.springframework.boot.test.context.SpringBootTestContextCustomizer@15e73ff, org.springframework.boot.test.context.filter.ExcludeFilterContextCustomizer@76deda8, org.springframework.boot.test.json.DuplicateJsonObjectContextCustomizerFactory$DuplicateJsonObjectContextCustomizer@1774ed33, org.springframework.boot.test.mock.mockito.MockitoContextCustomizer@0], contextLoader = 'org.springframework.boot.test.context.SpringBootContextLoader', parent = [null]]]; transaction manager [org.springframework.orm.jpa.JpaTransactionManager@5e4bb218]; rollback [true]
Hibernate: insert into tasks (created, description, duration, tasks_financials_id, tasklist_id) values (?, ?, ?, ?, ?)
Hibernate: select task0_.id as id1_7_, task0_.created as created2_7_, task0_.description as descript3_7_, task0_.duration as duration4_7_, task0_.tasks_financials_id as tasks_fi5_7_, task0_.tasklist_id as tasklist6_7_ from tasks task0_ where task0_.duration=?
2019-03-05 10:10:55.720  INFO 14740 --- [    Test worker] o.s.t.c.transaction.TransactionContext   : Rolled back transaction for test: [DefaultTestContext@58ec4a6d testClass = TaskDaoTestSuite, testInstance = com.kodilla.hibernate.task.dao.TaskDaoTestSuite@1579c7c6, testMethod = testTaskDaoFindByDuration@TaskDaoTestSuite, testException = [null], mergedContextConfiguration = [MergedContextConfiguration@71ceb279 testClass = TaskDaoTestSuite, locations = '{}', classes = '{class com.kodilla.hibernate.KodillaHibernateApplication}', contextInitializerClasses = '[]', activeProfiles = '{}', propertySourceLocations = '{}', propertySourceProperties = '{org.springframework.boot.test.context.SpringBootTestContextBootstrapper=true}', contextCustomizers = set[org.springframework.boot.test.autoconfigure.properties.PropertyMappingContextCustomizer@0, org.springframework.boot.test.autoconfigure.web.servlet.WebDriverContextCustomizerFactory$Customizer@1df6d140, org.springframework.boot.test.context.SpringBootTestContextCustomizer@15e73ff, org.springframework.boot.test.context.filter.ExcludeFilterContextCustomizer@76deda8, org.springframework.boot.test.json.DuplicateJsonObjectContextCustomizerFactory$DuplicateJsonObjectContextCustomizer@1774ed33, org.springframework.boot.test.mock.mockito.MockitoContextCustomizer@0], contextLoader = 'org.springframework.boot.test.context.SpringBootContextLoader', parent = [null]]]
2019-03-05 10:10:55.720  INFO 14740 --- [    Test worker] o.s.t.c.transaction.TransactionContext   : Began transaction (1) for test context [DefaultTestContext@58ec4a6d testClass = TaskDaoTestSuite, testInstance = com.kodilla.hibernate.task.dao.TaskDaoTestSuite@4b70e592, testMethod = testTaskDaoSaveWithFinancialDetails@TaskDaoTestSuite, testException = [null], mergedContextConfiguration = [MergedContextConfiguration@71ceb279 testClass = TaskDaoTestSuite, locations = '{}', classes = '{class com.kodilla.hibernate.KodillaHibernateApplication}', contextInitializerClasses = '[]', activeProfiles = '{}', propertySourceLocations = '{}', propertySourceProperties = '{org.springframework.boot.test.context.SpringBootTestContextBootstrapper=true}', contextCustomizers = set[org.springframework.boot.test.autoconfigure.properties.PropertyMappingContextCustomizer@0, org.springframework.boot.test.autoconfigure.web.servlet.WebDriverContextCustomizerFactory$Customizer@1df6d140, org.springframework.boot.test.context.SpringBootTestContextCustomizer@15e73ff, org.springframework.boot.test.context.filter.ExcludeFilterContextCustomizer@76deda8, org.springframework.boot.test.json.DuplicateJsonObjectContextCustomizerFactory$DuplicateJsonObjectContextCustomizer@1774ed33, org.springframework.boot.test.mock.mockito.MockitoContextCustomizer@0], contextLoader = 'org.springframework.boot.test.context.SpringBootContextLoader', parent = [null]]]; transaction manager [org.springframework.orm.jpa.JpaTransactionManager@5e4bb218]; rollback [true]
Hibernate: insert into tasks_financials (paid, price) values (?, ?)
Hibernate: insert into tasks (created, description, duration, tasks_financials_id, tasklist_id) values (?, ?, ?, ?, ?)
2019-03-05 10:10:55.784  INFO 14740 --- [    Test worker] o.s.t.c.transaction.TransactionContext   : Rolled back transaction for test: [DefaultTestContext@58ec4a6d testClass = TaskDaoTestSuite, testInstance = com.kodilla.hibernate.task.dao.TaskDaoTestSuite@4b70e592, testMethod = testTaskDaoSaveWithFinancialDetails@TaskDaoTestSuite, testException = [null], mergedContextConfiguration = [MergedContextConfiguration@71ceb279 testClass = TaskDaoTestSuite, locations = '{}', classes = '{class com.kodilla.hibernate.KodillaHibernateApplication}', contextInitializerClasses = '[]', activeProfiles = '{}', propertySourceLocations = '{}', propertySourceProperties = '{org.springframework.boot.test.context.SpringBootTestContextBootstrapper=true}', contextCustomizers = set[org.springframework.boot.test.autoconfigure.properties.PropertyMappingContextCustomizer@0, org.springframework.boot.test.autoconfigure.web.servlet.WebDriverContextCustomizerFactory$Customizer@1df6d140, org.springframework.boot.test.context.SpringBootTestContextCustomizer@15e73ff, org.springframework.boot.test.context.filter.ExcludeFilterContextCustomizer@76deda8, org.springframework.boot.test.json.DuplicateJsonObjectContextCustomizerFactory$DuplicateJsonObjectContextCustomizer@1774ed33, org.springframework.boot.test.mock.mockito.MockitoContextCustomizer@0], contextLoader = 'org.springframework.boot.test.context.SpringBootContextLoader', parent = [null]]]
]]></system-out>
  <system-err><![CDATA[]]></system-err>
</testsuite>
