<?xml version="1.0" encoding="UTF-8"?>
<testsuite name="com.kodilla.hibernate.invoice.dao.InvoiceDaoTestSuite" tests="1" skipped="0" failures="0" errors="0" timestamp="2019-02-27T15:46:41" hostname="youknownothing" time="0.446">
  <properties/>
  <testcase name="testInvoiceDaoSave" classname="com.kodilla.hibernate.invoice.dao.InvoiceDaoTestSuite" time="0.446"/>
  <system-out><![CDATA[16:46:32.967 [Test worker] DEBUG org.springframework.test.context.junit4.SpringJUnit4ClassRunner - SpringJUnit4ClassRunner constructor called with [class com.kodilla.hibernate.invoice.dao.InvoiceDaoTestSuite]
16:46:33.001 [Test worker] DEBUG org.springframework.test.context.BootstrapUtils - Instantiating CacheAwareContextLoaderDelegate from class [org.springframework.test.context.cache.DefaultCacheAwareContextLoaderDelegate]
16:46:33.017 [Test worker] DEBUG org.springframework.test.context.BootstrapUtils - Instantiating BootstrapContext using constructor [public org.springframework.test.context.support.DefaultBootstrapContext(java.lang.Class,org.springframework.test.context.CacheAwareContextLoaderDelegate)]
16:46:33.056 [Test worker] DEBUG org.springframework.test.context.BootstrapUtils - Instantiating TestContextBootstrapper for test class [com.kodilla.hibernate.invoice.dao.InvoiceDaoTestSuite] from class [org.springframework.boot.test.context.SpringBootTestContextBootstrapper]
16:46:33.092 [Test worker] INFO org.springframework.boot.test.context.SpringBootTestContextBootstrapper - Neither @ContextConfiguration nor @ContextHierarchy found for test class [com.kodilla.hibernate.invoice.dao.InvoiceDaoTestSuite], using SpringBootContextLoader
16:46:33.099 [Test worker] DEBUG org.springframework.test.context.support.AbstractContextLoader - Did not detect default resource location for test class [com.kodilla.hibernate.invoice.dao.InvoiceDaoTestSuite]: class path resource [com/kodilla/hibernate/invoice/dao/InvoiceDaoTestSuite-context.xml] does not exist
16:46:33.100 [Test worker] DEBUG org.springframework.test.context.support.AbstractContextLoader - Did not detect default resource location for test class [com.kodilla.hibernate.invoice.dao.InvoiceDaoTestSuite]: class path resource [com/kodilla/hibernate/invoice/dao/InvoiceDaoTestSuiteContext.groovy] does not exist
16:46:33.101 [Test worker] INFO org.springframework.test.context.support.AbstractContextLoader - Could not detect default resource locations for test class [com.kodilla.hibernate.invoice.dao.InvoiceDaoTestSuite]: no resource found for suffixes {-context.xml, Context.groovy}.
16:46:33.103 [Test worker] INFO org.springframework.test.context.support.AnnotationConfigContextLoaderUtils - Could not detect default configuration classes for test class [com.kodilla.hibernate.invoice.dao.InvoiceDaoTestSuite]: InvoiceDaoTestSuite does not declare any static, non-private, non-final, nested classes annotated with @Configuration.
16:46:33.218 [Test worker] DEBUG org.springframework.test.context.support.ActiveProfilesUtils - Could not find an 'annotation declaring class' for annotation type [org.springframework.test.context.ActiveProfiles] and class [com.kodilla.hibernate.invoice.dao.InvoiceDaoTestSuite]
16:46:33.240 [Test worker] DEBUG org.springframework.core.env.StandardEnvironment - Adding PropertySource 'systemProperties' with lowest search precedence
16:46:33.244 [Test worker] DEBUG org.springframework.core.env.StandardEnvironment - Adding PropertySource 'systemEnvironment' with lowest search precedence
16:46:33.245 [Test worker] DEBUG org.springframework.core.env.StandardEnvironment - Initialized StandardEnvironment with PropertySources [MapPropertySource@77111435 {name='systemProperties', properties={java.runtime.name=Java(TM) SE Runtime Environment, sun.boot.library.path=C:\Program Files\Java\jdk1.8.0_191\jre\bin, java.vm.version=25.191-b12, java.vm.vendor=Oracle Corporation, java.vendor.url=http://java.oracle.com/, path.separator=;, java.vm.name=Java HotSpot(TM) 64-Bit Server VM, file.encoding.pkg=sun.io, user.script=, sun.java.launcher=SUN_STANDARD, user.country=PL, sun.os.patch.level=, java.vm.specification.name=Java Virtual Machine Specification, user.dir=D:\nowaintelliJ4\kodilla-hibernate-2, java.runtime.version=1.8.0_191-b12, java.awt.graphicsenv=sun.awt.Win32GraphicsEnvironment, java.endorsed.dirs=C:\Program Files\Java\jdk1.8.0_191\jre\lib\endorsed, os.arch=amd64, java.io.tmpdir=C:\Users\WINTER~1\AppData\Local\Temp\, line.separator=
, java.vm.specification.vendor=Oracle Corporation, user.variant=, os.name=Windows 10, sun.jnu.encoding=Cp1250, java.library.path=C:\Program Files\Java\jdk1.8.0_191\bin;C:\WINDOWS\Sun\Java\bin;C:\WINDOWS\system32;C:\WINDOWS;C:\Program Files\Java\jdk1.8.0_191\bin;C:\Program Files (x86)\Common Files\Oracle\Java\javapath;C:\Program Files (x86)\NVIDIA Corporation\PhysX\Common;C:\Program Files (x86)\Intel\iCLS Client\;C:\Program Files\Intel\iCLS Client\;C:\Program Files\Common Files\Microsoft Shared\Windows Live;C:\Program Files (x86)\Common Files\Microsoft Shared\Windows Live;C:\windows\system32;C:\windows;C:\windows\System32\Wbem;C:\windows\System32\WindowsPowerShell\v1.0\;C:\Program Files (x86)\Windows Live\Shared;C:\Program Files (x86)\Intel\OpenCL SDK\2.0\bin\x86;C:\Program Files (x86)\Intel\OpenCL SDK\2.0\bin\x64;C:\Program Files\Intel\Intel(R) Management Engine Components\DAL;C:\Program Files\Intel\Intel(R) Management Engine Components\IPT;C:\Program Files (x86)\Intel\Intel(R) Management Engine Components\DAL;C:\Program Files (x86)\Intel\Intel(R) Management Engine Components\IPT;C:\Program Files\Calibre2\;C:\WINDOWS\system32;C:\WINDOWS;C:\WINDOWS\System32\Wbem;C:\WINDOWS\System32\WindowsPowerShell\v1.0\;C:\WINDOWS\System32\OpenSSH\;C:\Program Files\Git\cmd;C:\Program Files\Git\mingw64\bin;C:\Program Files\Git\usr\bin;C:\gradle-4.10.2\bin;C:\Program Files\Heroku\bin;., java.specification.name=Java Platform API Specification, java.class.version=52.0, org.gradle.native=false, sun.management.compiler=HotSpot 64-Bit Tiered Compilers, os.version=10.0, user.home=C:\Users\winterfell, user.timezone=Europe/Belgrade, java.awt.printerjob=sun.awt.windows.WPrinterJob, file.encoding=windows-1250, java.specification.version=1.8, java.class.path=D:\nowaintelliJ4\kodilla-hibernate-2\build\classes\java\test;D:\nowaintelliJ4\kodilla-hibernate-2\build\resources\test;D:\nowaintelliJ4\kodilla-hibernate-2\build\classes\java\main;D:\nowaintelliJ4\kodilla-hibernate-2\build\resources\main;C:\Users\winterfell\.gradle\caches\modules-2\files-2.1\org.springframework.boot\spring-boot-starter-data-jpa\1.5.19.RELEASE\158a8619ac9bd08d995450f1c4d768ca8adc9a98\spring-boot-starter-data-jpa-1.5.19.RELEASE.jar;C:\Users\winterfell\.gradle\caches\modules-2\files-2.1\org.springframework.boot\spring-boot-starter-jdbc\1.5.19.RELEASE\b2f84e55a1384dfc8edc8ea0506cd3c98b7e1d5d\spring-boot-starter-jdbc-1.5.19.RELEASE.jar;C:\Users\winterfell\.gradle\caches\modules-2\files-2.1\org.springframework.boot\spring-boot-starter-validation\1.5.19.RELEASE\ad0c090ebbdec61536163234e5c76e98ea168712\spring-boot-starter-validation-1.5.19.RELEASE.jar;C:\Users\winterfell\.gradle\caches\modules-2\files-2.1\mysql\mysql-connector-java\5.1.47\9de4159aaf2d08817a276610b8114a825fca6cfd\mysql-connector-java-5.1.47.jar;C:\Users\winterfell\.gradle\caches\modules-2\files-2.1\org.springframework.boot\spring-boot-starter-test\1.5.19.RELEASE\d06b6f71d88f4e7f7cafe4f9be6f73f783c0cb5e\spring-boot-starter-test-1.5.19.RELEASE.jar;C:\Users\winterfell\.gradle\caches\modules-2\files-2.1\org.springframework.boot\spring-boot-starter-aop\1.5.19.RELEASE\660b6fef59da24e9494d268e527d9d95f7f28556\spring-boot-starter-aop-1.5.19.RELEASE.jar;C:\Users\winterfell\.gradle\caches\modules-2\files-2.1\org.springframework.boot\spring-boot-starter\1.5.19.RELEASE\c93f91adc650e2dc122139cf93ed7814fec04830\spring-boot-starter-1.5.19.RELEASE.jar;C:\Users\winterfell\.gradle\caches\modules-2\files-2.1\org.hibernate\hibernate-entitymanager\5.0.12.Final\302a526f5058290e9cbd719a5caf9f248d344719\hibernate-entitymanager-5.0.12.Final.jar;C:\Users\winterfell\.gradle\caches\modules-2\files-2.1\org.hibernate\hibernate-core\5.0.12.Final\e58bf1c660e6706d8e2cbb53bae110f574366102\hibernate-core-5.0.12.Final.jar;C:\Users\winterfell\.gradle\caches\modules-2\files-2.1\javax.transaction\javax.transaction-api\1.2\d81aff979d603edd90dcd8db2abc1f4ce6479e3e\javax.transaction-api-1.2.jar;C:\Users\winterfell\.gradle\caches\modules-2\files-2.1\org.springframework.data\spring-data-jpa\1.11.18.RELEASE\425cb6cd31a547c96c63539c9a2bf6be1c61ccac\spring-data-jpa-1.11.18.RELEASE.jar;C:\Users\winterfell\.gradle\caches\modules-2\files-2.1\org.springframework\spring-aspects\4.3.22.RELEASE\9566c1b7718f79b4c778fe44da5a7bbc9d087de6\spring-aspects-4.3.22.RELEASE.jar;C:\Users\winterfell\.gradle\caches\modules-2\files-2.1\org.apache.tomcat\tomcat-jdbc\8.5.37\26d6e4e60893da6b405c396c9e7b6460e618d3ef\tomcat-jdbc-8.5.37.jar;C:\Users\winterfell\.gradle\caches\modules-2\files-2.1\org.springframework\spring-orm\4.3.22.RELEASE\260023d0c6a5ff90eeb0cb4f824677009283ccc9\spring-orm-4.3.22.RELEASE.jar;C:\Users\winterfell\.gradle\caches\modules-2\files-2.1\org.springframework\spring-jdbc\4.3.22.RELEASE\86db27c5cdeef6d36d2bbb7bfe5bd4bb8543c522\spring-jdbc-4.3.22.RELEASE.jar;C:\Users\winterfell\.gradle\caches\modules-2\files-2.1\org.apache.tomcat.embed\tomcat-embed-el\8.5.37\fc91bf1f2f228859440e8665dffa1587b645ce8e\tomcat-embed-el-8.5.37.jar;C:\Users\winterfell\.gradle\caches\modules-2\files-2.1\org.hibernate\hibernate-validator\5.3.6.Final\4c730be8bf55a8e9a61e79a2f2c079abf48b718\hibernate-validator-5.3.6.Final.jar;C:\Users\winterfell\.gradle\caches\modules-2\files-2.1\org.springframework.boot\spring-boot-test-autoconfigure\1.5.19.RELEASE\e3637f7857ef427222c67beb722ea833d3563763\spring-boot-test-autoconfigure-1.5.19.RELEASE.jar;C:\Users\winterfell\.gradle\caches\modules-2\files-2.1\org.springframework.boot\spring-boot-test\1.5.19.RELEASE\b85d7ceb338de573bab5307f190d3db56328fb6b\spring-boot-test-1.5.19.RELEASE.jar;C:\Users\winterfell\.gradle\caches\modules-2\files-2.1\com.jayway.jsonpath\json-path\2.2.0\22290d17944bd239fabf5ac69005a60a7ecbbbcb\json-path-2.2.0.jar;C:\Users\winterfell\.gradle\caches\modules-2\files-2.1\junit\junit\4.12\2973d150c0dc1fefe998f834810d68f278ea58ec\junit-4.12.jar;C:\Users\winterfell\.gradle\caches\modules-2\files-2.1\org.assertj\assertj-core\2.6.0\b532c3fc4f66bcfee4989a3514f1cd56203a33ad\assertj-core-2.6.0.jar;C:\Users\winterfell\.gradle\caches\modules-2\files-2.1\org.mockito\mockito-core\1.10.19\e8546f5bef4e061d8dd73895b4e8f40e3fe6effe\mockito-core-1.10.19.jar;C:\Users\winterfell\.gradle\caches\modules-2\files-2.1\org.hamcrest\hamcrest-library\1.3\4785a3c21320980282f9f33d0d1264a69040538f\hamcrest-library-1.3.jar;C:\Users\winterfell\.gradle\caches\modules-2\files-2.1\org.hamcrest\hamcrest-core\1.3\42a25dc3219429f0e5d060061f71acb49bf010a0\hamcrest-core-1.3.jar;C:\Users\winterfell\.gradle\caches\modules-2\files-2.1\org.skyscreamer\jsonassert\1.4.0\9cdbb373a06f6513e51e8c545ee6a5e981463edb\jsonassert-1.4.0.jar;C:\Users\winterfell\.gradle\caches\modules-2\files-2.1\org.springframework\spring-test\4.3.22.RELEASE\51fe839060f1a8889a10acd5c35097b5a9f98592\spring-test-4.3.22.RELEASE.jar;C:\Users\winterfell\.gradle\caches\modules-2\files-2.1\org.springframework.boot\spring-boot-autoconfigure\1.5.19.RELEASE\4e9a29d2eda96d2e2f135a315dfa55ae0d3484d4\spring-boot-autoconfigure-1.5.19.RELEASE.jar;C:\Users\winterfell\.gradle\caches\modules-2\files-2.1\org.springframework.boot\spring-boot\1.5.19.RELEASE\b2bf5c47a8653e5fbba05c022d99549948bf9665\spring-boot-1.5.19.RELEASE.jar;C:\Users\winterfell\.gradle\caches\modules-2\files-2.1\org.springframework.data\spring-data-commons\1.13.18.RELEASE\18c6ff250e3806710b9ba0750ca5e05b5e5ec0f1\spring-data-commons-1.13.18.RELEASE.jar;C:\Users\winterfell\.gradle\caches\modules-2\files-2.1\org.springframework\spring-context\4.3.22.RELEASE\1edff23a32bb7b02ad258294688173672e671ada\spring-context-4.3.22.RELEASE.jar;C:\Users\winterfell\.gradle\caches\modules-2\files-2.1\org.springframework\spring-tx\4.3.22.RELEASE\9dc7a0c676de844395485664d59b9221d9a13025\spring-tx-4.3.22.RELEASE.jar;C:\Users\winterfell\.gradle\caches\modules-2\files-2.1\org.springframework\spring-aop\4.3.22.RELEASE\ad29b1de008c3398bfaa6e177f0675c47864aa1b\spring-aop-4.3.22.RELEASE.jar;C:\Users\winterfell\.gradle\caches\modules-2\files-2.1\org.springframework\spring-beans\4.3.22.RELEASE\b996bdca37e04a9e875dd40db184df208a315356\spring-beans-4.3.22.RELEASE.jar;C:\Users\winterfell\.gradle\caches\modules-2\files-2.1\org.springframework\spring-expression\4.3.22.RELEASE\314e4169b2559085f390b042ed14685877109b1e\spring-expression-4.3.22.RELEASE.jar;C:\Users\winterfell\.gradle\caches\modules-2\files-2.1\org.springframework\spring-core\4.3.22.RELEASE\644c452cb43edf55f3cc8a1252a6e5a28316f42e\spring-core-4.3.22.RELEASE.jar;C:\Users\winterfell\.gradle\caches\modules-2\files-2.1\org.springframework.boot\spring-boot-starter-logging\1.5.19.RELEASE\a9529ecfe4446aac782bf4bc3d05101eccfe0d12\spring-boot-starter-logging-1.5.19.RELEASE.jar;C:\Users\winterfell\.gradle\caches\modules-2\files-2.1\org.yaml\snakeyaml\1.17\7a27ea250c5130b2922b86dea63cbb1cc10a660c\snakeyaml-1.17.jar;C:\Users\winterfell\.gradle\caches\modules-2\files-2.1\org.aspectj\aspectjweaver\1.8.13\ad94df2a28d658a40dc27bbaff6a1ce5fbf04e9b\aspectjweaver-1.8.13.jar;C:\Users\winterfell\.gradle\caches\modules-2\files-2.1\org.hibernate.common\hibernate-commons-annotations\5.0.1.Final\71e1cff3fcb20d3b3af4f3363c3ddb24d33c6879\hibernate-commons-annotations-5.0.1.Final.jar;C:\Users\winterfell\.gradle\caches\modules-2\files-2.1\org.jboss.logging\jboss-logging\3.3.2.Final\3789d00e859632e6c6206adc0c71625559e6e3b0\jboss-logging-3.3.2.Final.jar;C:\Users\winterfell\.gradle\caches\modules-2\files-2.1\org.hibernate.javax.persistence\hibernate-jpa-2.1-api\1.0.0.Final\5e731d961297e5a07290bfaf3db1fbc8bbbf405a\hibernate-jpa-2.1-api-1.0.0.Final.jar;C:\Users\winterfell\.gradle\caches\modules-2\files-2.1\org.javassist\javassist\3.21.0-GA\598244f595db5c5fb713731eddbb1c91a58d959b\javassist-3.21.0-GA.jar;C:\Users\winterfell\.gradle\caches\modules-2\files-2.1\antlr\antlr\2.7.7\83cd2cd674a217ade95a4bb83a8a14f351f48bd0\antlr-2.7.7.jar;C:\Users\winterfell\.gradle\caches\modules-2\files-2.1\org.jboss\jandex\2.0.0.Final\3e899258936f94649c777193e1be846387ed54b3\jandex-2.0.0.Final.jar;C:\Users\winterfell\.gradle\caches\modules-2\files-2.1\dom4j\dom4j\1.6.1\5d3ccc056b6f056dbf0dddfdf43894b9065a8f94\dom4j-1.6.1.jar;C:\Users\winterfell\.gradle\caches\modules-2\files-2.1\org.slf4j\jcl-over-slf4j\1.7.25\f8c32b13ff142a513eeb5b6330b1588dcb2c0461\jcl-over-slf4j-1.7.25.jar;C:\Users\winterfell\.gradle\caches\modules-2\files-2.1\ch.qos.logback\logback-classic\1.1.11\ccedfbacef4a6515d2983e3f89ed753d5d4fb665\logback-classic-1.1.11.jar;C:\Users\winterfell\.gradle\caches\modules-2\files-2.1\org.slf4j\jul-to-slf4j\1.7.25\af5364cd6679bfffb114f0dec8a157aaa283b76\jul-to-slf4j-1.7.25.jar;C:\Users\winterfell\.gradle\caches\modules-2\files-2.1\org.slf4j\log4j-over-slf4j\1.7.25\a87bb47468f47ee7aabbd54f93e133d4215769c3\log4j-over-slf4j-1.7.25.jar;C:\Users\winterfell\.gradle\caches\modules-2\files-2.1\org.slf4j\slf4j-api\1.7.25\da76ca59f6a57ee3102f8f9bd9cee742973efa8a\slf4j-api-1.7.25.jar;C:\Users\winterfell\.gradle\caches\modules-2\files-2.1\org.apache.tomcat\tomcat-juli\8.5.37\19f5e3191dc793d95bc527e01f9a0cc168c93a12\tomcat-juli-8.5.37.jar;C:\Users\winterfell\.gradle\caches\modules-2\files-2.1\javax.validation\validation-api\1.1.0.Final\8613ae82954779d518631e05daa73a6a954817d5\validation-api-1.1.0.Final.jar;C:\Users\winterfell\.gradle\caches\modules-2\files-2.1\com.fasterxml\classmate\1.3.4\3d5f48f10bbe4eb7bd862f10c0583be2e0053c6\classmate-1.3.4.jar;C:\Users\winterfell\.gradle\caches\modules-2\files-2.1\net.minidev\json-smart\2.2.1\5b9e5df7a62d1279b70dc882b041d249c4f0b002\json-smart-2.2.1.jar;C:\Users\winterfell\.gradle\caches\modules-2\files-2.1\org.objenesis\objenesis\2.1\87c0ea803b69252868d09308b4618f766f135a96\objenesis-2.1.jar;C:\Users\winterfell\.gradle\caches\modules-2\files-2.1\com.vaadin.external.google\android-json\0.0.20131108.vaadin1\fa26d351fe62a6a17f5cda1287c1c6110dec413f\android-json-0.0.20131108.vaadin1.jar;C:\Users\winterfell\.gradle\caches\modules-2\files-2.1\net.minidev\accessors-smart\1.1\a527213f2fea112a04c9bdf0ec0264e34104cd08\accessors-smart-1.1.jar;C:\Users\winterfell\.gradle\caches\modules-2\files-2.1\ch.qos.logback\logback-core\1.1.11\88b8df40340eed549fb07e2613879bf6b006704d\logback-core-1.1.11.jar;C:\Users\winterfell\.gradle\caches\modules-2\files-2.1\org.ow2.asm\asm\5.0.3\dcc2193db20e19e1feca8b1240dbbc4e190824fa\asm-5.0.3.jar, user.name=winterfell, java.vm.specification.version=1.8, sun.java.command=worker.org.gradle.process.internal.worker.GradleWorkerMain 'Gradle Test Executor 1', java.home=C:\Program Files\Java\jdk1.8.0_191\jre, sun.arch.data.model=64, user.language=pl, java.specification.vendor=Oracle Corporation, awt.toolkit=sun.awt.windows.WToolkit, java.vm.info=mixed mode, java.version=1.8.0_191, java.ext.dirs=C:\Program Files\Java\jdk1.8.0_191\jre\lib\ext;C:\WINDOWS\Sun\Java\lib\ext, sun.boot.class.path=C:\Program Files\Java\jdk1.8.0_191\jre\lib\resources.jar;C:\Program Files\Java\jdk1.8.0_191\jre\lib\rt.jar;C:\Program Files\Java\jdk1.8.0_191\jre\lib\sunrsasign.jar;C:\Program Files\Java\jdk1.8.0_191\jre\lib\jsse.jar;C:\Program Files\Java\jdk1.8.0_191\jre\lib\jce.jar;C:\Program Files\Java\jdk1.8.0_191\jre\lib\charsets.jar;C:\Program Files\Java\jdk1.8.0_191\jre\lib\jfr.jar;C:\Program Files\Java\jdk1.8.0_191\jre\classes, java.vendor=Oracle Corporation, org.gradle.test.worker=1, file.separator=\, java.vendor.url.bug=http://bugreport.sun.com/bugreport/, sun.io.unicode.encoding=UnicodeLittle, sun.cpu.endian=little, sun.desktop=windows, sun.cpu.isalist=amd64}}, SystemEnvironmentPropertySource@523529353 {name='systemEnvironment', properties={USERDOMAIN_ROAMINGPROFILE=YOUKNOWNOTHING, PROCESSOR_LEVEL=6, FP_NO_HOST_CHECK=NO, SESSIONNAME=Console, ALLUSERSPROFILE=C:\ProgramData, PROCESSOR_ARCHITECTURE=AMD64, PSModulePath=C:\WINDOWS\system32\WindowsPowerShell\v1.0\Modules\, __INTELLIJ_COMMAND_HISTFILE__=C:\Users\winterfell\.IntelliJIdea2018.3\config\terminal\history\history-5, SystemDrive=C:, DIRNAME=D:\nowaintelliJ4\, USERNAME=winterfell, CMD_LINE_ARGS=build, ProgramFiles(x86)=C:\Program Files (x86), FPS_BROWSER_USER_PROFILE_STRING=Default, APP_HOME=D:\nowaintelliJ4\, PATHEXT=.COM;.EXE;.BAT;.CMD;.VBS;.VBE;.JS;.JSE;.WSF;.WSH;.MSC, DriverData=C:\Windows\System32\Drivers\DriverData, OneDriveConsumer=C:\Users\winterfell\OneDrive, ProgramData=C:\ProgramData, ProgramW6432=C:\Program Files, HOMEPATH=\Users\winterfell, PROCESSOR_IDENTIFIER=Intel64 Family 6 Model 42 Stepping 7, GenuineIntel, ProgramFiles=C:\Program Files, PUBLIC=C:\Users\Public, windir=C:\WINDOWS, =::=::\, _SKIP=2, LOCALAPPDATA=C:\Users\winterfell\AppData\Local, USERDOMAIN=YOUKNOWNOTHING, FPS_BROWSER_APP_PROFILE_STRING=Internet Explorer, LOGONSERVER=\\YOUKNOWNOTHING, JAVA_HOME=C:\Program Files\Java\jdk1.8.0_191, PROMPT=$P$G, OneDrive=C:\Users\winterfell\OneDrive, APPDATA=C:\Users\winterfell\AppData\Roaming, JAVA_EXE=C:\Program Files\Java\jdk1.8.0_191/bin/java.exe, windows_tracing_logfile=C:\BVTBin\Tests\installpackage\csilogfile.log, CommonProgramFiles=C:\Program Files\Common Files, Path=C:\Program Files\Java\jdk1.8.0_191\bin;C:\Program Files (x86)\Common Files\Oracle\Java\javapath;C:\Program Files (x86)\NVIDIA Corporation\PhysX\Common;C:\Program Files (x86)\Intel\iCLS Client\;C:\Program Files\Intel\iCLS Client\;C:\Program Files\Common Files\Microsoft Shared\Windows Live;C:\Program Files (x86)\Common Files\Microsoft Shared\Windows Live;C:\windows\system32;C:\windows;C:\windows\System32\Wbem;C:\windows\System32\WindowsPowerShell\v1.0\;C:\Program Files (x86)\Windows Live\Shared;C:\Program Files (x86)\Intel\OpenCL SDK\2.0\bin\x86;C:\Program Files (x86)\Intel\OpenCL SDK\2.0\bin\x64;C:\Program Files\Intel\Intel(R) Management Engine Components\DAL;C:\Program Files\Intel\Intel(R) Management Engine Components\IPT;C:\Program Files (x86)\Intel\Intel(R) Management Engine Components\DAL;C:\Program Files (x86)\Intel\Intel(R) Management Engine Components\IPT;C:\Program Files\Calibre2\;C:\WINDOWS\system32;C:\WINDOWS;C:\WINDOWS\System32\Wbem;C:\WINDOWS\System32\WindowsPowerShell\v1.0\;C:\WINDOWS\System32\OpenSSH\;C:\Program Files\Git\cmd;C:\Program Files\Git\mingw64\bin;C:\Program Files\Git\usr\bin;C:\gradle-4.10.2\bin;C:\Program Files\Heroku\bin, OS=Windows_NT, windows_tracing_flags=3, COMPUTERNAME=YOUKNOWNOTHING, CATALINA_HOME=C:\apache-tomcat-9.0.14, PROCESSOR_REVISION=2a07, CLASSPATH=D:\nowaintelliJ4\\gradle\wrapper\gradle-wrapper.jar, CommonProgramW6432=C:\Program Files\Common Files, ComSpec=C:\WINDOWS\system32\cmd.exe, APP_BASE_NAME=gradlew, TERMINAL_EMULATOR=JetBrains-JediTerm, =D:=D:\nowaintelliJ4, SystemRoot=C:\WINDOWS, TEMP=C:\Users\WINTER~1\AppData\Local\Temp, HOMEDRIVE=C:, USERPROFILE=C:\Users\winterfell, TMP=C:\Users\WINTER~1\AppData\Local\Temp, CommonProgramFiles(x86)=C:\Program Files (x86)\Common Files, NUMBER_OF_PROCESSORS=4}}]
16:46:33.287 [Test worker] DEBUG org.springframework.core.io.support.PathMatchingResourcePatternResolver - Resolved classpath location [com/kodilla/hibernate/invoice/dao/] to resources [URL [file:/D:/nowaintelliJ4/kodilla-hibernate-2/build/classes/java/test/com/kodilla/hibernate/invoice/dao/], URL [file:/D:/nowaintelliJ4/kodilla-hibernate-2/build/classes/java/main/com/kodilla/hibernate/invoice/dao/]]
16:46:33.288 [Test worker] DEBUG org.springframework.core.io.support.PathMatchingResourcePatternResolver - Looking for matching resources in directory tree [D:\nowaintelliJ4\kodilla-hibernate-2\build\classes\java\test\com\kodilla\hibernate\invoice\dao]
16:46:33.291 [Test worker] DEBUG org.springframework.core.io.support.PathMatchingResourcePatternResolver - Searching directory [D:\nowaintelliJ4\kodilla-hibernate-2\build\classes\java\test\com\kodilla\hibernate\invoice\dao] for files matching pattern [D:/nowaintelliJ4/kodilla-hibernate-2/build/classes/java/test/com/kodilla/hibernate/invoice/dao/*.class]
16:46:33.298 [Test worker] DEBUG org.springframework.core.io.support.PathMatchingResourcePatternResolver - Looking for matching resources in directory tree [D:\nowaintelliJ4\kodilla-hibernate-2\build\classes\java\main\com\kodilla\hibernate\invoice\dao]
16:46:33.300 [Test worker] DEBUG org.springframework.core.io.support.PathMatchingResourcePatternResolver - Searching directory [D:\nowaintelliJ4\kodilla-hibernate-2\build\classes\java\main\com\kodilla\hibernate\invoice\dao] for files matching pattern [D:/nowaintelliJ4/kodilla-hibernate-2/build/classes/java/main/com/kodilla/hibernate/invoice/dao/*.class]
16:46:33.305 [Test worker] DEBUG org.springframework.core.io.support.PathMatchingResourcePatternResolver - Resolved location pattern [classpath*:com/kodilla/hibernate/invoice/dao/*.class] to resources [file [D:\nowaintelliJ4\kodilla-hibernate-2\build\classes\java\test\com\kodilla\hibernate\invoice\dao\InvoiceDaoTestSuite.class], file [D:\nowaintelliJ4\kodilla-hibernate-2\build\classes\java\main\com\kodilla\hibernate\invoice\dao\InvoiceDao.class], file [D:\nowaintelliJ4\kodilla-hibernate-2\build\classes\java\main\com\kodilla\hibernate\invoice\dao\ItemDao.class], file [D:\nowaintelliJ4\kodilla-hibernate-2\build\classes\java\main\com\kodilla\hibernate\invoice\dao\ProductDao.class]]
16:46:33.369 [Test worker] DEBUG org.springframework.core.io.support.PathMatchingResourcePatternResolver - Resolved classpath location [com/kodilla/hibernate/invoice/] to resources [URL [file:/D:/nowaintelliJ4/kodilla-hibernate-2/build/classes/java/test/com/kodilla/hibernate/invoice/], URL [file:/D:/nowaintelliJ4/kodilla-hibernate-2/build/classes/java/main/com/kodilla/hibernate/invoice/]]
16:46:33.369 [Test worker] DEBUG org.springframework.core.io.support.PathMatchingResourcePatternResolver - Looking for matching resources in directory tree [D:\nowaintelliJ4\kodilla-hibernate-2\build\classes\java\test\com\kodilla\hibernate\invoice]
16:46:33.370 [Test worker] DEBUG org.springframework.core.io.support.PathMatchingResourcePatternResolver - Searching directory [D:\nowaintelliJ4\kodilla-hibernate-2\build\classes\java\test\com\kodilla\hibernate\invoice] for files matching pattern [D:/nowaintelliJ4/kodilla-hibernate-2/build/classes/java/test/com/kodilla/hibernate/invoice/*.class]
16:46:33.371 [Test worker] DEBUG org.springframework.core.io.support.PathMatchingResourcePatternResolver - Looking for matching resources in directory tree [D:\nowaintelliJ4\kodilla-hibernate-2\build\classes\java\main\com\kodilla\hibernate\invoice]
16:46:33.371 [Test worker] DEBUG org.springframework.core.io.support.PathMatchingResourcePatternResolver - Searching directory [D:\nowaintelliJ4\kodilla-hibernate-2\build\classes\java\main\com\kodilla\hibernate\invoice] for files matching pattern [D:/nowaintelliJ4/kodilla-hibernate-2/build/classes/java/main/com/kodilla/hibernate/invoice/*.class]
16:46:33.374 [Test worker] DEBUG org.springframework.core.io.support.PathMatchingResourcePatternResolver - Resolved location pattern [classpath*:com/kodilla/hibernate/invoice/*.class] to resources [file [D:\nowaintelliJ4\kodilla-hibernate-2\build\classes\java\main\com\kodilla\hibernate\invoice\Invoice.class], file [D:\nowaintelliJ4\kodilla-hibernate-2\build\classes\java\main\com\kodilla\hibernate\invoice\Item.class], file [D:\nowaintelliJ4\kodilla-hibernate-2\build\classes\java\main\com\kodilla\hibernate\invoice\Product.class]]
16:46:33.406 [Test worker] DEBUG org.springframework.core.io.support.PathMatchingResourcePatternResolver - Resolved classpath location [com/kodilla/hibernate/] to resources [URL [file:/D:/nowaintelliJ4/kodilla-hibernate-2/build/classes/java/test/com/kodilla/hibernate/], URL [file:/D:/nowaintelliJ4/kodilla-hibernate-2/build/classes/java/main/com/kodilla/hibernate/]]
16:46:33.407 [Test worker] DEBUG org.springframework.core.io.support.PathMatchingResourcePatternResolver - Looking for matching resources in directory tree [D:\nowaintelliJ4\kodilla-hibernate-2\build\classes\java\test\com\kodilla\hibernate]
16:46:33.408 [Test worker] DEBUG org.springframework.core.io.support.PathMatchingResourcePatternResolver - Searching directory [D:\nowaintelliJ4\kodilla-hibernate-2\build\classes\java\test\com\kodilla\hibernate] for files matching pattern [D:/nowaintelliJ4/kodilla-hibernate-2/build/classes/java/test/com/kodilla/hibernate/*.class]
16:46:33.410 [Test worker] DEBUG org.springframework.core.io.support.PathMatchingResourcePatternResolver - Looking for matching resources in directory tree [D:\nowaintelliJ4\kodilla-hibernate-2\build\classes\java\main\com\kodilla\hibernate]
16:46:33.411 [Test worker] DEBUG org.springframework.core.io.support.PathMatchingResourcePatternResolver - Searching directory [D:\nowaintelliJ4\kodilla-hibernate-2\build\classes\java\main\com\kodilla\hibernate] for files matching pattern [D:/nowaintelliJ4/kodilla-hibernate-2/build/classes/java/main/com/kodilla/hibernate/*.class]
16:46:33.414 [Test worker] DEBUG org.springframework.core.io.support.PathMatchingResourcePatternResolver - Resolved location pattern [classpath*:com/kodilla/hibernate/*.class] to resources [file [D:\nowaintelliJ4\kodilla-hibernate-2\build\classes\java\test\com\kodilla\hibernate\KodillaHibernateApplicationTest.class], file [D:\nowaintelliJ4\kodilla-hibernate-2\build\classes\java\test\com\kodilla\hibernate\KodillaHibernateApplicationTests.class], file [D:\nowaintelliJ4\kodilla-hibernate-2\build\classes\java\main\com\kodilla\hibernate\KodillaHibernateApplication.class]]
16:46:33.472 [Test worker] DEBUG org.springframework.context.annotation.ClassPathScanningCandidateComponentProvider - Identified candidate component class: file [D:\nowaintelliJ4\kodilla-hibernate-2\build\classes\java\main\com\kodilla\hibernate\KodillaHibernateApplication.class]
16:46:33.474 [Test worker] INFO org.springframework.boot.test.context.SpringBootTestContextBootstrapper - Found @SpringBootConfiguration com.kodilla.hibernate.KodillaHibernateApplication for test class com.kodilla.hibernate.invoice.dao.InvoiceDaoTestSuite
16:46:33.478 [Test worker] DEBUG org.springframework.boot.test.context.SpringBootTestContextBootstrapper - @TestExecutionListeners is not present for class [com.kodilla.hibernate.invoice.dao.InvoiceDaoTestSuite]: using defaults.
16:46:33.490 [Test worker] INFO org.springframework.boot.test.context.SpringBootTestContextBootstrapper - Loaded default TestExecutionListener class names from location [META-INF/spring.factories]: [org.springframework.boot.test.autoconfigure.restdocs.RestDocsTestExecutionListener, org.springframework.boot.test.autoconfigure.web.client.MockRestServiceServerResetTestExecutionListener, org.springframework.boot.test.autoconfigure.web.servlet.MockMvcPrintOnlyOnFailureTestExecutionListener, org.springframework.boot.test.autoconfigure.web.servlet.WebDriverTestExecutionListener, org.springframework.boot.test.mock.mockito.MockitoTestExecutionListener, org.springframework.boot.test.mock.mockito.ResetMocksTestExecutionListener, org.springframework.test.context.web.ServletTestExecutionListener, org.springframework.test.context.support.DirtiesContextBeforeModesTestExecutionListener, org.springframework.test.context.support.DependencyInjectionTestExecutionListener, org.springframework.test.context.support.DirtiesContextTestExecutionListener, org.springframework.test.context.transaction.TransactionalTestExecutionListener, org.springframework.test.context.jdbc.SqlScriptsTestExecutionListener]
16:46:33.510 [Test worker] DEBUG org.springframework.boot.test.context.SpringBootTestContextBootstrapper - Could not instantiate TestExecutionListener [org.springframework.test.context.web.ServletTestExecutionListener]. Specify custom listener classes or make the default listener classes (and their required dependencies) available. Offending class: [javax/servlet/ServletContext]
16:46:33.529 [Test worker] INFO org.springframework.boot.test.context.SpringBootTestContextBootstrapper - Using TestExecutionListeners: [org.springframework.test.context.support.DirtiesContextBeforeModesTestExecutionListener@3c7fb4b7, org.springframework.boot.test.mock.mockito.MockitoTestExecutionListener@12335738, org.springframework.boot.test.autoconfigure.SpringBootDependencyInjectionTestExecutionListener@75e0b488, org.springframework.test.context.support.DirtiesContextTestExecutionListener@49f1aede, org.springframework.test.context.transaction.TransactionalTestExecutionListener@8ea715b, org.springframework.test.context.jdbc.SqlScriptsTestExecutionListener@687de9, org.springframework.boot.test.autoconfigure.restdocs.RestDocsTestExecutionListener@705cdd98, org.springframework.boot.test.autoconfigure.web.client.MockRestServiceServerResetTestExecutionListener@341f1a13, org.springframework.boot.test.autoconfigure.web.servlet.MockMvcPrintOnlyOnFailureTestExecutionListener@6fa4d562, org.springframework.boot.test.autoconfigure.web.servlet.WebDriverTestExecutionListener@2ce07a4a, org.springframework.boot.test.mock.mockito.ResetMocksTestExecutionListener@3a46d253]
16:46:33.534 [Test worker] DEBUG org.springframework.test.annotation.ProfileValueUtils - Retrieved @ProfileValueSourceConfiguration [null] for test class [com.kodilla.hibernate.invoice.dao.InvoiceDaoTestSuite]
16:46:33.535 [Test worker] DEBUG org.springframework.test.annotation.ProfileValueUtils - Retrieved ProfileValueSource type [class org.springframework.test.annotation.SystemProfileValueSource] for class [com.kodilla.hibernate.invoice.dao.InvoiceDaoTestSuite]
16:46:33.536 [Test worker] DEBUG org.springframework.test.annotation.ProfileValueUtils - Retrieved @ProfileValueSourceConfiguration [null] for test class [com.kodilla.hibernate.invoice.dao.InvoiceDaoTestSuite]
16:46:33.537 [Test worker] DEBUG org.springframework.test.annotation.ProfileValueUtils - Retrieved ProfileValueSource type [class org.springframework.test.annotation.SystemProfileValueSource] for class [com.kodilla.hibernate.invoice.dao.InvoiceDaoTestSuite]
16:46:33.544 [Test worker] DEBUG org.springframework.test.context.support.AbstractDirtiesContextTestExecutionListener - Before test class: context [DefaultTestContext@16dd2c00 testClass = InvoiceDaoTestSuite, testInstance = [null], testMethod = [null], testException = [null], mergedContextConfiguration = [MergedContextConfiguration@63ed5244 testClass = InvoiceDaoTestSuite, locations = '{}', classes = '{class com.kodilla.hibernate.KodillaHibernateApplication}', contextInitializerClasses = '[]', activeProfiles = '{}', propertySourceLocations = '{}', propertySourceProperties = '{org.springframework.boot.test.context.SpringBootTestContextBootstrapper=true}', contextCustomizers = set[org.springframework.boot.test.autoconfigure.properties.PropertyMappingContextCustomizer@0, org.springframework.boot.test.autoconfigure.web.servlet.WebDriverContextCustomizerFactory$Customizer@145bb0d, org.springframework.boot.test.context.SpringBootTestContextCustomizer@79a63146, org.springframework.boot.test.context.filter.ExcludeFilterContextCustomizer@714b5521, org.springframework.boot.test.json.DuplicateJsonObjectContextCustomizerFactory$DuplicateJsonObjectContextCustomizer@7a3c373b, org.springframework.boot.test.mock.mockito.MockitoContextCustomizer@0], contextLoader = 'org.springframework.boot.test.context.SpringBootContextLoader', parent = [null]]], class annotated with @DirtiesContext [false] with mode [null].
16:46:33.546 [Test worker] DEBUG org.springframework.test.annotation.ProfileValueUtils - Retrieved @ProfileValueSourceConfiguration [null] for test class [com.kodilla.hibernate.invoice.dao.InvoiceDaoTestSuite]
16:46:33.546 [Test worker] DEBUG org.springframework.test.annotation.ProfileValueUtils - Retrieved ProfileValueSource type [class org.springframework.test.annotation.SystemProfileValueSource] for class [com.kodilla.hibernate.invoice.dao.InvoiceDaoTestSuite]
16:46:33.553 [Test worker] DEBUG org.springframework.test.context.support.DependencyInjectionTestExecutionListener - Performing dependency injection for test context [[DefaultTestContext@16dd2c00 testClass = InvoiceDaoTestSuite, testInstance = com.kodilla.hibernate.invoice.dao.InvoiceDaoTestSuite@5db2f17a, testMethod = [null], testException = [null], mergedContextConfiguration = [MergedContextConfiguration@63ed5244 testClass = InvoiceDaoTestSuite, locations = '{}', classes = '{class com.kodilla.hibernate.KodillaHibernateApplication}', contextInitializerClasses = '[]', activeProfiles = '{}', propertySourceLocations = '{}', propertySourceProperties = '{org.springframework.boot.test.context.SpringBootTestContextBootstrapper=true}', contextCustomizers = set[org.springframework.boot.test.autoconfigure.properties.PropertyMappingContextCustomizer@0, org.springframework.boot.test.autoconfigure.web.servlet.WebDriverContextCustomizerFactory$Customizer@145bb0d, org.springframework.boot.test.context.SpringBootTestContextCustomizer@79a63146, org.springframework.boot.test.context.filter.ExcludeFilterContextCustomizer@714b5521, org.springframework.boot.test.json.DuplicateJsonObjectContextCustomizerFactory$DuplicateJsonObjectContextCustomizer@7a3c373b, org.springframework.boot.test.mock.mockito.MockitoContextCustomizer@0], contextLoader = 'org.springframework.boot.test.context.SpringBootContextLoader', parent = [null]]]].
16:46:33.690 [Test worker] DEBUG org.springframework.core.env.StandardEnvironment - Adding PropertySource 'systemProperties' with lowest search precedence
16:46:33.691 [Test worker] DEBUG org.springframework.core.env.StandardEnvironment - Adding PropertySource 'systemEnvironment' with lowest search precedence
16:46:33.692 [Test worker] DEBUG org.springframework.core.env.StandardEnvironment - Initialized StandardEnvironment with PropertySources [MapPropertySource@1694677393 {name='systemProperties', properties={java.runtime.name=Java(TM) SE Runtime Environment, sun.boot.library.path=C:\Program Files\Java\jdk1.8.0_191\jre\bin, java.vm.version=25.191-b12, java.vm.vendor=Oracle Corporation, java.vendor.url=http://java.oracle.com/, path.separator=;, java.vm.name=Java HotSpot(TM) 64-Bit Server VM, file.encoding.pkg=sun.io, user.script=, sun.java.launcher=SUN_STANDARD, user.country=PL, sun.os.patch.level=, java.vm.specification.name=Java Virtual Machine Specification, user.dir=D:\nowaintelliJ4\kodilla-hibernate-2, java.runtime.version=1.8.0_191-b12, java.awt.graphicsenv=sun.awt.Win32GraphicsEnvironment, java.endorsed.dirs=C:\Program Files\Java\jdk1.8.0_191\jre\lib\endorsed, os.arch=amd64, java.io.tmpdir=C:\Users\WINTER~1\AppData\Local\Temp\, line.separator=
, java.vm.specification.vendor=Oracle Corporation, user.variant=, os.name=Windows 10, sun.jnu.encoding=Cp1250, java.library.path=C:\Program Files\Java\jdk1.8.0_191\bin;C:\WINDOWS\Sun\Java\bin;C:\WINDOWS\system32;C:\WINDOWS;C:\Program Files\Java\jdk1.8.0_191\bin;C:\Program Files (x86)\Common Files\Oracle\Java\javapath;C:\Program Files (x86)\NVIDIA Corporation\PhysX\Common;C:\Program Files (x86)\Intel\iCLS Client\;C:\Program Files\Intel\iCLS Client\;C:\Program Files\Common Files\Microsoft Shared\Windows Live;C:\Program Files (x86)\Common Files\Microsoft Shared\Windows Live;C:\windows\system32;C:\windows;C:\windows\System32\Wbem;C:\windows\System32\WindowsPowerShell\v1.0\;C:\Program Files (x86)\Windows Live\Shared;C:\Program Files (x86)\Intel\OpenCL SDK\2.0\bin\x86;C:\Program Files (x86)\Intel\OpenCL SDK\2.0\bin\x64;C:\Program Files\Intel\Intel(R) Management Engine Components\DAL;C:\Program Files\Intel\Intel(R) Management Engine Components\IPT;C:\Program Files (x86)\Intel\Intel(R) Management Engine Components\DAL;C:\Program Files (x86)\Intel\Intel(R) Management Engine Components\IPT;C:\Program Files\Calibre2\;C:\WINDOWS\system32;C:\WINDOWS;C:\WINDOWS\System32\Wbem;C:\WINDOWS\System32\WindowsPowerShell\v1.0\;C:\WINDOWS\System32\OpenSSH\;C:\Program Files\Git\cmd;C:\Program Files\Git\mingw64\bin;C:\Program Files\Git\usr\bin;C:\gradle-4.10.2\bin;C:\Program Files\Heroku\bin;., java.specification.name=Java Platform API Specification, java.class.version=52.0, org.gradle.native=false, sun.management.compiler=HotSpot 64-Bit Tiered Compilers, os.version=10.0, user.home=C:\Users\winterfell, user.timezone=Europe/Belgrade, java.awt.printerjob=sun.awt.windows.WPrinterJob, file.encoding=windows-1250, java.specification.version=1.8, java.class.path=D:\nowaintelliJ4\kodilla-hibernate-2\build\classes\java\test;D:\nowaintelliJ4\kodilla-hibernate-2\build\resources\test;D:\nowaintelliJ4\kodilla-hibernate-2\build\classes\java\main;D:\nowaintelliJ4\kodilla-hibernate-2\build\resources\main;C:\Users\winterfell\.gradle\caches\modules-2\files-2.1\org.springframework.boot\spring-boot-starter-data-jpa\1.5.19.RELEASE\158a8619ac9bd08d995450f1c4d768ca8adc9a98\spring-boot-starter-data-jpa-1.5.19.RELEASE.jar;C:\Users\winterfell\.gradle\caches\modules-2\files-2.1\org.springframework.boot\spring-boot-starter-jdbc\1.5.19.RELEASE\b2f84e55a1384dfc8edc8ea0506cd3c98b7e1d5d\spring-boot-starter-jdbc-1.5.19.RELEASE.jar;C:\Users\winterfell\.gradle\caches\modules-2\files-2.1\org.springframework.boot\spring-boot-starter-validation\1.5.19.RELEASE\ad0c090ebbdec61536163234e5c76e98ea168712\spring-boot-starter-validation-1.5.19.RELEASE.jar;C:\Users\winterfell\.gradle\caches\modules-2\files-2.1\mysql\mysql-connector-java\5.1.47\9de4159aaf2d08817a276610b8114a825fca6cfd\mysql-connector-java-5.1.47.jar;C:\Users\winterfell\.gradle\caches\modules-2\files-2.1\org.springframework.boot\spring-boot-starter-test\1.5.19.RELEASE\d06b6f71d88f4e7f7cafe4f9be6f73f783c0cb5e\spring-boot-starter-test-1.5.19.RELEASE.jar;C:\Users\winterfell\.gradle\caches\modules-2\files-2.1\org.springframework.boot\spring-boot-starter-aop\1.5.19.RELEASE\660b6fef59da24e9494d268e527d9d95f7f28556\spring-boot-starter-aop-1.5.19.RELEASE.jar;C:\Users\winterfell\.gradle\caches\modules-2\files-2.1\org.springframework.boot\spring-boot-starter\1.5.19.RELEASE\c93f91adc650e2dc122139cf93ed7814fec04830\spring-boot-starter-1.5.19.RELEASE.jar;C:\Users\winterfell\.gradle\caches\modules-2\files-2.1\org.hibernate\hibernate-entitymanager\5.0.12.Final\302a526f5058290e9cbd719a5caf9f248d344719\hibernate-entitymanager-5.0.12.Final.jar;C:\Users\winterfell\.gradle\caches\modules-2\files-2.1\org.hibernate\hibernate-core\5.0.12.Final\e58bf1c660e6706d8e2cbb53bae110f574366102\hibernate-core-5.0.12.Final.jar;C:\Users\winterfell\.gradle\caches\modules-2\files-2.1\javax.transaction\javax.transaction-api\1.2\d81aff979d603edd90dcd8db2abc1f4ce6479e3e\javax.transaction-api-1.2.jar;C:\Users\winterfell\.gradle\caches\modules-2\files-2.1\org.springframework.data\spring-data-jpa\1.11.18.RELEASE\425cb6cd31a547c96c63539c9a2bf6be1c61ccac\spring-data-jpa-1.11.18.RELEASE.jar;C:\Users\winterfell\.gradle\caches\modules-2\files-2.1\org.springframework\spring-aspects\4.3.22.RELEASE\9566c1b7718f79b4c778fe44da5a7bbc9d087de6\spring-aspects-4.3.22.RELEASE.jar;C:\Users\winterfell\.gradle\caches\modules-2\files-2.1\org.apache.tomcat\tomcat-jdbc\8.5.37\26d6e4e60893da6b405c396c9e7b6460e618d3ef\tomcat-jdbc-8.5.37.jar;C:\Users\winterfell\.gradle\caches\modules-2\files-2.1\org.springframework\spring-orm\4.3.22.RELEASE\260023d0c6a5ff90eeb0cb4f824677009283ccc9\spring-orm-4.3.22.RELEASE.jar;C:\Users\winterfell\.gradle\caches\modules-2\files-2.1\org.springframework\spring-jdbc\4.3.22.RELEASE\86db27c5cdeef6d36d2bbb7bfe5bd4bb8543c522\spring-jdbc-4.3.22.RELEASE.jar;C:\Users\winterfell\.gradle\caches\modules-2\files-2.1\org.apache.tomcat.embed\tomcat-embed-el\8.5.37\fc91bf1f2f228859440e8665dffa1587b645ce8e\tomcat-embed-el-8.5.37.jar;C:\Users\winterfell\.gradle\caches\modules-2\files-2.1\org.hibernate\hibernate-validator\5.3.6.Final\4c730be8bf55a8e9a61e79a2f2c079abf48b718\hibernate-validator-5.3.6.Final.jar;C:\Users\winterfell\.gradle\caches\modules-2\files-2.1\org.springframework.boot\spring-boot-test-autoconfigure\1.5.19.RELEASE\e3637f7857ef427222c67beb722ea833d3563763\spring-boot-test-autoconfigure-1.5.19.RELEASE.jar;C:\Users\winterfell\.gradle\caches\modules-2\files-2.1\org.springframework.boot\spring-boot-test\1.5.19.RELEASE\b85d7ceb338de573bab5307f190d3db56328fb6b\spring-boot-test-1.5.19.RELEASE.jar;C:\Users\winterfell\.gradle\caches\modules-2\files-2.1\com.jayway.jsonpath\json-path\2.2.0\22290d17944bd239fabf5ac69005a60a7ecbbbcb\json-path-2.2.0.jar;C:\Users\winterfell\.gradle\caches\modules-2\files-2.1\junit\junit\4.12\2973d150c0dc1fefe998f834810d68f278ea58ec\junit-4.12.jar;C:\Users\winterfell\.gradle\caches\modules-2\files-2.1\org.assertj\assertj-core\2.6.0\b532c3fc4f66bcfee4989a3514f1cd56203a33ad\assertj-core-2.6.0.jar;C:\Users\winterfell\.gradle\caches\modules-2\files-2.1\org.mockito\mockito-core\1.10.19\e8546f5bef4e061d8dd73895b4e8f40e3fe6effe\mockito-core-1.10.19.jar;C:\Users\winterfell\.gradle\caches\modules-2\files-2.1\org.hamcrest\hamcrest-library\1.3\4785a3c21320980282f9f33d0d1264a69040538f\hamcrest-library-1.3.jar;C:\Users\winterfell\.gradle\caches\modules-2\files-2.1\org.hamcrest\hamcrest-core\1.3\42a25dc3219429f0e5d060061f71acb49bf010a0\hamcrest-core-1.3.jar;C:\Users\winterfell\.gradle\caches\modules-2\files-2.1\org.skyscreamer\jsonassert\1.4.0\9cdbb373a06f6513e51e8c545ee6a5e981463edb\jsonassert-1.4.0.jar;C:\Users\winterfell\.gradle\caches\modules-2\files-2.1\org.springframework\spring-test\4.3.22.RELEASE\51fe839060f1a8889a10acd5c35097b5a9f98592\spring-test-4.3.22.RELEASE.jar;C:\Users\winterfell\.gradle\caches\modules-2\files-2.1\org.springframework.boot\spring-boot-autoconfigure\1.5.19.RELEASE\4e9a29d2eda96d2e2f135a315dfa55ae0d3484d4\spring-boot-autoconfigure-1.5.19.RELEASE.jar;C:\Users\winterfell\.gradle\caches\modules-2\files-2.1\org.springframework.boot\spring-boot\1.5.19.RELEASE\b2bf5c47a8653e5fbba05c022d99549948bf9665\spring-boot-1.5.19.RELEASE.jar;C:\Users\winterfell\.gradle\caches\modules-2\files-2.1\org.springframework.data\spring-data-commons\1.13.18.RELEASE\18c6ff250e3806710b9ba0750ca5e05b5e5ec0f1\spring-data-commons-1.13.18.RELEASE.jar;C:\Users\winterfell\.gradle\caches\modules-2\files-2.1\org.springframework\spring-context\4.3.22.RELEASE\1edff23a32bb7b02ad258294688173672e671ada\spring-context-4.3.22.RELEASE.jar;C:\Users\winterfell\.gradle\caches\modules-2\files-2.1\org.springframework\spring-tx\4.3.22.RELEASE\9dc7a0c676de844395485664d59b9221d9a13025\spring-tx-4.3.22.RELEASE.jar;C:\Users\winterfell\.gradle\caches\modules-2\files-2.1\org.springframework\spring-aop\4.3.22.RELEASE\ad29b1de008c3398bfaa6e177f0675c47864aa1b\spring-aop-4.3.22.RELEASE.jar;C:\Users\winterfell\.gradle\caches\modules-2\files-2.1\org.springframework\spring-beans\4.3.22.RELEASE\b996bdca37e04a9e875dd40db184df208a315356\spring-beans-4.3.22.RELEASE.jar;C:\Users\winterfell\.gradle\caches\modules-2\files-2.1\org.springframework\spring-expression\4.3.22.RELEASE\314e4169b2559085f390b042ed14685877109b1e\spring-expression-4.3.22.RELEASE.jar;C:\Users\winterfell\.gradle\caches\modules-2\files-2.1\org.springframework\spring-core\4.3.22.RELEASE\644c452cb43edf55f3cc8a1252a6e5a28316f42e\spring-core-4.3.22.RELEASE.jar;C:\Users\winterfell\.gradle\caches\modules-2\files-2.1\org.springframework.boot\spring-boot-starter-logging\1.5.19.RELEASE\a9529ecfe4446aac782bf4bc3d05101eccfe0d12\spring-boot-starter-logging-1.5.19.RELEASE.jar;C:\Users\winterfell\.gradle\caches\modules-2\files-2.1\org.yaml\snakeyaml\1.17\7a27ea250c5130b2922b86dea63cbb1cc10a660c\snakeyaml-1.17.jar;C:\Users\winterfell\.gradle\caches\modules-2\files-2.1\org.aspectj\aspectjweaver\1.8.13\ad94df2a28d658a40dc27bbaff6a1ce5fbf04e9b\aspectjweaver-1.8.13.jar;C:\Users\winterfell\.gradle\caches\modules-2\files-2.1\org.hibernate.common\hibernate-commons-annotations\5.0.1.Final\71e1cff3fcb20d3b3af4f3363c3ddb24d33c6879\hibernate-commons-annotations-5.0.1.Final.jar;C:\Users\winterfell\.gradle\caches\modules-2\files-2.1\org.jboss.logging\jboss-logging\3.3.2.Final\3789d00e859632e6c6206adc0c71625559e6e3b0\jboss-logging-3.3.2.Final.jar;C:\Users\winterfell\.gradle\caches\modules-2\files-2.1\org.hibernate.javax.persistence\hibernate-jpa-2.1-api\1.0.0.Final\5e731d961297e5a07290bfaf3db1fbc8bbbf405a\hibernate-jpa-2.1-api-1.0.0.Final.jar;C:\Users\winterfell\.gradle\caches\modules-2\files-2.1\org.javassist\javassist\3.21.0-GA\598244f595db5c5fb713731eddbb1c91a58d959b\javassist-3.21.0-GA.jar;C:\Users\winterfell\.gradle\caches\modules-2\files-2.1\antlr\antlr\2.7.7\83cd2cd674a217ade95a4bb83a8a14f351f48bd0\antlr-2.7.7.jar;C:\Users\winterfell\.gradle\caches\modules-2\files-2.1\org.jboss\jandex\2.0.0.Final\3e899258936f94649c777193e1be846387ed54b3\jandex-2.0.0.Final.jar;C:\Users\winterfell\.gradle\caches\modules-2\files-2.1\dom4j\dom4j\1.6.1\5d3ccc056b6f056dbf0dddfdf43894b9065a8f94\dom4j-1.6.1.jar;C:\Users\winterfell\.gradle\caches\modules-2\files-2.1\org.slf4j\jcl-over-slf4j\1.7.25\f8c32b13ff142a513eeb5b6330b1588dcb2c0461\jcl-over-slf4j-1.7.25.jar;C:\Users\winterfell\.gradle\caches\modules-2\files-2.1\ch.qos.logback\logback-classic\1.1.11\ccedfbacef4a6515d2983e3f89ed753d5d4fb665\logback-classic-1.1.11.jar;C:\Users\winterfell\.gradle\caches\modules-2\files-2.1\org.slf4j\jul-to-slf4j\1.7.25\af5364cd6679bfffb114f0dec8a157aaa283b76\jul-to-slf4j-1.7.25.jar;C:\Users\winterfell\.gradle\caches\modules-2\files-2.1\org.slf4j\log4j-over-slf4j\1.7.25\a87bb47468f47ee7aabbd54f93e133d4215769c3\log4j-over-slf4j-1.7.25.jar;C:\Users\winterfell\.gradle\caches\modules-2\files-2.1\org.slf4j\slf4j-api\1.7.25\da76ca59f6a57ee3102f8f9bd9cee742973efa8a\slf4j-api-1.7.25.jar;C:\Users\winterfell\.gradle\caches\modules-2\files-2.1\org.apache.tomcat\tomcat-juli\8.5.37\19f5e3191dc793d95bc527e01f9a0cc168c93a12\tomcat-juli-8.5.37.jar;C:\Users\winterfell\.gradle\caches\modules-2\files-2.1\javax.validation\validation-api\1.1.0.Final\8613ae82954779d518631e05daa73a6a954817d5\validation-api-1.1.0.Final.jar;C:\Users\winterfell\.gradle\caches\modules-2\files-2.1\com.fasterxml\classmate\1.3.4\3d5f48f10bbe4eb7bd862f10c0583be2e0053c6\classmate-1.3.4.jar;C:\Users\winterfell\.gradle\caches\modules-2\files-2.1\net.minidev\json-smart\2.2.1\5b9e5df7a62d1279b70dc882b041d249c4f0b002\json-smart-2.2.1.jar;C:\Users\winterfell\.gradle\caches\modules-2\files-2.1\org.objenesis\objenesis\2.1\87c0ea803b69252868d09308b4618f766f135a96\objenesis-2.1.jar;C:\Users\winterfell\.gradle\caches\modules-2\files-2.1\com.vaadin.external.google\android-json\0.0.20131108.vaadin1\fa26d351fe62a6a17f5cda1287c1c6110dec413f\android-json-0.0.20131108.vaadin1.jar;C:\Users\winterfell\.gradle\caches\modules-2\files-2.1\net.minidev\accessors-smart\1.1\a527213f2fea112a04c9bdf0ec0264e34104cd08\accessors-smart-1.1.jar;C:\Users\winterfell\.gradle\caches\modules-2\files-2.1\ch.qos.logback\logback-core\1.1.11\88b8df40340eed549fb07e2613879bf6b006704d\logback-core-1.1.11.jar;C:\Users\winterfell\.gradle\caches\modules-2\files-2.1\org.ow2.asm\asm\5.0.3\dcc2193db20e19e1feca8b1240dbbc4e190824fa\asm-5.0.3.jar, user.name=winterfell, java.vm.specification.version=1.8, sun.java.command=worker.org.gradle.process.internal.worker.GradleWorkerMain 'Gradle Test Executor 1', java.home=C:\Program Files\Java\jdk1.8.0_191\jre, sun.arch.data.model=64, user.language=pl, java.specification.vendor=Oracle Corporation, awt.toolkit=sun.awt.windows.WToolkit, java.vm.info=mixed mode, java.version=1.8.0_191, java.ext.dirs=C:\Program Files\Java\jdk1.8.0_191\jre\lib\ext;C:\WINDOWS\Sun\Java\lib\ext, sun.boot.class.path=C:\Program Files\Java\jdk1.8.0_191\jre\lib\resources.jar;C:\Program Files\Java\jdk1.8.0_191\jre\lib\rt.jar;C:\Program Files\Java\jdk1.8.0_191\jre\lib\sunrsasign.jar;C:\Program Files\Java\jdk1.8.0_191\jre\lib\jsse.jar;C:\Program Files\Java\jdk1.8.0_191\jre\lib\jce.jar;C:\Program Files\Java\jdk1.8.0_191\jre\lib\charsets.jar;C:\Program Files\Java\jdk1.8.0_191\jre\lib\jfr.jar;C:\Program Files\Java\jdk1.8.0_191\jre\classes, java.vendor=Oracle Corporation, org.gradle.test.worker=1, file.separator=\, java.vendor.url.bug=http://bugreport.sun.com/bugreport/, sun.io.unicode.encoding=UnicodeLittle, sun.cpu.endian=little, sun.desktop=windows, sun.cpu.isalist=amd64}}, SystemEnvironmentPropertySource@1840221804 {name='systemEnvironment', properties={USERDOMAIN_ROAMINGPROFILE=YOUKNOWNOTHING, PROCESSOR_LEVEL=6, FP_NO_HOST_CHECK=NO, SESSIONNAME=Console, ALLUSERSPROFILE=C:\ProgramData, PROCESSOR_ARCHITECTURE=AMD64, PSModulePath=C:\WINDOWS\system32\WindowsPowerShell\v1.0\Modules\, __INTELLIJ_COMMAND_HISTFILE__=C:\Users\winterfell\.IntelliJIdea2018.3\config\terminal\history\history-5, SystemDrive=C:, DIRNAME=D:\nowaintelliJ4\, USERNAME=winterfell, CMD_LINE_ARGS=build, ProgramFiles(x86)=C:\Program Files (x86), FPS_BROWSER_USER_PROFILE_STRING=Default, APP_HOME=D:\nowaintelliJ4\, PATHEXT=.COM;.EXE;.BAT;.CMD;.VBS;.VBE;.JS;.JSE;.WSF;.WSH;.MSC, DriverData=C:\Windows\System32\Drivers\DriverData, OneDriveConsumer=C:\Users\winterfell\OneDrive, ProgramData=C:\ProgramData, ProgramW6432=C:\Program Files, HOMEPATH=\Users\winterfell, PROCESSOR_IDENTIFIER=Intel64 Family 6 Model 42 Stepping 7, GenuineIntel, ProgramFiles=C:\Program Files, PUBLIC=C:\Users\Public, windir=C:\WINDOWS, =::=::\, _SKIP=2, LOCALAPPDATA=C:\Users\winterfell\AppData\Local, USERDOMAIN=YOUKNOWNOTHING, FPS_BROWSER_APP_PROFILE_STRING=Internet Explorer, LOGONSERVER=\\YOUKNOWNOTHING, JAVA_HOME=C:\Program Files\Java\jdk1.8.0_191, PROMPT=$P$G, OneDrive=C:\Users\winterfell\OneDrive, APPDATA=C:\Users\winterfell\AppData\Roaming, JAVA_EXE=C:\Program Files\Java\jdk1.8.0_191/bin/java.exe, windows_tracing_logfile=C:\BVTBin\Tests\installpackage\csilogfile.log, CommonProgramFiles=C:\Program Files\Common Files, Path=C:\Program Files\Java\jdk1.8.0_191\bin;C:\Program Files (x86)\Common Files\Oracle\Java\javapath;C:\Program Files (x86)\NVIDIA Corporation\PhysX\Common;C:\Program Files (x86)\Intel\iCLS Client\;C:\Program Files\Intel\iCLS Client\;C:\Program Files\Common Files\Microsoft Shared\Windows Live;C:\Program Files (x86)\Common Files\Microsoft Shared\Windows Live;C:\windows\system32;C:\windows;C:\windows\System32\Wbem;C:\windows\System32\WindowsPowerShell\v1.0\;C:\Program Files (x86)\Windows Live\Shared;C:\Program Files (x86)\Intel\OpenCL SDK\2.0\bin\x86;C:\Program Files (x86)\Intel\OpenCL SDK\2.0\bin\x64;C:\Program Files\Intel\Intel(R) Management Engine Components\DAL;C:\Program Files\Intel\Intel(R) Management Engine Components\IPT;C:\Program Files (x86)\Intel\Intel(R) Management Engine Components\DAL;C:\Program Files (x86)\Intel\Intel(R) Management Engine Components\IPT;C:\Program Files\Calibre2\;C:\WINDOWS\system32;C:\WINDOWS;C:\WINDOWS\System32\Wbem;C:\WINDOWS\System32\WindowsPowerShell\v1.0\;C:\WINDOWS\System32\OpenSSH\;C:\Program Files\Git\cmd;C:\Program Files\Git\mingw64\bin;C:\Program Files\Git\usr\bin;C:\gradle-4.10.2\bin;C:\Program Files\Heroku\bin, OS=Windows_NT, windows_tracing_flags=3, COMPUTERNAME=YOUKNOWNOTHING, CATALINA_HOME=C:\apache-tomcat-9.0.14, PROCESSOR_REVISION=2a07, CLASSPATH=D:\nowaintelliJ4\\gradle\wrapper\gradle-wrapper.jar, CommonProgramW6432=C:\Program Files\Common Files, ComSpec=C:\WINDOWS\system32\cmd.exe, APP_BASE_NAME=gradlew, TERMINAL_EMULATOR=JetBrains-JediTerm, =D:=D:\nowaintelliJ4, SystemRoot=C:\WINDOWS, TEMP=C:\Users\WINTER~1\AppData\Local\Temp, HOMEDRIVE=C:, USERPROFILE=C:\Users\winterfell, TMP=C:\Users\WINTER~1\AppData\Local\Temp, CommonProgramFiles(x86)=C:\Program Files (x86)\Common Files, NUMBER_OF_PROCESSORS=4}}]
16:46:33.697 [Test worker] DEBUG org.springframework.core.env.MutablePropertySources - Adding PropertySource 'inline' with highest search precedence
16:46:33.707 [Test worker] DEBUG org.springframework.test.context.support.TestPropertySourceUtils - Adding inlined properties to environment: {spring.jmx.enabled=false, org.springframework.boot.test.context.SpringBootTestContextBootstrapper=true, server.port=-1}
16:46:33.708 [Test worker] DEBUG org.springframework.core.env.StandardEnvironment - Adding PropertySource 'Inlined Test Properties' with highest search precedence

  .   ____          _            __ _ _
 /\\ / ___'_ __ _ _(_)_ __  __ _ \ \ \ \
( ( )\___ | '_ | '_| | '_ \/ _` | \ \ \ \
 \\/  ___)| |_)| | | | | || (_| |  ) ) ) )
  '  |____| .__|_| |_|_| |_\__, | / / / /
 =========|_|==============|___/=/_/_/_/
 :: Spring Boot ::       (v1.5.19.RELEASE)

2019-02-27 16:46:34.267  INFO 11876 --- [    Test worker] c.k.h.invoice.dao.InvoiceDaoTestSuite    : Starting InvoiceDaoTestSuite on youknownothing with PID 11876 (started by winterfell in D:\nowaintelliJ4\kodilla-hibernate-2)
2019-02-27 16:46:34.269  INFO 11876 --- [    Test worker] c.k.h.invoice.dao.InvoiceDaoTestSuite    : No active profile set, falling back to default profiles: default
2019-02-27 16:46:34.334  INFO 11876 --- [    Test worker] s.c.a.AnnotationConfigApplicationContext : Refreshing org.springframework.context.annotation.AnnotationConfigApplicationContext@4c3529fa: startup date [Wed Feb 27 16:46:34 CET 2019]; root of context hierarchy
2019-02-27 16:46:37.070  INFO 11876 --- [    Test worker] j.LocalContainerEntityManagerFactoryBean : Building JPA container EntityManagerFactory for persistence unit 'default'
2019-02-27 16:46:37.118  INFO 11876 --- [    Test worker] o.hibernate.jpa.internal.util.LogHelper  : HHH000204: Processing PersistenceUnitInfo [
	name: default
	...]
2019-02-27 16:46:37.317  INFO 11876 --- [    Test worker] org.hibernate.Version                    : HHH000412: Hibernate Core {5.0.12.Final}
2019-02-27 16:46:37.320  INFO 11876 --- [    Test worker] org.hibernate.cfg.Environment            : HHH000206: hibernate.properties not found
2019-02-27 16:46:37.323  INFO 11876 --- [    Test worker] org.hibernate.cfg.Environment            : HHH000021: Bytecode provider name : javassist
2019-02-27 16:46:37.430  INFO 11876 --- [    Test worker] o.hibernate.annotations.common.Version   : HCANN000001: Hibernate Commons Annotations {5.0.1.Final}
2019-02-27 16:46:38.492  INFO 11876 --- [    Test worker] org.hibernate.dialect.Dialect            : HHH000400: Using dialect: org.hibernate.dialect.MySQL5Dialect
2019-02-27 16:46:39.568  INFO 11876 --- [    Test worker] org.hibernate.tool.hbm2ddl.SchemaUpdate  : HHH000228: Running hbm2ddl schema update
2019-02-27 16:46:40.231  INFO 11876 --- [    Test worker] o.h.h.i.QueryTranslatorFactoryInitiator  : HHH000397: Using ASTQueryTranslatorFactory
2019-02-27 16:46:40.610  INFO 11876 --- [    Test worker] j.LocalContainerEntityManagerFactoryBean : Initialized JPA EntityManagerFactory for persistence unit 'default'
2019-02-27 16:46:41.760  INFO 11876 --- [    Test worker] c.k.h.invoice.dao.InvoiceDaoTestSuite    : Started InvoiceDaoTestSuite in 8.048 seconds (JVM running for 13.89)
2019-02-27 16:46:41.855  INFO 11876 --- [    Test worker] o.s.t.c.transaction.TransactionContext   : Began transaction (1) for test context [DefaultTestContext@16dd2c00 testClass = InvoiceDaoTestSuite, testInstance = com.kodilla.hibernate.invoice.dao.InvoiceDaoTestSuite@5db2f17a, testMethod = testInvoiceDaoSave@InvoiceDaoTestSuite, testException = [null], mergedContextConfiguration = [MergedContextConfiguration@63ed5244 testClass = InvoiceDaoTestSuite, locations = '{}', classes = '{class com.kodilla.hibernate.KodillaHibernateApplication}', contextInitializerClasses = '[]', activeProfiles = '{}', propertySourceLocations = '{}', propertySourceProperties = '{org.springframework.boot.test.context.SpringBootTestContextBootstrapper=true}', contextCustomizers = set[org.springframework.boot.test.autoconfigure.properties.PropertyMappingContextCustomizer@0, org.springframework.boot.test.autoconfigure.web.servlet.WebDriverContextCustomizerFactory$Customizer@145bb0d, org.springframework.boot.test.context.SpringBootTestContextCustomizer@79a63146, org.springframework.boot.test.context.filter.ExcludeFilterContextCustomizer@714b5521, org.springframework.boot.test.json.DuplicateJsonObjectContextCustomizerFactory$DuplicateJsonObjectContextCustomizer@7a3c373b, org.springframework.boot.test.mock.mockito.MockitoContextCustomizer@0], contextLoader = 'org.springframework.boot.test.context.SpringBootContextLoader', parent = [null]]]; transaction manager [org.springframework.orm.jpa.JpaTransactionManager@4c5372d9]; rollback [true]
Hibernate: insert into invoices (number) values (?)
Hibernate: insert into products (name) values (?)
Hibernate: insert into products (name) values (?)
Hibernate: insert into products (name) values (?)
Hibernate: insert into items (invoice_id, price, product_id, quantity, value) values (?, ?, ?, ?, ?)
Hibernate: insert into items (invoice_id, price, product_id, quantity, value) values (?, ?, ?, ?, ?)
Hibernate: insert into items (invoice_id, price, product_id, quantity, value) values (?, ?, ?, ?, ?)
2019-02-27 16:46:42.283  INFO 11876 --- [    Test worker] o.s.t.c.transaction.TransactionContext   : Rolled back transaction for test: [DefaultTestContext@16dd2c00 testClass = InvoiceDaoTestSuite, testInstance = com.kodilla.hibernate.invoice.dao.InvoiceDaoTestSuite@5db2f17a, testMethod = testInvoiceDaoSave@InvoiceDaoTestSuite, testException = [null], mergedContextConfiguration = [MergedContextConfiguration@63ed5244 testClass = InvoiceDaoTestSuite, locations = '{}', classes = '{class com.kodilla.hibernate.KodillaHibernateApplication}', contextInitializerClasses = '[]', activeProfiles = '{}', propertySourceLocations = '{}', propertySourceProperties = '{org.springframework.boot.test.context.SpringBootTestContextBootstrapper=true}', contextCustomizers = set[org.springframework.boot.test.autoconfigure.properties.PropertyMappingContextCustomizer@0, org.springframework.boot.test.autoconfigure.web.servlet.WebDriverContextCustomizerFactory$Customizer@145bb0d, org.springframework.boot.test.context.SpringBootTestContextCustomizer@79a63146, org.springframework.boot.test.context.filter.ExcludeFilterContextCustomizer@714b5521, org.springframework.boot.test.json.DuplicateJsonObjectContextCustomizerFactory$DuplicateJsonObjectContextCustomizer@7a3c373b, org.springframework.boot.test.mock.mockito.MockitoContextCustomizer@0], contextLoader = 'org.springframework.boot.test.context.SpringBootContextLoader', parent = [null]]]
]]></system-out>
  <system-err><![CDATA[]]></system-err>
</testsuite>
