<?xml version="1.0" encoding="UTF-8"?>
<testsuite name="com.kodilla.hibernate.task.dao.TaskFinancialDetailsDaoTestSuite" tests="1" skipped="0" failures="0" errors="0" timestamp="2019-03-05T09:10:55" hostname="youknownothing" time="0.154">
  <properties/>
  <testcase name="testFindByPaid" classname="com.kodilla.hibernate.task.dao.TaskFinancialDetailsDaoTestSuite" time="0.154"/>
  <system-out><![CDATA[2019-03-05 10:10:55.787  INFO 14740 --- [    Test worker] .b.t.c.SpringBootTestContextBootstrapper : Neither @ContextConfiguration nor @ContextHierarchy found for test class [com.kodilla.hibernate.task.dao.TaskFinancialDetailsDaoTestSuite], using SpringBootContextLoader
2019-03-05 10:10:55.788  INFO 14740 --- [    Test worker] o.s.t.c.support.AbstractContextLoader    : Could not detect default resource locations for test class [com.kodilla.hibernate.task.dao.TaskFinancialDetailsDaoTestSuite]: no resource found for suffixes {-context.xml, Context.groovy}.
2019-03-05 10:10:55.789  INFO 14740 --- [    Test worker] t.c.s.AnnotationConfigContextLoaderUtils : Could not detect default configuration classes for test class [com.kodilla.hibernate.task.dao.TaskFinancialDetailsDaoTestSuite]: TaskFinancialDetailsDaoTestSuite does not declare any static, non-private, non-final, nested classes annotated with @Configuration.
2019-03-05 10:10:55.795  INFO 14740 --- [    Test worker] .b.t.c.SpringBootTestContextBootstrapper : Found @SpringBootConfiguration com.kodilla.hibernate.KodillaHibernateApplication for test class com.kodilla.hibernate.task.dao.TaskFinancialDetailsDaoTestSuite
2019-03-05 10:10:55.804  INFO 14740 --- [    Test worker] .b.t.c.SpringBootTestContextBootstrapper : Loaded default TestExecutionListener class names from location [META-INF/spring.factories]: [org.springframework.boot.test.autoconfigure.restdocs.RestDocsTestExecutionListener, org.springframework.boot.test.autoconfigure.web.client.MockRestServiceServerResetTestExecutionListener, org.springframework.boot.test.autoconfigure.web.servlet.MockMvcPrintOnlyOnFailureTestExecutionListener, org.springframework.boot.test.autoconfigure.web.servlet.WebDriverTestExecutionListener, org.springframework.boot.test.mock.mockito.MockitoTestExecutionListener, org.springframework.boot.test.mock.mockito.ResetMocksTestExecutionListener, org.springframework.test.context.web.ServletTestExecutionListener, org.springframework.test.context.support.DirtiesContextBeforeModesTestExecutionListener, org.springframework.test.context.support.DependencyInjectionTestExecutionListener, org.springframework.test.context.support.DirtiesContextTestExecutionListener, org.springframework.test.context.transaction.TransactionalTestExecutionListener, org.springframework.test.context.jdbc.SqlScriptsTestExecutionListener]
2019-03-05 10:10:55.804  INFO 14740 --- [    Test worker] .b.t.c.SpringBootTestContextBootstrapper : Using TestExecutionListeners: [org.springframework.test.context.support.DirtiesContextBeforeModesTestExecutionListener@1e2ac197, org.springframework.boot.test.mock.mockito.MockitoTestExecutionListener@3c451406, org.springframework.boot.test.autoconfigure.SpringBootDependencyInjectionTestExecutionListener@578f8182, org.springframework.test.context.support.DirtiesContextTestExecutionListener@18efca6c, org.springframework.test.context.transaction.TransactionalTestExecutionListener@5001869f, org.springframework.test.context.jdbc.SqlScriptsTestExecutionListener@44f04dbd, org.springframework.boot.test.autoconfigure.restdocs.RestDocsTestExecutionListener@6f585730, org.springframework.boot.test.autoconfigure.web.client.MockRestServiceServerResetTestExecutionListener@9024c1d, org.springframework.boot.test.autoconfigure.web.servlet.MockMvcPrintOnlyOnFailureTestExecutionListener@556b16dc, org.springframework.boot.test.autoconfigure.web.servlet.WebDriverTestExecutionListener@13303469, org.springframework.boot.test.mock.mockito.ResetMocksTestExecutionListener@3e7c00e8]
2019-03-05 10:10:55.838  INFO 14740 --- [    Test worker] o.s.t.c.transaction.TransactionContext   : Began transaction (1) for test context [DefaultTestContext@6ff31cd8 testClass = TaskFinancialDetailsDaoTestSuite, testInstance = com.kodilla.hibernate.task.dao.TaskFinancialDetailsDaoTestSuite@68d1eafc, testMethod = testFindByPaid@TaskFinancialDetailsDaoTestSuite, testException = [null], mergedContextConfiguration = [MergedContextConfiguration@2585d19e testClass = TaskFinancialDetailsDaoTestSuite, locations = '{}', classes = '{class com.kodilla.hibernate.KodillaHibernateApplication}', contextInitializerClasses = '[]', activeProfiles = '{}', propertySourceLocations = '{}', propertySourceProperties = '{org.springframework.boot.test.context.SpringBootTestContextBootstrapper=true}', contextCustomizers = set[org.springframework.boot.test.autoconfigure.properties.PropertyMappingContextCustomizer@0, org.springframework.boot.test.autoconfigure.web.servlet.WebDriverContextCustomizerFactory$Customizer@1df6d140, org.springframework.boot.test.context.SpringBootTestContextCustomizer@15e73ff, org.springframework.boot.test.context.filter.ExcludeFilterContextCustomizer@76deda8, org.springframework.boot.test.json.DuplicateJsonObjectContextCustomizerFactory$DuplicateJsonObjectContextCustomizer@1774ed33, org.springframework.boot.test.mock.mockito.MockitoContextCustomizer@0], contextLoader = 'org.springframework.boot.test.context.SpringBootContextLoader', parent = [null]]]; transaction manager [org.springframework.orm.jpa.JpaTransactionManager@5e4bb218]; rollback [true]
Hibernate: insert into tasks_financials (paid, price) values (?, ?)
Hibernate: select taskfinanc0_.id as id1_8_, taskfinanc0_.paid as paid2_8_, taskfinanc0_.price as price3_8_ from tasks_financials taskfinanc0_ where taskfinanc0_.paid=?
2019-03-05 10:10:55.988  INFO 14740 --- [    Test worker] o.s.t.c.transaction.TransactionContext   : Rolled back transaction for test: [DefaultTestContext@6ff31cd8 testClass = TaskFinancialDetailsDaoTestSuite, testInstance = com.kodilla.hibernate.task.dao.TaskFinancialDetailsDaoTestSuite@68d1eafc, testMethod = testFindByPaid@TaskFinancialDetailsDaoTestSuite, testException = [null], mergedContextConfiguration = [MergedContextConfiguration@2585d19e testClass = TaskFinancialDetailsDaoTestSuite, locations = '{}', classes = '{class com.kodilla.hibernate.KodillaHibernateApplication}', contextInitializerClasses = '[]', activeProfiles = '{}', propertySourceLocations = '{}', propertySourceProperties = '{org.springframework.boot.test.context.SpringBootTestContextBootstrapper=true}', contextCustomizers = set[org.springframework.boot.test.autoconfigure.properties.PropertyMappingContextCustomizer@0, org.springframework.boot.test.autoconfigure.web.servlet.WebDriverContextCustomizerFactory$Customizer@1df6d140, org.springframework.boot.test.context.SpringBootTestContextCustomizer@15e73ff, org.springframework.boot.test.context.filter.ExcludeFilterContextCustomizer@76deda8, org.springframework.boot.test.json.DuplicateJsonObjectContextCustomizerFactory$DuplicateJsonObjectContextCustomizer@1774ed33, org.springframework.boot.test.mock.mockito.MockitoContextCustomizer@0], contextLoader = 'org.springframework.boot.test.context.SpringBootContextLoader', parent = [null]]]
]]></system-out>
  <system-err><![CDATA[]]></system-err>
</testsuite>
