<?xml version="1.0" encoding="UTF-8"?>
<testsuite name="com.kodilla.hibernate.tasklist.dao.TaskListDaoTestSuite" tests="3" skipped="0" failures="0" errors="0" timestamp="2019-03-05T09:10:56" hostname="youknownothing" time="0.36">
  <properties/>
  <testcase name="testNamedQueries" classname="com.kodilla.hibernate.tasklist.dao.TaskListDaoTestSuite" time="0.185"/>
  <testcase name="testTaskListDaoSaveWithTasks" classname="com.kodilla.hibernate.tasklist.dao.TaskListDaoTestSuite" time="0.084"/>
  <testcase name="testFindByListName" classname="com.kodilla.hibernate.tasklist.dao.TaskListDaoTestSuite" time="0.084"/>
  <system-out><![CDATA[2019-03-05 10:10:55.993  INFO 14740 --- [    Test worker] .b.t.c.SpringBootTestContextBootstrapper : Neither @ContextConfiguration nor @ContextHierarchy found for test class [com.kodilla.hibernate.tasklist.dao.TaskListDaoTestSuite], using SpringBootContextLoader
2019-03-05 10:10:55.994  INFO 14740 --- [    Test worker] o.s.t.c.support.AbstractContextLoader    : Could not detect default resource locations for test class [com.kodilla.hibernate.tasklist.dao.TaskListDaoTestSuite]: no resource found for suffixes {-context.xml, Context.groovy}.
2019-03-05 10:10:55.995  INFO 14740 --- [    Test worker] t.c.s.AnnotationConfigContextLoaderUtils : Could not detect default configuration classes for test class [com.kodilla.hibernate.tasklist.dao.TaskListDaoTestSuite]: TaskListDaoTestSuite does not declare any static, non-private, non-final, nested classes annotated with @Configuration.
2019-03-05 10:10:56.016  INFO 14740 --- [    Test worker] .b.t.c.SpringBootTestContextBootstrapper : Found @SpringBootConfiguration com.kodilla.hibernate.KodillaHibernateApplication for test class com.kodilla.hibernate.tasklist.dao.TaskListDaoTestSuite
2019-03-05 10:10:56.024  INFO 14740 --- [    Test worker] .b.t.c.SpringBootTestContextBootstrapper : Loaded default TestExecutionListener class names from location [META-INF/spring.factories]: [org.springframework.boot.test.autoconfigure.restdocs.RestDocsTestExecutionListener, org.springframework.boot.test.autoconfigure.web.client.MockRestServiceServerResetTestExecutionListener, org.springframework.boot.test.autoconfigure.web.servlet.MockMvcPrintOnlyOnFailureTestExecutionListener, org.springframework.boot.test.autoconfigure.web.servlet.WebDriverTestExecutionListener, org.springframework.boot.test.mock.mockito.MockitoTestExecutionListener, org.springframework.boot.test.mock.mockito.ResetMocksTestExecutionListener, org.springframework.test.context.web.ServletTestExecutionListener, org.springframework.test.context.support.DirtiesContextBeforeModesTestExecutionListener, org.springframework.test.context.support.DependencyInjectionTestExecutionListener, org.springframework.test.context.support.DirtiesContextTestExecutionListener, org.springframework.test.context.transaction.TransactionalTestExecutionListener, org.springframework.test.context.jdbc.SqlScriptsTestExecutionListener]
2019-03-05 10:10:56.031  INFO 14740 --- [    Test worker] .b.t.c.SpringBootTestContextBootstrapper : Using TestExecutionListeners: [org.springframework.test.context.support.DirtiesContextBeforeModesTestExecutionListener@42aecd73, org.springframework.boot.test.mock.mockito.MockitoTestExecutionListener@65d9876f, org.springframework.boot.test.autoconfigure.SpringBootDependencyInjectionTestExecutionListener@4f2e124a, org.springframework.test.context.support.DirtiesContextTestExecutionListener@155c388f, org.springframework.test.context.transaction.TransactionalTestExecutionListener@21adba02, org.springframework.test.context.jdbc.SqlScriptsTestExecutionListener@866b3a7, org.springframework.boot.test.autoconfigure.restdocs.RestDocsTestExecutionListener@37e55ca3, org.springframework.boot.test.autoconfigure.web.client.MockRestServiceServerResetTestExecutionListener@43099290, org.springframework.boot.test.autoconfigure.web.servlet.MockMvcPrintOnlyOnFailureTestExecutionListener@fb85d59, org.springframework.boot.test.autoconfigure.web.servlet.WebDriverTestExecutionListener@32fe2c82, org.springframework.boot.test.mock.mockito.ResetMocksTestExecutionListener@2f637e3a]
2019-03-05 10:10:56.065  INFO 14740 --- [    Test worker] o.s.t.c.transaction.TransactionContext   : Began transaction (1) for test context [DefaultTestContext@42775e82 testClass = TaskListDaoTestSuite, testInstance = com.kodilla.hibernate.tasklist.dao.TaskListDaoTestSuite@69bbd190, testMethod = testNamedQueries@TaskListDaoTestSuite, testException = [null], mergedContextConfiguration = [MergedContextConfiguration@2071f454 testClass = TaskListDaoTestSuite, locations = '{}', classes = '{class com.kodilla.hibernate.KodillaHibernateApplication}', contextInitializerClasses = '[]', activeProfiles = '{}', propertySourceLocations = '{}', propertySourceProperties = '{org.springframework.boot.test.context.SpringBootTestContextBootstrapper=true}', contextCustomizers = set[org.springframework.boot.test.autoconfigure.properties.PropertyMappingContextCustomizer@0, org.springframework.boot.test.autoconfigure.web.servlet.WebDriverContextCustomizerFactory$Customizer@1df6d140, org.springframework.boot.test.context.SpringBootTestContextCustomizer@15e73ff, org.springframework.boot.test.context.filter.ExcludeFilterContextCustomizer@76deda8, org.springframework.boot.test.json.DuplicateJsonObjectContextCustomizerFactory$DuplicateJsonObjectContextCustomizer@1774ed33, org.springframework.boot.test.mock.mockito.MockitoContextCustomizer@0], contextLoader = 'org.springframework.boot.test.context.SpringBootContextLoader', parent = [null]]]; transaction manager [org.springframework.orm.jpa.JpaTransactionManager@5e4bb218]; rollback [true]
Hibernate: insert into tasklists (description, listname) values (?, ?)
Hibernate: insert into tasks_financials (paid, price) values (?, ?)
Hibernate: insert into tasks (created, description, duration, tasks_financials_id, tasklist_id) values (?, ?, ?, ?, ?)
Hibernate: insert into tasks_financials (paid, price) values (?, ?)
Hibernate: insert into tasks (created, description, duration, tasks_financials_id, tasklist_id) values (?, ?, ?, ?, ?)
Hibernate: insert into tasks_financials (paid, price) values (?, ?)
Hibernate: insert into tasks (created, description, duration, tasks_financials_id, tasklist_id) values (?, ?, ?, ?, ?)
Hibernate: insert into tasks_financials (paid, price) values (?, ?)
Hibernate: insert into tasks (created, description, duration, tasks_financials_id, tasklist_id) values (?, ?, ?, ?, ?)
Hibernate: select task0_.id as id1_7_, task0_.created as created2_7_, task0_.description as descript3_7_, task0_.duration as duration4_7_, task0_.tasks_financials_id as tasks_fi5_7_, task0_.tasklist_id as tasklist6_7_ from tasks task0_ where task0_.duration>10
Hibernate: select task0_.id as id1_7_, task0_.created as created2_7_, task0_.description as descript3_7_, task0_.duration as duration4_7_, task0_.tasks_financials_id as tasks_fi5_7_, task0_.tasklist_id as tasklist6_7_ from tasks task0_ where task0_.duration<=10
Hibernate: SELECT * FROM TASKS WHERE DATEDIFF(DATE_ADD(CREATED, INTERVAL DURATION DAY), NOW()) > 5
Hibernate: select task0_.id as id1_7_, task0_.created as created2_7_, task0_.description as descript3_7_, task0_.duration as duration4_7_, task0_.tasks_financials_id as tasks_fi5_7_, task0_.tasklist_id as tasklist6_7_ from tasks task0_ where task0_.duration>?
2019-03-05 10:10:56.240  INFO 14740 --- [    Test worker] o.s.t.c.transaction.TransactionContext   : Rolled back transaction for test: [DefaultTestContext@42775e82 testClass = TaskListDaoTestSuite, testInstance = com.kodilla.hibernate.tasklist.dao.TaskListDaoTestSuite@69bbd190, testMethod = testNamedQueries@TaskListDaoTestSuite, testException = [null], mergedContextConfiguration = [MergedContextConfiguration@2071f454 testClass = TaskListDaoTestSuite, locations = '{}', classes = '{class com.kodilla.hibernate.KodillaHibernateApplication}', contextInitializerClasses = '[]', activeProfiles = '{}', propertySourceLocations = '{}', propertySourceProperties = '{org.springframework.boot.test.context.SpringBootTestContextBootstrapper=true}', contextCustomizers = set[org.springframework.boot.test.autoconfigure.properties.PropertyMappingContextCustomizer@0, org.springframework.boot.test.autoconfigure.web.servlet.WebDriverContextCustomizerFactory$Customizer@1df6d140, org.springframework.boot.test.context.SpringBootTestContextCustomizer@15e73ff, org.springframework.boot.test.context.filter.ExcludeFilterContextCustomizer@76deda8, org.springframework.boot.test.json.DuplicateJsonObjectContextCustomizerFactory$DuplicateJsonObjectContextCustomizer@1774ed33, org.springframework.boot.test.mock.mockito.MockitoContextCustomizer@0], contextLoader = 'org.springframework.boot.test.context.SpringBootContextLoader', parent = [null]]]
2019-03-05 10:10:56.253  INFO 14740 --- [    Test worker] o.s.t.c.transaction.TransactionContext   : Began transaction (1) for test context [DefaultTestContext@42775e82 testClass = TaskListDaoTestSuite, testInstance = com.kodilla.hibernate.tasklist.dao.TaskListDaoTestSuite@24c6359e, testMethod = testTaskListDaoSaveWithTasks@TaskListDaoTestSuite, testException = [null], mergedContextConfiguration = [MergedContextConfiguration@2071f454 testClass = TaskListDaoTestSuite, locations = '{}', classes = '{class com.kodilla.hibernate.KodillaHibernateApplication}', contextInitializerClasses = '[]', activeProfiles = '{}', propertySourceLocations = '{}', propertySourceProperties = '{org.springframework.boot.test.context.SpringBootTestContextBootstrapper=true}', contextCustomizers = set[org.springframework.boot.test.autoconfigure.properties.PropertyMappingContextCustomizer@0, org.springframework.boot.test.autoconfigure.web.servlet.WebDriverContextCustomizerFactory$Customizer@1df6d140, org.springframework.boot.test.context.SpringBootTestContextCustomizer@15e73ff, org.springframework.boot.test.context.filter.ExcludeFilterContextCustomizer@76deda8, org.springframework.boot.test.json.DuplicateJsonObjectContextCustomizerFactory$DuplicateJsonObjectContextCustomizer@1774ed33, org.springframework.boot.test.mock.mockito.MockitoContextCustomizer@0], contextLoader = 'org.springframework.boot.test.context.SpringBootContextLoader', parent = [null]]]; transaction manager [org.springframework.orm.jpa.JpaTransactionManager@5e4bb218]; rollback [true]
Hibernate: insert into tasklists (description, listname) values (?, ?)
Hibernate: insert into tasks_financials (paid, price) values (?, ?)
Hibernate: insert into tasks (created, description, duration, tasks_financials_id, tasklist_id) values (?, ?, ?, ?, ?)
Hibernate: insert into tasks_financials (paid, price) values (?, ?)
Hibernate: insert into tasks (created, description, duration, tasks_financials_id, tasklist_id) values (?, ?, ?, ?, ?)
2019-03-05 10:10:56.330  INFO 14740 --- [    Test worker] o.s.t.c.transaction.TransactionContext   : Rolled back transaction for test: [DefaultTestContext@42775e82 testClass = TaskListDaoTestSuite, testInstance = com.kodilla.hibernate.tasklist.dao.TaskListDaoTestSuite@24c6359e, testMethod = testTaskListDaoSaveWithTasks@TaskListDaoTestSuite, testException = [null], mergedContextConfiguration = [MergedContextConfiguration@2071f454 testClass = TaskListDaoTestSuite, locations = '{}', classes = '{class com.kodilla.hibernate.KodillaHibernateApplication}', contextInitializerClasses = '[]', activeProfiles = '{}', propertySourceLocations = '{}', propertySourceProperties = '{org.springframework.boot.test.context.SpringBootTestContextBootstrapper=true}', contextCustomizers = set[org.springframework.boot.test.autoconfigure.properties.PropertyMappingContextCustomizer@0, org.springframework.boot.test.autoconfigure.web.servlet.WebDriverContextCustomizerFactory$Customizer@1df6d140, org.springframework.boot.test.context.SpringBootTestContextCustomizer@15e73ff, org.springframework.boot.test.context.filter.ExcludeFilterContextCustomizer@76deda8, org.springframework.boot.test.json.DuplicateJsonObjectContextCustomizerFactory$DuplicateJsonObjectContextCustomizer@1774ed33, org.springframework.boot.test.mock.mockito.MockitoContextCustomizer@0], contextLoader = 'org.springframework.boot.test.context.SpringBootContextLoader', parent = [null]]]
2019-03-05 10:10:56.334  INFO 14740 --- [    Test worker] o.s.t.c.transaction.TransactionContext   : Began transaction (1) for test context [DefaultTestContext@42775e82 testClass = TaskListDaoTestSuite, testInstance = com.kodilla.hibernate.tasklist.dao.TaskListDaoTestSuite@6157de20, testMethod = testFindByListName@TaskListDaoTestSuite, testException = [null], mergedContextConfiguration = [MergedContextConfiguration@2071f454 testClass = TaskListDaoTestSuite, locations = '{}', classes = '{class com.kodilla.hibernate.KodillaHibernateApplication}', contextInitializerClasses = '[]', activeProfiles = '{}', propertySourceLocations = '{}', propertySourceProperties = '{org.springframework.boot.test.context.SpringBootTestContextBootstrapper=true}', contextCustomizers = set[org.springframework.boot.test.autoconfigure.properties.PropertyMappingContextCustomizer@0, org.springframework.boot.test.autoconfigure.web.servlet.WebDriverContextCustomizerFactory$Customizer@1df6d140, org.springframework.boot.test.context.SpringBootTestContextCustomizer@15e73ff, org.springframework.boot.test.context.filter.ExcludeFilterContextCustomizer@76deda8, org.springframework.boot.test.json.DuplicateJsonObjectContextCustomizerFactory$DuplicateJsonObjectContextCustomizer@1774ed33, org.springframework.boot.test.mock.mockito.MockitoContextCustomizer@0], contextLoader = 'org.springframework.boot.test.context.SpringBootContextLoader', parent = [null]]]; transaction manager [org.springframework.orm.jpa.JpaTransactionManager@5e4bb218]; rollback [true]
Hibernate: insert into tasklists (description, listname) values (?, ?)
Hibernate: select tasklist0_.id as id1_6_, tasklist0_.description as descript2_6_, tasklist0_.listname as listname3_6_ from tasklists tasklist0_ where tasklist0_.listname=?
2019-03-05 10:10:56.416  INFO 14740 --- [    Test worker] o.s.t.c.transaction.TransactionContext   : Rolled back transaction for test: [DefaultTestContext@42775e82 testClass = TaskListDaoTestSuite, testInstance = com.kodilla.hibernate.tasklist.dao.TaskListDaoTestSuite@6157de20, testMethod = testFindByListName@TaskListDaoTestSuite, testException = [null], mergedContextConfiguration = [MergedContextConfiguration@2071f454 testClass = TaskListDaoTestSuite, locations = '{}', classes = '{class com.kodilla.hibernate.KodillaHibernateApplication}', contextInitializerClasses = '[]', activeProfiles = '{}', propertySourceLocations = '{}', propertySourceProperties = '{org.springframework.boot.test.context.SpringBootTestContextBootstrapper=true}', contextCustomizers = set[org.springframework.boot.test.autoconfigure.properties.PropertyMappingContextCustomizer@0, org.springframework.boot.test.autoconfigure.web.servlet.WebDriverContextCustomizerFactory$Customizer@1df6d140, org.springframework.boot.test.context.SpringBootTestContextCustomizer@15e73ff, org.springframework.boot.test.context.filter.ExcludeFilterContextCustomizer@76deda8, org.springframework.boot.test.json.DuplicateJsonObjectContextCustomizerFactory$DuplicateJsonObjectContextCustomizer@1774ed33, org.springframework.boot.test.mock.mockito.MockitoContextCustomizer@0], contextLoader = 'org.springframework.boot.test.context.SpringBootContextLoader', parent = [null]]]
]]></system-out>
  <system-err><![CDATA[]]></system-err>
</testsuite>
