<?xml version="1.0" encoding="UTF-8"?>
<testsuite name="com.kodilla.hibernate.task.dao.TaskFinancialDetailsDaoTestSuite" tests="1" skipped="0" failures="0" errors="0" timestamp="2019-03-21T16:45:54" hostname="youknownothing" time="0.044">
  <properties/>
  <testcase name="testFindByPaid" classname="com.kodilla.hibernate.task.dao.TaskFinancialDetailsDaoTestSuite" time="0.044"/>
  <system-out><![CDATA[2019-03-21 17:45:54.397  INFO 12680 --- [    Test worker] .b.t.c.SpringBootTestContextBootstrapper : Neither @ContextConfiguration nor @ContextHierarchy found for test class [com.kodilla.hibernate.task.dao.TaskFinancialDetailsDaoTestSuite], using SpringBootContextLoader
2019-03-21 17:45:54.398  INFO 12680 --- [    Test worker] o.s.t.c.support.AbstractContextLoader    : Could not detect default resource locations for test class [com.kodilla.hibernate.task.dao.TaskFinancialDetailsDaoTestSuite]: no resource found for suffixes {-context.xml, Context.groovy}.
2019-03-21 17:45:54.398  INFO 12680 --- [    Test worker] t.c.s.AnnotationConfigContextLoaderUtils : Could not detect default configuration classes for test class [com.kodilla.hibernate.task.dao.TaskFinancialDetailsDaoTestSuite]: TaskFinancialDetailsDaoTestSuite does not declare any static, non-private, non-final, nested classes annotated with @Configuration.
2019-03-21 17:45:54.405  INFO 12680 --- [    Test worker] .b.t.c.SpringBootTestContextBootstrapper : Found @SpringBootConfiguration com.kodilla.hibernate.KodillaHibernateApplication for test class com.kodilla.hibernate.task.dao.TaskFinancialDetailsDaoTestSuite
2019-03-21 17:45:54.412  INFO 12680 --- [    Test worker] .b.t.c.SpringBootTestContextBootstrapper : Loaded default TestExecutionListener class names from location [META-INF/spring.factories]: [org.springframework.boot.test.autoconfigure.restdocs.RestDocsTestExecutionListener, org.springframework.boot.test.autoconfigure.web.client.MockRestServiceServerResetTestExecutionListener, org.springframework.boot.test.autoconfigure.web.servlet.MockMvcPrintOnlyOnFailureTestExecutionListener, org.springframework.boot.test.autoconfigure.web.servlet.WebDriverTestExecutionListener, org.springframework.boot.test.mock.mockito.MockitoTestExecutionListener, org.springframework.boot.test.mock.mockito.ResetMocksTestExecutionListener, org.springframework.test.context.web.ServletTestExecutionListener, org.springframework.test.context.support.DirtiesContextBeforeModesTestExecutionListener, org.springframework.test.context.support.DependencyInjectionTestExecutionListener, org.springframework.test.context.support.DirtiesContextTestExecutionListener, org.springframework.test.context.transaction.TransactionalTestExecutionListener, org.springframework.test.context.jdbc.SqlScriptsTestExecutionListener]
2019-03-21 17:45:54.417  INFO 12680 --- [    Test worker] .b.t.c.SpringBootTestContextBootstrapper : Using TestExecutionListeners: [org.springframework.test.context.support.DirtiesContextBeforeModesTestExecutionListener@38a681f5, org.springframework.boot.test.mock.mockito.MockitoTestExecutionListener@54ba1519, org.springframework.boot.test.autoconfigure.SpringBootDependencyInjectionTestExecutionListener@3ede2a8b, org.springframework.test.context.support.DirtiesContextTestExecutionListener@27130b68, org.springframework.test.context.transaction.TransactionalTestExecutionListener@2bb68f56, org.springframework.test.context.jdbc.SqlScriptsTestExecutionListener@2fa045e4, org.springframework.boot.test.autoconfigure.restdocs.RestDocsTestExecutionListener@60e5b8e9, org.springframework.boot.test.autoconfigure.web.client.MockRestServiceServerResetTestExecutionListener@5f12a7d6, org.springframework.boot.test.autoconfigure.web.servlet.MockMvcPrintOnlyOnFailureTestExecutionListener@40415f5d, org.springframework.boot.test.autoconfigure.web.servlet.WebDriverTestExecutionListener@6de3add4, org.springframework.boot.test.mock.mockito.ResetMocksTestExecutionListener@200c6271]
2019-03-21 17:45:54.426  INFO 12680 --- [    Test worker] o.s.t.c.transaction.TransactionContext   : Began transaction (1) for test context [DefaultTestContext@2b05e758 testClass = TaskFinancialDetailsDaoTestSuite, testInstance = com.kodilla.hibernate.task.dao.TaskFinancialDetailsDaoTestSuite@51046542, testMethod = testFindByPaid@TaskFinancialDetailsDaoTestSuite, testException = [null], mergedContextConfiguration = [MergedContextConfiguration@6aea5db1 testClass = TaskFinancialDetailsDaoTestSuite, locations = '{}', classes = '{class com.kodilla.hibernate.KodillaHibernateApplication}', contextInitializerClasses = '[]', activeProfiles = '{}', propertySourceLocations = '{}', propertySourceProperties = '{org.springframework.boot.test.context.SpringBootTestContextBootstrapper=true}', contextCustomizers = set[org.springframework.boot.test.autoconfigure.properties.PropertyMappingContextCustomizer@0, org.springframework.boot.test.autoconfigure.web.servlet.WebDriverContextCustomizerFactory$Customizer@fe21fc5, org.springframework.boot.test.context.SpringBootTestContextCustomizer@2c243b10, org.springframework.boot.test.context.filter.ExcludeFilterContextCustomizer@755eb731, org.springframework.boot.test.json.DuplicateJsonObjectContextCustomizerFactory$DuplicateJsonObjectContextCustomizer@7f9c52d8, org.springframework.boot.test.mock.mockito.MockitoContextCustomizer@0], contextLoader = 'org.springframework.boot.test.context.SpringBootContextLoader', parent = [null]]]; transaction manager [org.springframework.orm.jpa.JpaTransactionManager@130264b8]; rollback [true]
Hibernate: insert into tasks_financials (paid, price) values (?, ?)
Hibernate: select taskfinanc0_.id as id1_8_, taskfinanc0_.paid as paid2_8_, taskfinanc0_.price as price3_8_ from tasks_financials taskfinanc0_ where taskfinanc0_.paid=?
2019-03-21 17:45:54.473  INFO 12680 --- [    Test worker] o.s.t.c.transaction.TransactionContext   : Rolled back transaction for test: [DefaultTestContext@2b05e758 testClass = TaskFinancialDetailsDaoTestSuite, testInstance = com.kodilla.hibernate.task.dao.TaskFinancialDetailsDaoTestSuite@51046542, testMethod = testFindByPaid@TaskFinancialDetailsDaoTestSuite, testException = [null], mergedContextConfiguration = [MergedContextConfiguration@6aea5db1 testClass = TaskFinancialDetailsDaoTestSuite, locations = '{}', classes = '{class com.kodilla.hibernate.KodillaHibernateApplication}', contextInitializerClasses = '[]', activeProfiles = '{}', propertySourceLocations = '{}', propertySourceProperties = '{org.springframework.boot.test.context.SpringBootTestContextBootstrapper=true}', contextCustomizers = set[org.springframework.boot.test.autoconfigure.properties.PropertyMappingContextCustomizer@0, org.springframework.boot.test.autoconfigure.web.servlet.WebDriverContextCustomizerFactory$Customizer@fe21fc5, org.springframework.boot.test.context.SpringBootTestContextCustomizer@2c243b10, org.springframework.boot.test.context.filter.ExcludeFilterContextCustomizer@755eb731, org.springframework.boot.test.json.DuplicateJsonObjectContextCustomizerFactory$DuplicateJsonObjectContextCustomizer@7f9c52d8, org.springframework.boot.test.mock.mockito.MockitoContextCustomizer@0], contextLoader = 'org.springframework.boot.test.context.SpringBootContextLoader', parent = [null]]]
]]></system-out>
  <system-err><![CDATA[]]></system-err>
</testsuite>
