<?xml version="1.0" encoding="UTF-8"?>
<testsuite name="com.kodilla.hibernate.tasklist.dao.TaskListDaoTestSuite" tests="3" skipped="0" failures="0" errors="0" timestamp="2019-03-21T16:45:54" hostname="youknownothing" time="0.506">
  <properties/>
  <testcase name="testNamedQueries" classname="com.kodilla.hibernate.tasklist.dao.TaskListDaoTestSuite" time="0.251"/>
  <testcase name="testTaskListDaoSaveWithTasks" classname="com.kodilla.hibernate.tasklist.dao.TaskListDaoTestSuite" time="0.179"/>
  <testcase name="testFindByListName" classname="com.kodilla.hibernate.tasklist.dao.TaskListDaoTestSuite" time="0.073"/>
  <system-out><![CDATA[2019-03-21 17:45:54.473  INFO 12680 --- [    Test worker] .b.t.c.SpringBootTestContextBootstrapper : Neither @ContextConfiguration nor @ContextHierarchy found for test class [com.kodilla.hibernate.tasklist.dao.TaskListDaoTestSuite], using SpringBootContextLoader
2019-03-21 17:45:54.473  INFO 12680 --- [    Test worker] o.s.t.c.support.AbstractContextLoader    : Could not detect default resource locations for test class [com.kodilla.hibernate.tasklist.dao.TaskListDaoTestSuite]: no resource found for suffixes {-context.xml, Context.groovy}.
2019-03-21 17:45:54.473  INFO 12680 --- [    Test worker] t.c.s.AnnotationConfigContextLoaderUtils : Could not detect default configuration classes for test class [com.kodilla.hibernate.tasklist.dao.TaskListDaoTestSuite]: TaskListDaoTestSuite does not declare any static, non-private, non-final, nested classes annotated with @Configuration.
2019-03-21 17:45:54.504  INFO 12680 --- [    Test worker] .b.t.c.SpringBootTestContextBootstrapper : Found @SpringBootConfiguration com.kodilla.hibernate.KodillaHibernateApplication for test class com.kodilla.hibernate.tasklist.dao.TaskListDaoTestSuite
2019-03-21 17:45:54.504  INFO 12680 --- [    Test worker] .b.t.c.SpringBootTestContextBootstrapper : Loaded default TestExecutionListener class names from location [META-INF/spring.factories]: [org.springframework.boot.test.autoconfigure.restdocs.RestDocsTestExecutionListener, org.springframework.boot.test.autoconfigure.web.client.MockRestServiceServerResetTestExecutionListener, org.springframework.boot.test.autoconfigure.web.servlet.MockMvcPrintOnlyOnFailureTestExecutionListener, org.springframework.boot.test.autoconfigure.web.servlet.WebDriverTestExecutionListener, org.springframework.boot.test.mock.mockito.MockitoTestExecutionListener, org.springframework.boot.test.mock.mockito.ResetMocksTestExecutionListener, org.springframework.test.context.web.ServletTestExecutionListener, org.springframework.test.context.support.DirtiesContextBeforeModesTestExecutionListener, org.springframework.test.context.support.DependencyInjectionTestExecutionListener, org.springframework.test.context.support.DirtiesContextTestExecutionListener, org.springframework.test.context.transaction.TransactionalTestExecutionListener, org.springframework.test.context.jdbc.SqlScriptsTestExecutionListener]
2019-03-21 17:45:54.520  INFO 12680 --- [    Test worker] .b.t.c.SpringBootTestContextBootstrapper : Using TestExecutionListeners: [org.springframework.test.context.support.DirtiesContextBeforeModesTestExecutionListener@617d3d3, org.springframework.boot.test.mock.mockito.MockitoTestExecutionListener@520900b, org.springframework.boot.test.autoconfigure.SpringBootDependencyInjectionTestExecutionListener@694d07a6, org.springframework.test.context.support.DirtiesContextTestExecutionListener@9d278e0, org.springframework.test.context.transaction.TransactionalTestExecutionListener@3163bb42, org.springframework.test.context.jdbc.SqlScriptsTestExecutionListener@30c2d5ad, org.springframework.boot.test.autoconfigure.restdocs.RestDocsTestExecutionListener@31b39424, org.springframework.boot.test.autoconfigure.web.client.MockRestServiceServerResetTestExecutionListener@2b3cff8a, org.springframework.boot.test.autoconfigure.web.servlet.MockMvcPrintOnlyOnFailureTestExecutionListener@7a9f804, org.springframework.boot.test.autoconfigure.web.servlet.WebDriverTestExecutionListener@21e03ae1, org.springframework.boot.test.mock.mockito.ResetMocksTestExecutionListener@c5f884d]
2019-03-21 17:45:54.535  INFO 12680 --- [    Test worker] o.s.t.c.transaction.TransactionContext   : Began transaction (1) for test context [DefaultTestContext@2151677 testClass = TaskListDaoTestSuite, testInstance = com.kodilla.hibernate.tasklist.dao.TaskListDaoTestSuite@182ebd7a, testMethod = testNamedQueries@TaskListDaoTestSuite, testException = [null], mergedContextConfiguration = [MergedContextConfiguration@40d3e6e3 testClass = TaskListDaoTestSuite, locations = '{}', classes = '{class com.kodilla.hibernate.KodillaHibernateApplication}', contextInitializerClasses = '[]', activeProfiles = '{}', propertySourceLocations = '{}', propertySourceProperties = '{org.springframework.boot.test.context.SpringBootTestContextBootstrapper=true}', contextCustomizers = set[org.springframework.boot.test.autoconfigure.properties.PropertyMappingContextCustomizer@0, org.springframework.boot.test.autoconfigure.web.servlet.WebDriverContextCustomizerFactory$Customizer@fe21fc5, org.springframework.boot.test.context.SpringBootTestContextCustomizer@2c243b10, org.springframework.boot.test.context.filter.ExcludeFilterContextCustomizer@755eb731, org.springframework.boot.test.json.DuplicateJsonObjectContextCustomizerFactory$DuplicateJsonObjectContextCustomizer@7f9c52d8, org.springframework.boot.test.mock.mockito.MockitoContextCustomizer@0], contextLoader = 'org.springframework.boot.test.context.SpringBootContextLoader', parent = [null]]]; transaction manager [org.springframework.orm.jpa.JpaTransactionManager@130264b8]; rollback [true]
Hibernate: insert into tasklists (description, listname) values (?, ?)
Hibernate: insert into tasks_financials (paid, price) values (?, ?)
Hibernate: insert into tasks (created, description, duration, tasks_financials_id, tasklist_id) values (?, ?, ?, ?, ?)
Hibernate: insert into tasks_financials (paid, price) values (?, ?)
Hibernate: insert into tasks (created, description, duration, tasks_financials_id, tasklist_id) values (?, ?, ?, ?, ?)
Hibernate: insert into tasks_financials (paid, price) values (?, ?)
Hibernate: insert into tasks (created, description, duration, tasks_financials_id, tasklist_id) values (?, ?, ?, ?, ?)
Hibernate: insert into tasks_financials (paid, price) values (?, ?)
Hibernate: insert into tasks (created, description, duration, tasks_financials_id, tasklist_id) values (?, ?, ?, ?, ?)
Hibernate: select task0_.id as id1_7_, task0_.created as created2_7_, task0_.description as descript3_7_, task0_.duration as duration4_7_, task0_.tasks_financials_id as tasks_fi5_7_, task0_.tasklist_id as tasklist6_7_ from tasks task0_ where task0_.duration>10
Hibernate: select task0_.id as id1_7_, task0_.created as created2_7_, task0_.description as descript3_7_, task0_.duration as duration4_7_, task0_.tasks_financials_id as tasks_fi5_7_, task0_.tasklist_id as tasklist6_7_ from tasks task0_ where task0_.duration<=10
Hibernate: SELECT * FROM TASKS WHERE DATEDIFF(DATE_ADD(CREATED, INTERVAL DURATION DAY), NOW()) > 5
Hibernate: select task0_.id as id1_7_, task0_.created as created2_7_, task0_.description as descript3_7_, task0_.duration as duration4_7_, task0_.tasks_financials_id as tasks_fi5_7_, task0_.tasklist_id as tasklist6_7_ from tasks task0_ where task0_.duration>?
2019-03-21 17:45:54.785  INFO 12680 --- [    Test worker] o.s.t.c.transaction.TransactionContext   : Rolled back transaction for test: [DefaultTestContext@2151677 testClass = TaskListDaoTestSuite, testInstance = com.kodilla.hibernate.tasklist.dao.TaskListDaoTestSuite@182ebd7a, testMethod = testNamedQueries@TaskListDaoTestSuite, testException = [null], mergedContextConfiguration = [MergedContextConfiguration@40d3e6e3 testClass = TaskListDaoTestSuite, locations = '{}', classes = '{class com.kodilla.hibernate.KodillaHibernateApplication}', contextInitializerClasses = '[]', activeProfiles = '{}', propertySourceLocations = '{}', propertySourceProperties = '{org.springframework.boot.test.context.SpringBootTestContextBootstrapper=true}', contextCustomizers = set[org.springframework.boot.test.autoconfigure.properties.PropertyMappingContextCustomizer@0, org.springframework.boot.test.autoconfigure.web.servlet.WebDriverContextCustomizerFactory$Customizer@fe21fc5, org.springframework.boot.test.context.SpringBootTestContextCustomizer@2c243b10, org.springframework.boot.test.context.filter.ExcludeFilterContextCustomizer@755eb731, org.springframework.boot.test.json.DuplicateJsonObjectContextCustomizerFactory$DuplicateJsonObjectContextCustomizer@7f9c52d8, org.springframework.boot.test.mock.mockito.MockitoContextCustomizer@0], contextLoader = 'org.springframework.boot.test.context.SpringBootContextLoader', parent = [null]]]
2019-03-21 17:45:54.785  INFO 12680 --- [    Test worker] o.s.t.c.transaction.TransactionContext   : Began transaction (1) for test context [DefaultTestContext@2151677 testClass = TaskListDaoTestSuite, testInstance = com.kodilla.hibernate.tasklist.dao.TaskListDaoTestSuite@6901b9ff, testMethod = testTaskListDaoSaveWithTasks@TaskListDaoTestSuite, testException = [null], mergedContextConfiguration = [MergedContextConfiguration@40d3e6e3 testClass = TaskListDaoTestSuite, locations = '{}', classes = '{class com.kodilla.hibernate.KodillaHibernateApplication}', contextInitializerClasses = '[]', activeProfiles = '{}', propertySourceLocations = '{}', propertySourceProperties = '{org.springframework.boot.test.context.SpringBootTestContextBootstrapper=true}', contextCustomizers = set[org.springframework.boot.test.autoconfigure.properties.PropertyMappingContextCustomizer@0, org.springframework.boot.test.autoconfigure.web.servlet.WebDriverContextCustomizerFactory$Customizer@fe21fc5, org.springframework.boot.test.context.SpringBootTestContextCustomizer@2c243b10, org.springframework.boot.test.context.filter.ExcludeFilterContextCustomizer@755eb731, org.springframework.boot.test.json.DuplicateJsonObjectContextCustomizerFactory$DuplicateJsonObjectContextCustomizer@7f9c52d8, org.springframework.boot.test.mock.mockito.MockitoContextCustomizer@0], contextLoader = 'org.springframework.boot.test.context.SpringBootContextLoader', parent = [null]]]; transaction manager [org.springframework.orm.jpa.JpaTransactionManager@130264b8]; rollback [true]
Hibernate: insert into tasklists (description, listname) values (?, ?)
Hibernate: insert into tasks_financials (paid, price) values (?, ?)
Hibernate: insert into tasks (created, description, duration, tasks_financials_id, tasklist_id) values (?, ?, ?, ?, ?)
Hibernate: insert into tasks_financials (paid, price) values (?, ?)
Hibernate: insert into tasks (created, description, duration, tasks_financials_id, tasklist_id) values (?, ?, ?, ?, ?)
2019-03-21 17:45:54.973  INFO 12680 --- [    Test worker] o.s.t.c.transaction.TransactionContext   : Rolled back transaction for test: [DefaultTestContext@2151677 testClass = TaskListDaoTestSuite, testInstance = com.kodilla.hibernate.tasklist.dao.TaskListDaoTestSuite@6901b9ff, testMethod = testTaskListDaoSaveWithTasks@TaskListDaoTestSuite, testException = [null], mergedContextConfiguration = [MergedContextConfiguration@40d3e6e3 testClass = TaskListDaoTestSuite, locations = '{}', classes = '{class com.kodilla.hibernate.KodillaHibernateApplication}', contextInitializerClasses = '[]', activeProfiles = '{}', propertySourceLocations = '{}', propertySourceProperties = '{org.springframework.boot.test.context.SpringBootTestContextBootstrapper=true}', contextCustomizers = set[org.springframework.boot.test.autoconfigure.properties.PropertyMappingContextCustomizer@0, org.springframework.boot.test.autoconfigure.web.servlet.WebDriverContextCustomizerFactory$Customizer@fe21fc5, org.springframework.boot.test.context.SpringBootTestContextCustomizer@2c243b10, org.springframework.boot.test.context.filter.ExcludeFilterContextCustomizer@755eb731, org.springframework.boot.test.json.DuplicateJsonObjectContextCustomizerFactory$DuplicateJsonObjectContextCustomizer@7f9c52d8, org.springframework.boot.test.mock.mockito.MockitoContextCustomizer@0], contextLoader = 'org.springframework.boot.test.context.SpringBootContextLoader', parent = [null]]]
2019-03-21 17:45:54.973  INFO 12680 --- [    Test worker] o.s.t.c.transaction.TransactionContext   : Began transaction (1) for test context [DefaultTestContext@2151677 testClass = TaskListDaoTestSuite, testInstance = com.kodilla.hibernate.tasklist.dao.TaskListDaoTestSuite@16bbd5ac, testMethod = testFindByListName@TaskListDaoTestSuite, testException = [null], mergedContextConfiguration = [MergedContextConfiguration@40d3e6e3 testClass = TaskListDaoTestSuite, locations = '{}', classes = '{class com.kodilla.hibernate.KodillaHibernateApplication}', contextInitializerClasses = '[]', activeProfiles = '{}', propertySourceLocations = '{}', propertySourceProperties = '{org.springframework.boot.test.context.SpringBootTestContextBootstrapper=true}', contextCustomizers = set[org.springframework.boot.test.autoconfigure.properties.PropertyMappingContextCustomizer@0, org.springframework.boot.test.autoconfigure.web.servlet.WebDriverContextCustomizerFactory$Customizer@fe21fc5, org.springframework.boot.test.context.SpringBootTestContextCustomizer@2c243b10, org.springframework.boot.test.context.filter.ExcludeFilterContextCustomizer@755eb731, org.springframework.boot.test.json.DuplicateJsonObjectContextCustomizerFactory$DuplicateJsonObjectContextCustomizer@7f9c52d8, org.springframework.boot.test.mock.mockito.MockitoContextCustomizer@0], contextLoader = 'org.springframework.boot.test.context.SpringBootContextLoader', parent = [null]]]; transaction manager [org.springframework.orm.jpa.JpaTransactionManager@130264b8]; rollback [true]
Hibernate: insert into tasklists (description, listname) values (?, ?)
Hibernate: select tasklist0_.id as id1_6_, tasklist0_.description as descript2_6_, tasklist0_.listname as listname3_6_ from tasklists tasklist0_ where tasklist0_.listname=?
2019-03-21 17:45:55.036  INFO 12680 --- [    Test worker] o.s.t.c.transaction.TransactionContext   : Rolled back transaction for test: [DefaultTestContext@2151677 testClass = TaskListDaoTestSuite, testInstance = com.kodilla.hibernate.tasklist.dao.TaskListDaoTestSuite@16bbd5ac, testMethod = testFindByListName@TaskListDaoTestSuite, testException = [null], mergedContextConfiguration = [MergedContextConfiguration@40d3e6e3 testClass = TaskListDaoTestSuite, locations = '{}', classes = '{class com.kodilla.hibernate.KodillaHibernateApplication}', contextInitializerClasses = '[]', activeProfiles = '{}', propertySourceLocations = '{}', propertySourceProperties = '{org.springframework.boot.test.context.SpringBootTestContextBootstrapper=true}', contextCustomizers = set[org.springframework.boot.test.autoconfigure.properties.PropertyMappingContextCustomizer@0, org.springframework.boot.test.autoconfigure.web.servlet.WebDriverContextCustomizerFactory$Customizer@fe21fc5, org.springframework.boot.test.context.SpringBootTestContextCustomizer@2c243b10, org.springframework.boot.test.context.filter.ExcludeFilterContextCustomizer@755eb731, org.springframework.boot.test.json.DuplicateJsonObjectContextCustomizerFactory$DuplicateJsonObjectContextCustomizer@7f9c52d8, org.springframework.boot.test.mock.mockito.MockitoContextCustomizer@0], contextLoader = 'org.springframework.boot.test.context.SpringBootContextLoader', parent = [null]]]
]]></system-out>
  <system-err><![CDATA[]]></system-err>
</testsuite>
