<?xml version="1.0" encoding="UTF-8"?>
<testsuite name="com.kodilla.hibernate.manytomany.dao.CompanyDaoTestSuite" tests="3" skipped="0" failures="0" errors="0" timestamp="2019-03-21T16:45:53" hostname="youknownothing" time="0.749">
  <properties/>
  <testcase name="testFindEmployee" classname="com.kodilla.hibernate.manytomany.dao.CompanyDaoTestSuite" time="0.196"/>
  <testcase name="testSaveManyToMany" classname="com.kodilla.hibernate.manytomany.dao.CompanyDaoTestSuite" time="0.416"/>
  <testcase name="testFindCompany" classname="com.kodilla.hibernate.manytomany.dao.CompanyDaoTestSuite" time="0.129"/>
  <system-out><![CDATA[2019-03-21 17:45:52.970  INFO 12680 --- [    Test worker] .b.t.c.SpringBootTestContextBootstrapper : Neither @ContextConfiguration nor @ContextHierarchy found for test class [com.kodilla.hibernate.manytomany.dao.CompanyDaoTestSuite], using SpringBootContextLoader
2019-03-21 17:45:52.970  INFO 12680 --- [    Test worker] o.s.t.c.support.AbstractContextLoader    : Could not detect default resource locations for test class [com.kodilla.hibernate.manytomany.dao.CompanyDaoTestSuite]: no resource found for suffixes {-context.xml, Context.groovy}.
2019-03-21 17:45:52.970  INFO 12680 --- [    Test worker] t.c.s.AnnotationConfigContextLoaderUtils : Could not detect default configuration classes for test class [com.kodilla.hibernate.manytomany.dao.CompanyDaoTestSuite]: CompanyDaoTestSuite does not declare any static, non-private, non-final, nested classes annotated with @Configuration.
2019-03-21 17:45:53.001  INFO 12680 --- [    Test worker] .b.t.c.SpringBootTestContextBootstrapper : Found @SpringBootConfiguration com.kodilla.hibernate.KodillaHibernateApplication for test class com.kodilla.hibernate.manytomany.dao.CompanyDaoTestSuite
2019-03-21 17:45:53.001  INFO 12680 --- [    Test worker] .b.t.c.SpringBootTestContextBootstrapper : Loaded default TestExecutionListener class names from location [META-INF/spring.factories]: [org.springframework.boot.test.autoconfigure.restdocs.RestDocsTestExecutionListener, org.springframework.boot.test.autoconfigure.web.client.MockRestServiceServerResetTestExecutionListener, org.springframework.boot.test.autoconfigure.web.servlet.MockMvcPrintOnlyOnFailureTestExecutionListener, org.springframework.boot.test.autoconfigure.web.servlet.WebDriverTestExecutionListener, org.springframework.boot.test.mock.mockito.MockitoTestExecutionListener, org.springframework.boot.test.mock.mockito.ResetMocksTestExecutionListener, org.springframework.test.context.web.ServletTestExecutionListener, org.springframework.test.context.support.DirtiesContextBeforeModesTestExecutionListener, org.springframework.test.context.support.DependencyInjectionTestExecutionListener, org.springframework.test.context.support.DirtiesContextTestExecutionListener, org.springframework.test.context.transaction.TransactionalTestExecutionListener, org.springframework.test.context.jdbc.SqlScriptsTestExecutionListener]
2019-03-21 17:45:53.016  INFO 12680 --- [    Test worker] .b.t.c.SpringBootTestContextBootstrapper : Using TestExecutionListeners: [org.springframework.test.context.support.DirtiesContextBeforeModesTestExecutionListener@12f134d9, org.springframework.boot.test.mock.mockito.MockitoTestExecutionListener@22023a34, org.springframework.boot.test.autoconfigure.SpringBootDependencyInjectionTestExecutionListener@4709bc16, org.springframework.test.context.support.DirtiesContextTestExecutionListener@529ec5f5, org.springframework.test.context.transaction.TransactionalTestExecutionListener@49d26483, org.springframework.test.context.jdbc.SqlScriptsTestExecutionListener@7a322417, org.springframework.boot.test.autoconfigure.restdocs.RestDocsTestExecutionListener@70d1ce4b, org.springframework.boot.test.autoconfigure.web.client.MockRestServiceServerResetTestExecutionListener@54c41cc9, org.springframework.boot.test.autoconfigure.web.servlet.MockMvcPrintOnlyOnFailureTestExecutionListener@ee88cae, org.springframework.boot.test.autoconfigure.web.servlet.WebDriverTestExecutionListener@651103f8, org.springframework.boot.test.mock.mockito.ResetMocksTestExecutionListener@1b4c2a87]
2019-03-21 17:45:53.048  INFO 12680 --- [    Test worker] o.s.t.c.transaction.TransactionContext   : Began transaction (1) for test context [DefaultTestContext@24df2f78 testClass = CompanyDaoTestSuite, testInstance = com.kodilla.hibernate.manytomany.dao.CompanyDaoTestSuite@1e2fa995, testMethod = testFindEmployee@CompanyDaoTestSuite, testException = [null], mergedContextConfiguration = [MergedContextConfiguration@6f9a5f73 testClass = CompanyDaoTestSuite, locations = '{}', classes = '{class com.kodilla.hibernate.KodillaHibernateApplication}', contextInitializerClasses = '[]', activeProfiles = '{}', propertySourceLocations = '{}', propertySourceProperties = '{org.springframework.boot.test.context.SpringBootTestContextBootstrapper=true}', contextCustomizers = set[org.springframework.boot.test.autoconfigure.properties.PropertyMappingContextCustomizer@0, org.springframework.boot.test.autoconfigure.web.servlet.WebDriverContextCustomizerFactory$Customizer@fe21fc5, org.springframework.boot.test.context.SpringBootTestContextCustomizer@2c243b10, org.springframework.boot.test.context.filter.ExcludeFilterContextCustomizer@755eb731, org.springframework.boot.test.json.DuplicateJsonObjectContextCustomizerFactory$DuplicateJsonObjectContextCustomizer@7f9c52d8, org.springframework.boot.test.mock.mockito.MockitoContextCustomizer@0], contextLoader = 'org.springframework.boot.test.context.SpringBootContextLoader', parent = [null]]]; transaction manager [org.springframework.orm.jpa.JpaTransactionManager@130264b8]; rollback [true]
Hibernate: insert into employees (firstname, lastname) values (?, ?)
Hibernate: insert into employees (firstname, lastname) values (?, ?)
Hibernate: insert into employees (firstname, lastname) values (?, ?)
Hibernate: insert into employees (firstname, lastname) values (?, ?)
Hibernate: select employee0_.employee_id as employee1_1_, employee0_.firstname as firstnam2_1_, employee0_.lastname as lastname3_1_ from employees employee0_ where employee0_.lastname=?
2019-03-21 17:45:53.235  INFO 12680 --- [    Test worker] o.s.t.c.transaction.TransactionContext   : Rolled back transaction for test: [DefaultTestContext@24df2f78 testClass = CompanyDaoTestSuite, testInstance = com.kodilla.hibernate.manytomany.dao.CompanyDaoTestSuite@1e2fa995, testMethod = testFindEmployee@CompanyDaoTestSuite, testException = [null], mergedContextConfiguration = [MergedContextConfiguration@6f9a5f73 testClass = CompanyDaoTestSuite, locations = '{}', classes = '{class com.kodilla.hibernate.KodillaHibernateApplication}', contextInitializerClasses = '[]', activeProfiles = '{}', propertySourceLocations = '{}', propertySourceProperties = '{org.springframework.boot.test.context.SpringBootTestContextBootstrapper=true}', contextCustomizers = set[org.springframework.boot.test.autoconfigure.properties.PropertyMappingContextCustomizer@0, org.springframework.boot.test.autoconfigure.web.servlet.WebDriverContextCustomizerFactory$Customizer@fe21fc5, org.springframework.boot.test.context.SpringBootTestContextCustomizer@2c243b10, org.springframework.boot.test.context.filter.ExcludeFilterContextCustomizer@755eb731, org.springframework.boot.test.json.DuplicateJsonObjectContextCustomizerFactory$DuplicateJsonObjectContextCustomizer@7f9c52d8, org.springframework.boot.test.mock.mockito.MockitoContextCustomizer@0], contextLoader = 'org.springframework.boot.test.context.SpringBootContextLoader', parent = [null]]]
2019-03-21 17:45:53.251  INFO 12680 --- [    Test worker] o.s.t.c.transaction.TransactionContext   : Began transaction (1) for test context [DefaultTestContext@24df2f78 testClass = CompanyDaoTestSuite, testInstance = com.kodilla.hibernate.manytomany.dao.CompanyDaoTestSuite@c6b606a, testMethod = testSaveManyToMany@CompanyDaoTestSuite, testException = [null], mergedContextConfiguration = [MergedContextConfiguration@6f9a5f73 testClass = CompanyDaoTestSuite, locations = '{}', classes = '{class com.kodilla.hibernate.KodillaHibernateApplication}', contextInitializerClasses = '[]', activeProfiles = '{}', propertySourceLocations = '{}', propertySourceProperties = '{org.springframework.boot.test.context.SpringBootTestContextBootstrapper=true}', contextCustomizers = set[org.springframework.boot.test.autoconfigure.properties.PropertyMappingContextCustomizer@0, org.springframework.boot.test.autoconfigure.web.servlet.WebDriverContextCustomizerFactory$Customizer@fe21fc5, org.springframework.boot.test.context.SpringBootTestContextCustomizer@2c243b10, org.springframework.boot.test.context.filter.ExcludeFilterContextCustomizer@755eb731, org.springframework.boot.test.json.DuplicateJsonObjectContextCustomizerFactory$DuplicateJsonObjectContextCustomizer@7f9c52d8, org.springframework.boot.test.mock.mockito.MockitoContextCustomizer@0], contextLoader = 'org.springframework.boot.test.context.SpringBootContextLoader', parent = [null]]]; transaction manager [org.springframework.orm.jpa.JpaTransactionManager@130264b8]; rollback [true]
Hibernate: insert into companies (company_name) values (?)
Hibernate: insert into employees (firstname, lastname) values (?, ?)
Hibernate: insert into companies (company_name) values (?)
Hibernate: insert into employees (firstname, lastname) values (?, ?)
Hibernate: insert into companies (company_name) values (?)
Hibernate: insert into employees (firstname, lastname) values (?, ?)
2019-03-21 17:45:53.651  INFO 12680 --- [    Test worker] o.s.t.c.transaction.TransactionContext   : Rolled back transaction for test: [DefaultTestContext@24df2f78 testClass = CompanyDaoTestSuite, testInstance = com.kodilla.hibernate.manytomany.dao.CompanyDaoTestSuite@c6b606a, testMethod = testSaveManyToMany@CompanyDaoTestSuite, testException = [null], mergedContextConfiguration = [MergedContextConfiguration@6f9a5f73 testClass = CompanyDaoTestSuite, locations = '{}', classes = '{class com.kodilla.hibernate.KodillaHibernateApplication}', contextInitializerClasses = '[]', activeProfiles = '{}', propertySourceLocations = '{}', propertySourceProperties = '{org.springframework.boot.test.context.SpringBootTestContextBootstrapper=true}', contextCustomizers = set[org.springframework.boot.test.autoconfigure.properties.PropertyMappingContextCustomizer@0, org.springframework.boot.test.autoconfigure.web.servlet.WebDriverContextCustomizerFactory$Customizer@fe21fc5, org.springframework.boot.test.context.SpringBootTestContextCustomizer@2c243b10, org.springframework.boot.test.context.filter.ExcludeFilterContextCustomizer@755eb731, org.springframework.boot.test.json.DuplicateJsonObjectContextCustomizerFactory$DuplicateJsonObjectContextCustomizer@7f9c52d8, org.springframework.boot.test.mock.mockito.MockitoContextCustomizer@0], contextLoader = 'org.springframework.boot.test.context.SpringBootContextLoader', parent = [null]]]
2019-03-21 17:45:53.666  INFO 12680 --- [    Test worker] o.s.t.c.transaction.TransactionContext   : Began transaction (1) for test context [DefaultTestContext@24df2f78 testClass = CompanyDaoTestSuite, testInstance = com.kodilla.hibernate.manytomany.dao.CompanyDaoTestSuite@2f9e10eb, testMethod = testFindCompany@CompanyDaoTestSuite, testException = [null], mergedContextConfiguration = [MergedContextConfiguration@6f9a5f73 testClass = CompanyDaoTestSuite, locations = '{}', classes = '{class com.kodilla.hibernate.KodillaHibernateApplication}', contextInitializerClasses = '[]', activeProfiles = '{}', propertySourceLocations = '{}', propertySourceProperties = '{org.springframework.boot.test.context.SpringBootTestContextBootstrapper=true}', contextCustomizers = set[org.springframework.boot.test.autoconfigure.properties.PropertyMappingContextCustomizer@0, org.springframework.boot.test.autoconfigure.web.servlet.WebDriverContextCustomizerFactory$Customizer@fe21fc5, org.springframework.boot.test.context.SpringBootTestContextCustomizer@2c243b10, org.springframework.boot.test.context.filter.ExcludeFilterContextCustomizer@755eb731, org.springframework.boot.test.json.DuplicateJsonObjectContextCustomizerFactory$DuplicateJsonObjectContextCustomizer@7f9c52d8, org.springframework.boot.test.mock.mockito.MockitoContextCustomizer@0], contextLoader = 'org.springframework.boot.test.context.SpringBootContextLoader', parent = [null]]]; transaction manager [org.springframework.orm.jpa.JpaTransactionManager@130264b8]; rollback [true]
Hibernate: insert into companies (company_name) values (?)
Hibernate: insert into companies (company_name) values (?)
Hibernate: insert into companies (company_name) values (?)
Hibernate: SELECT * FROM COMPANIES WHERE COMPANY_NAME LIKE CONCAT ('%', ?, '%')
2019-03-21 17:45:53.786  INFO 12680 --- [    Test worker] o.s.t.c.transaction.TransactionContext   : Rolled back transaction for test: [DefaultTestContext@24df2f78 testClass = CompanyDaoTestSuite, testInstance = com.kodilla.hibernate.manytomany.dao.CompanyDaoTestSuite@2f9e10eb, testMethod = testFindCompany@CompanyDaoTestSuite, testException = [null], mergedContextConfiguration = [MergedContextConfiguration@6f9a5f73 testClass = CompanyDaoTestSuite, locations = '{}', classes = '{class com.kodilla.hibernate.KodillaHibernateApplication}', contextInitializerClasses = '[]', activeProfiles = '{}', propertySourceLocations = '{}', propertySourceProperties = '{org.springframework.boot.test.context.SpringBootTestContextBootstrapper=true}', contextCustomizers = set[org.springframework.boot.test.autoconfigure.properties.PropertyMappingContextCustomizer@0, org.springframework.boot.test.autoconfigure.web.servlet.WebDriverContextCustomizerFactory$Customizer@fe21fc5, org.springframework.boot.test.context.SpringBootTestContextCustomizer@2c243b10, org.springframework.boot.test.context.filter.ExcludeFilterContextCustomizer@755eb731, org.springframework.boot.test.json.DuplicateJsonObjectContextCustomizerFactory$DuplicateJsonObjectContextCustomizer@7f9c52d8, org.springframework.boot.test.mock.mockito.MockitoContextCustomizer@0], contextLoader = 'org.springframework.boot.test.context.SpringBootContextLoader', parent = [null]]]
]]></system-out>
  <system-err><![CDATA[]]></system-err>
</testsuite>
