<?xml version="1.0" encoding="UTF-8"?>
<testsuite name="com.kodilla.patterns.strategy.social.UserTestSuite" tests="2" skipped="0" failures="0" errors="0" timestamp="2018-12-10T18:30:00" hostname="youknownothing" time="0.004">
  <properties/>
  <testcase name="testDefaultSharingStrategies" classname="com.kodilla.patterns.strategy.social.UserTestSuite" time="0.003"/>
  <testcase name="testIndividualSharingStrategy" classname="com.kodilla.patterns.strategy.social.UserTestSuite" time="0.0"/>
  <system-out><![CDATA[Mike wants to share with: Facebook
Jane wants to share with: Twitter
Frank wants to share with: Snapchat
Mike wants to share with: Facebook
Mike now wants to share with: Twitter
]]></system-out>
  <system-err><![CDATA[]]></system-err>
</testsuite>
