<?xml version="1.0" encoding="UTF-8"?>
<testsuite name="com.kodilla.patterns.singleton.LoggerTestSuite" tests="1" skipped="0" failures="0" errors="0" timestamp="2018-12-10T18:30:00" hostname="youknownothing" time="0.002">
  <properties/>
  <testcase name="testGetLastLog" classname="com.kodilla.patterns.singleton.LoggerTestSuite" time="0.002"/>
  <system-out><![CDATA[Log: [bbbb]
]]></system-out>
  <system-err><![CDATA[]]></system-err>
</testsuite>
