<?xml version="1.0" encoding="UTF-8"?>
<testsuite name="com.kodilla.jdbc.StoredProcTestSuite" tests="2" skipped="0" failures="0" errors="0" timestamp="2019-03-25T17:47:54" hostname="youknownothing" time="2.336">
  <properties/>
  <testcase name="testUpdateBestsellers" classname="com.kodilla.jdbc.StoredProcTestSuite" time="1.142"/>
  <testcase name="testUpdateVipLevels" classname="com.kodilla.jdbc.StoredProcTestSuite" time="1.193"/>
  <system-out><![CDATA[]]></system-out>
  <system-err><![CDATA[]]></system-err>
</testsuite>
